2025-10-02 12:30:38.400 [info] Reading sessions from keychain...
2025-10-02 12:30:38.400 [info] Getting sessions for all scopes...
2025-10-02 12:30:42.087 [info] Got 0 sessions for ...
2025-10-02 12:30:42.089 [info] Getting sessions for all scopes...
2025-10-02 12:30:42.089 [info] Got 0 sessions for ...
2025-10-02 12:30:42.089 [info] Getting sessions for all scopes...
2025-10-02 12:30:42.089 [info] Got 0 sessions for ...
2025-10-02 12:30:42.090 [info] Getting sessions for all scopes...
2025-10-02 12:30:42.090 [info] Got 0 sessions for ...
2025-10-02 12:30:42.090 [info] Getting sessions for all scopes...
2025-10-02 12:30:42.090 [info] Got 0 sessions for ...
2025-10-02 12:30:42.092 [info] Getting sessions for all scopes...
2025-10-02 12:30:42.092 [info] Got 0 sessions for ...
2025-10-02 12:30:42.093 [info] Getting sessions for all scopes...
2025-10-02 12:30:42.093 [info] Got 0 sessions for ...
2025-10-02 12:30:42.093 [info] Getting sessions for all scopes...
2025-10-02 12:30:42.093 [info] Got 0 sessions for ...
2025-10-02 12:30:42.093 [info] Getting sessions for all scopes...
2025-10-02 12:30:42.093 [info] Got 0 sessions for ...
2025-10-02 12:31:00.777 [info] Getting sessions for all scopes...
2025-10-02 12:31:00.777 [info] Got 0 sessions for ...
2025-10-02 12:31:01.223 [info] Getting sessions for all scopes...
2025-10-02 12:31:01.223 [info] Got 0 sessions for ...
2025-10-02 12:31:01.224 [info] Getting sessions for all scopes...
2025-10-02 12:31:01.224 [info] Got 0 sessions for ...
2025-10-02 12:31:01.224 [info] Getting sessions for all scopes...
2025-10-02 12:31:01.224 [info] Got 0 sessions for ...
2025-10-02 12:31:01.247 [info] Getting sessions for all scopes...
2025-10-02 12:31:01.247 [info] Got 0 sessions for ...
2025-10-02 12:31:01.248 [info] Getting sessions for all scopes...
2025-10-02 12:31:01.248 [info] Got 0 sessions for ...
2025-10-02 12:31:01.248 [info] Getting sessions for all scopes...
2025-10-02 12:31:01.248 [info] Got 0 sessions for ...
2025-10-02 12:31:13.635 [info] Reading sessions from keychain...
2025-10-02 12:31:13.635 [info] Getting sessions for all scopes...
2025-10-02 12:31:13.635 [info] Got 0 sessions for ...
2025-10-02 12:31:13.635 [info] Getting sessions for all scopes...
2025-10-02 12:31:13.635 [info] Got 0 sessions for ...
2025-10-02 12:31:13.635 [info] Getting sessions for all scopes...
2025-10-02 12:31:13.635 [info] Got 0 sessions for ...
2025-10-02 12:31:13.635 [info] Getting sessions for all scopes...
2025-10-02 12:31:13.635 [info] Got 0 sessions for ...
2025-10-02 12:31:13.635 [info] Getting sessions for all scopes...
2025-10-02 12:31:13.635 [info] Got 0 sessions for ...
2025-10-02 12:31:13.635 [info] Getting sessions for all scopes...
2025-10-02 12:31:13.635 [info] Got 0 sessions for ...
2025-10-02 12:31:13.636 [info] Getting sessions for all scopes...
2025-10-02 12:31:13.636 [info] Got 0 sessions for ...
2025-10-02 12:31:13.636 [info] Getting sessions for all scopes...
2025-10-02 12:31:13.636 [info] Got 0 sessions for ...
2025-10-02 12:31:13.636 [info] Getting sessions for all scopes...
2025-10-02 12:31:13.636 [info] Got 0 sessions for ...
2025-10-02 12:31:13.636 [info] Getting sessions for all scopes...
2025-10-02 12:31:13.636 [info] Got 0 sessions for ...
2025-10-02 12:31:13.636 [info] Getting sessions for all scopes...
2025-10-02 12:31:13.636 [info] Got 0 sessions for ...
2025-10-02 12:31:13.636 [info] Getting sessions for all scopes...
2025-10-02 12:31:13.636 [info] Got 0 sessions for ...
2025-10-02 12:31:13.636 [info] Getting sessions for all scopes...
2025-10-02 12:31:13.636 [info] Got 0 sessions for ...
2025-10-02 12:31:13.636 [info] Getting sessions for all scopes...
2025-10-02 12:31:13.636 [info] Got 0 sessions for ...
2025-10-02 12:31:13.636 [info] Getting sessions for all scopes...
2025-10-02 12:31:13.636 [info] Got 0 sessions for ...
2025-10-02 12:31:13.636 [info] Getting sessions for all scopes...
2025-10-02 12:31:13.636 [info] Got 0 sessions for ...
2025-10-02 12:31:13.636 [info] Getting sessions for all scopes...
2025-10-02 12:31:13.636 [info] Got 0 sessions for ...
2025-10-02 12:31:13.636 [info] Getting sessions for user:email...
2025-10-02 12:31:13.636 [info] Got 0 sessions for user:email...
2025-10-02 12:31:13.654 [info] Getting sessions for read:user,repo,user:email,workflow...
2025-10-02 12:31:13.654 [info] Got 0 sessions for read:user,repo,user:email,workflow...
2025-10-02 12:31:23.188 [info] Getting sessions for all scopes...
2025-10-02 12:31:23.189 [info] Got 0 sessions for ...
2025-10-02 12:31:23.189 [info] Getting sessions for all scopes...
2025-10-02 12:31:23.189 [info] Got 0 sessions for ...
2025-10-02 12:31:23.215 [info] Getting sessions for all scopes...
2025-10-02 12:31:23.215 [info] Got 0 sessions for ...
2025-10-02 12:31:23.279 [info] Getting sessions for all scopes...
2025-10-02 12:31:23.279 [info] Got 0 sessions for ...
2025-10-02 12:31:23.285 [info] Getting sessions for all scopes...
2025-10-02 12:31:23.285 [info] Got 0 sessions for ...
2025-10-02 12:31:23.289 [info] Getting sessions for all scopes...
2025-10-02 12:31:23.289 [info] Got 0 sessions for ...
2025-10-02 12:31:24.243 [info] Getting sessions for user:email...
2025-10-02 12:31:24.243 [info] Got 0 sessions for user:email...
2025-10-02 12:31:24.244 [info] Getting sessions for all scopes...
2025-10-02 12:31:24.244 [info] Got 0 sessions for ...
2025-10-02 12:31:26.596 [info] Getting sessions for all scopes...
2025-10-02 12:31:26.597 [info] Got 0 sessions for ...
2025-10-02 12:31:26.609 [info] Getting sessions for read:user,repo,user:email,workflow...
2025-10-02 12:31:26.610 [info] Got 0 sessions for read:user,repo,user:email,workflow...
2025-10-02 12:31:26.611 [info] Getting sessions for all scopes...
2025-10-02 12:31:26.611 [info] Got 0 sessions for ...
2025-10-02 12:31:26.654 [info] Getting sessions for all scopes...
2025-10-02 12:31:26.654 [info] Got 0 sessions for ...
2025-10-02 12:31:26.701 [info] Getting sessions for read:user...
2025-10-02 12:31:26.701 [info] Got 0 sessions for read:user...
2025-10-02 12:31:26.702 [info] Getting sessions for user:email...
2025-10-02 12:31:26.702 [info] Got 0 sessions for user:email...
2025-10-02 12:31:27.031 [info] Getting sessions for user:email...
2025-10-02 12:31:27.031 [info] Got 0 sessions for user:email...
2025-10-02 12:31:27.046 [info] Getting sessions for all scopes...
2025-10-02 12:31:27.046 [info] Got 0 sessions for ...
2025-10-02 12:31:28.624 [info] Getting sessions for user:email...
2025-10-02 12:31:28.625 [info] Got 0 sessions for user:email...
2025-10-02 12:31:28.669 [info] Getting sessions for all scopes...
2025-10-02 12:31:28.669 [info] Got 0 sessions for ...
2025-10-02 12:31:28.732 [info] Getting sessions for user:email...
2025-10-02 12:31:28.732 [info] Got 0 sessions for user:email...
2025-10-02 12:31:28.740 [info] Getting sessions for all scopes...
2025-10-02 12:31:28.744 [info] Got 0 sessions for ...
2025-10-02 12:31:28.757 [info] Getting sessions for user:email...
2025-10-02 12:31:28.757 [info] Got 0 sessions for user:email...
2025-10-02 12:31:28.785 [info] Getting sessions for all scopes...
2025-10-02 12:31:28.785 [info] Got 0 sessions for ...
2025-10-02 12:31:28.799 [info] Getting sessions for user:email...
2025-10-02 12:31:28.799 [info] Got 0 sessions for user:email...
2025-10-02 12:31:28.802 [info] Getting sessions for all scopes...
2025-10-02 12:31:28.802 [info] Got 0 sessions for ...
2025-10-02 12:31:28.807 [info] Getting sessions for user:email...
2025-10-02 12:31:28.807 [info] Got 0 sessions for user:email...
2025-10-02 12:31:28.828 [info] Getting sessions for all scopes...
2025-10-02 12:31:28.828 [info] Got 0 sessions for ...
2025-10-02 12:31:28.837 [info] Getting sessions for all scopes...
2025-10-02 12:31:28.837 [info] Got 0 sessions for ...
2025-10-02 12:48:25.234 [info] Getting sessions for read:user,repo,user:email,workflow...
2025-10-02 12:48:25.238 [info] Got 0 sessions for read:user,repo,user:email,workflow...
2025-10-02 12:48:33.618 [info] Getting sessions for read:user,repo,user:email,workflow...
2025-10-02 12:48:33.618 [info] Got 0 sessions for read:user,repo,user:email,workflow...
2025-10-02 12:48:35.368 [info] Logging in with 'any' account...
2025-10-02 12:48:35.369 [info] Logging in for the following scopes: read:user repo user:email workflow
2025-10-02 12:48:35.494 [info] Trying with local server... (read:user repo user:email workflow)
2025-10-02 12:48:43.288 [info] Exchanging code for token...
2025-10-02 12:48:44.041 [info] fetching: Electron fetch succeeded (JSON)
2025-10-02 12:48:44.041 [info] Token exchange success!
2025-10-02 12:48:44.056 [info] Getting user info...
2025-10-02 12:48:44.727 [info] Got account info!
2025-10-02 12:48:44.732 [info] Storing 1 sessions...
2025-10-02 12:48:44.764 [info] Reading sessions from keychain...
2025-10-02 12:48:44.765 [info] Stored 1 sessions!
2025-10-02 12:48:44.776 [info] Login success!
2025-10-02 12:48:44.784 [info] Got stored sessions!
2025-10-02 12:48:44.786 [info] Got 1 verified sessions.
2025-10-02 12:48:44.791 [info] Getting sessions for all scopes...
2025-10-02 12:48:44.791 [info] Got 1 sessions for ...
2025-10-02 12:48:44.847 [info] Getting sessions for all scopes...
2025-10-02 12:48:44.847 [info] Got 1 sessions for ...
2025-10-02 12:48:44.848 [info] Getting sessions for all scopes...
2025-10-02 12:48:44.848 [info] Got 1 sessions for ...
2025-10-02 12:48:44.860 [info] Getting sessions for all scopes...
2025-10-02 12:48:44.860 [info] Got 1 sessions for ...
2025-10-02 12:48:44.880 [info] Getting sessions for all scopes...
2025-10-02 12:48:44.880 [info] Got 1 sessions for ...
2025-10-02 12:48:44.881 [info] Getting sessions for all scopes...
2025-10-02 12:48:44.881 [info] Got 1 sessions for ...
2025-10-02 12:48:44.881 [info] Getting sessions for all scopes...
2025-10-02 12:48:44.881 [info] Got 1 sessions for ...
2025-10-02 12:48:44.910 [info] Getting sessions for read:user,repo,user:email,workflow...
2025-10-02 12:48:44.910 [info] Got 1 sessions for read:user,repo,user:email,workflow...
2025-10-02 12:48:44.915 [info] Getting sessions for all scopes...
2025-10-02 12:48:44.915 [info] Got 1 sessions for ...
2025-10-02 12:48:45.505 [info] Getting sessions for read:user,repo,user:email,workflow...
2025-10-02 12:48:45.505 [info] Got 1 sessions for read:user,repo,user:email,workflow...
2025-10-02 12:48:45.535 [info] Getting sessions for all scopes...
2025-10-02 12:48:45.535 [info] Got 1 sessions for ...
2025-10-02 12:48:45.639 [info] Getting sessions for read:user,repo,user:email,workflow...
2025-10-02 12:48:45.639 [info] Got 1 sessions for read:user,repo,user:email,workflow...
2025-10-02 12:48:45.644 [info] Getting sessions for all scopes...
2025-10-02 12:48:45.645 [info] Got 1 sessions for ...
2025-10-02 12:48:45.657 [info] Getting sessions for read:user,repo,user:email,workflow...
2025-10-02 12:48:45.657 [info] Got 1 sessions for read:user,repo,user:email,workflow...
2025-10-02 12:48:47.771 [info] Getting sessions for all scopes...
2025-10-02 12:48:47.772 [info] Got 1 sessions for ...
2025-10-02 12:48:47.777 [info] Getting sessions for all scopes...
2025-10-02 12:48:47.777 [info] Got 1 sessions for ...
2025-10-02 12:48:48.457 [info] Getting sessions for read:user,repo,user:email,workflow...
2025-10-02 12:48:48.457 [info] Got 1 sessions for read:user,repo,user:email,workflow...
2025-10-02 12:48:48.499 [info] Getting sessions for all scopes...
2025-10-02 12:48:48.499 [info] Got 1 sessions for ...
2025-10-02 12:48:48.512 [info] Getting sessions for read:user,repo,user:email,workflow...
2025-10-02 12:48:48.512 [info] Got 1 sessions for read:user,repo,user:email,workflow...
2025-10-02 12:48:49.579 [info] Getting sessions for all scopes...
2025-10-02 12:48:49.579 [info] Got 1 sessions for ...
2025-10-02 12:48:49.820 [info] Getting sessions for all scopes...
2025-10-02 12:48:49.820 [info] Got 1 sessions for ...
2025-10-02 12:48:50.268 [info] Getting sessions for read:user,repo,user:email,workflow...
2025-10-02 12:48:50.268 [info] Got 1 sessions for read:user,repo,user:email,workflow...
2025-10-02 12:52:45.229 [info] Getting sessions for read:user,repo,user:email,workflow...
2025-10-02 12:52:45.229 [info] Got 1 sessions for read:user,repo,user:email,workflow...
