2025-09-20 20:00:12.264 [info] [main] Log level: Info
2025-09-20 20:00:12.264 [info] [main] Validating found git in: "git"
2025-09-20 20:00:12.264 [info] [main] Using git "2.39.5" from "git"
2025-09-20 20:00:12.264 [info] [Model][doInitialScan] Initial repository scan started
2025-09-20 20:00:12.264 [info] > git rev-parse --show-toplevel [289ms]
2025-09-20 20:00:12.264 [info] fatal: not a git repository (or any of the parent directories): .git
2025-09-20 20:00:12.264 [info] > git rev-parse --show-toplevel [490ms]
2025-09-20 20:00:12.264 [info] fatal: not a git repository (or any of the parent directories): .git
2025-09-20 20:00:12.264 [info] > git rev-parse --show-toplevel [378ms]
2025-09-20 20:00:13.130 [info] > git rev-parse --git-dir --git-common-dir --show-superproject-working-tree [819ms]
2025-09-20 20:00:13.209 [info] [Model][openRepository] Opened repository (path): /home/as4454508/HTML-CSE11/HTML-CSE11
2025-09-20 20:00:13.210 [info] [Model][openRepository] Opened repository (real path): /home/as4454508/HTML-CSE11/HTML-CSE11
2025-09-20 20:00:13.210 [info] [Model][openRepository] Opened repository (kind): repository
2025-09-20 20:00:14.932 [info] > git rev-parse --show-toplevel [1639ms]
2025-09-20 20:00:14.932 [info] fatal: not a git repository (or any of the parent directories): .git
2025-09-20 20:00:14.933 [info] > git config --get commit.template [1660ms]
2025-09-20 20:00:16.351 [info] > git rev-parse --show-toplevel [1364ms]
2025-09-20 20:00:16.361 [info] fatal: not a git repository (or any of the parent directories): .git
2025-09-20 20:00:16.387 [info] [Model][doInitialScan] Initial repository scan completed - repositories (1), closed repositories (0), parent repositories (0), unsafe repositories (0)
2025-09-20 20:00:16.811 [info] > git for-each-ref --format=%(refname)%00%(upstream:short)%00%(objectname)%00%(upstream:track)%00%(upstream:remotename)%00%(upstream:remoteref) refs/heads/main refs/remotes/main [1780ms]
2025-09-20 20:00:17.045 [warning] [Git][revParse] Unable to read file: ENOENT: no such file or directory, open '/home/as4454508/HTML-CSE11/HTML-CSE11/.git/refs/remotes/origin/main'
2025-09-20 20:00:17.062 [info] > git check-ignore -v -z --stdin [611ms]
2025-09-20 20:00:17.093 [info] > git rev-parse --show-toplevel [311ms]
2025-09-20 20:00:17.093 [info] fatal: not a git repository (or any of the parent directories): .git
2025-09-20 20:00:17.273 [info] > git rev-parse refs/remotes/origin/main [229ms]
2025-09-20 20:00:18.223 [info] > git status -z -uall [842ms]
2025-09-20 20:00:18.235 [info] > git for-each-ref --sort -committerdate --format %(refname)%00%(objectname)%00%(*objectname) [256ms]
2025-09-20 20:00:18.651 [info] > git rev-parse --show-toplevel [1444ms]
2025-09-20 20:00:18.659 [info] fatal: not a git repository (or any of the parent directories): .git
2025-09-20 20:00:18.733 [info] > git for-each-ref --format=%(refname)%00%(upstream:short)%00%(objectname)%00%(upstream:track)%00%(upstream:remotename)%00%(upstream:remoteref) refs/heads/main refs/remotes/main [202ms]
2025-09-20 20:00:18.764 [info] > git config --get --local branch.main.vscode-merge-base [10ms]
2025-09-20 20:00:18.781 [info] > git config --get commit.template [51ms]
2025-09-20 20:00:18.786 [info] > git for-each-ref --format=%(refname)%00%(upstream:short)%00%(objectname)%00%(upstream:track)%00%(upstream:remotename)%00%(upstream:remoteref) refs/heads/origin/main refs/remotes/origin/main [6ms]
2025-09-20 20:00:18.849 [info] > git merge-base refs/heads/main refs/remotes/origin/main [30ms]
2025-09-20 20:00:18.951 [info] > git diff --name-status -z --diff-filter=ADMR 5a445222c7dd981ab66a0231b5e86bb5eba578bd...refs/remotes/origin/main [76ms]
2025-09-20 20:00:18.953 [info] > git for-each-ref --format=%(refname)%00%(upstream:short)%00%(objectname)%00%(upstream:track)%00%(upstream:remotename)%00%(upstream:remoteref) refs/heads/main refs/remotes/main [107ms]
2025-09-20 20:00:18.993 [warning] [Git][revParse] Unable to read file: ENOENT: no such file or directory, open '/home/as4454508/HTML-CSE11/HTML-CSE11/.git/refs/remotes/origin/main'
2025-09-20 20:00:18.996 [info] > git rev-parse refs/remotes/origin/main [3ms]
2025-09-20 20:00:19.163 [info] > git status -z -uall [113ms]
2025-09-20 20:00:19.164 [info] > git for-each-ref --sort -committerdate --format %(refname)%00%(objectname)%00%(*objectname) [75ms]
2025-09-20 20:00:26.096 [info] > git rev-parse --show-toplevel [17ms]
2025-09-20 20:00:26.096 [info] fatal: not a git repository (or any of the parent directories): .git
2025-09-20 20:00:28.701 [info] > git rev-parse --show-toplevel [2ms]
2025-09-20 20:00:28.701 [info] fatal: not a git repository (or any of the parent directories): .git
2025-09-20 20:07:38.688 [info] > git config --get commit.template [34ms]
2025-09-20 20:07:38.690 [info] > git for-each-ref --format=%(refname)%00%(upstream:short)%00%(objectname)%00%(upstream:track)%00%(upstream:remotename)%00%(upstream:remoteref) refs/heads/main refs/remotes/main [7ms]
2025-09-20 20:07:38.707 [warning] [Git][revParse] Unable to read file: ENOENT: no such file or directory, open '/home/as4454508/HTML-CSE11/HTML-CSE11/.git/refs/remotes/origin/main'
2025-09-20 20:07:38.709 [info] > git rev-parse refs/remotes/origin/main [3ms]
2025-09-20 20:07:38.744 [info] > git status -z -uall [21ms]
2025-09-20 20:07:38.747 [info] > git for-each-ref --sort -committerdate --format %(refname)%00%(objectname)%00%(*objectname) [7ms]
2025-09-20 20:16:35.213 [info] > git rev-parse --show-toplevel [11ms]
2025-09-20 20:16:35.213 [info] fatal: not a git repository (or any of the parent directories): .git
2025-09-20 20:17:25.516 [info] > git config --get commit.template [9ms]
2025-09-20 20:17:25.575 [info] > git for-each-ref --format=%(refname)%00%(upstream:short)%00%(objectname)%00%(upstream:track)%00%(upstream:remotename)%00%(upstream:remoteref) refs/heads/main refs/remotes/main [12ms]
2025-09-20 20:17:25.593 [warning] [Git][revParse] Unable to read file: ENOENT: no such file or directory, open '/home/as4454508/HTML-CSE11/HTML-CSE11/.git/refs/remotes/origin/main'
2025-09-20 20:17:25.597 [info] > git rev-parse refs/remotes/origin/main [4ms]
2025-09-20 20:17:25.632 [info] > git status -z -uall [21ms]
2025-09-20 20:17:25.638 [info] > git for-each-ref --sort -committerdate --format %(refname)%00%(objectname)%00%(*objectname) [11ms]
2025-09-20 20:19:42.089 [info] > git rev-parse --show-toplevel [25ms]
2025-09-20 20:19:42.093 [info] fatal: not a git repository (or any of the parent directories): .git
2025-09-20 20:19:42.905 [info] > git rev-parse --show-toplevel [32ms]
2025-09-20 20:19:42.905 [info] fatal: not a git repository (or any of the parent directories): .git
2025-09-20 20:21:04.058 [info] > git show --textconv :README.md [228ms]
2025-09-20 20:21:04.059 [info] > git show --textconv HEAD:README.md [173ms]
2025-09-20 20:21:04.059 [info] > git ls-tree -l HEAD -- README.md [28ms]
2025-09-20 20:21:04.070 [info] > git ls-files --stage -- README.md [107ms]
2025-09-20 20:21:04.234 [info] > git cat-file -s e69de29bb2d1d6434b8b29ae775ad8c2e48c5391 [45ms]
2025-09-20 20:21:06.850 [info] > git rev-parse --show-toplevel [8ms]
2025-09-20 20:21:06.850 [info] fatal: not a git repository (or any of the parent directories): .git
2025-09-20 20:21:10.766 [info] > git show --textconv :README.md [155ms]
2025-09-20 20:21:10.766 [info] > git show --textconv HEAD:README.md [76ms]
2025-09-20 20:21:10.766 [info] > git ls-tree -l HEAD -- README.md [8ms]
2025-09-20 20:21:10.772 [info] > git ls-files --stage -- README.md [51ms]
2025-09-20 20:21:10.818 [info] > git cat-file -s e69de29bb2d1d6434b8b29ae775ad8c2e48c5391 [20ms]
2025-09-20 20:23:35.839 [info] > git config --get commit.template [18ms]
2025-09-20 20:23:35.947 [info] > git for-each-ref --format=%(refname)%00%(upstream:short)%00%(objectname)%00%(upstream:track)%00%(upstream:remotename)%00%(upstream:remoteref) refs/heads/main refs/remotes/main [55ms]
2025-09-20 20:23:35.975 [warning] [Git][revParse] Unable to read file: ENOENT: no such file or directory, open '/home/as4454508/HTML-CSE11/HTML-CSE11/.git/refs/remotes/origin/main'
2025-09-20 20:23:35.981 [info] > git rev-parse refs/remotes/origin/main [7ms]
2025-09-20 20:23:36.031 [info] > git status -z -uall [32ms]
2025-09-20 20:23:36.034 [info] > git for-each-ref --sort -committerdate --format %(refname)%00%(objectname)%00%(*objectname) [14ms]
2025-09-20 20:23:36.980 [info] > git rev-parse --show-toplevel [105ms]
2025-09-20 20:23:36.980 [info] fatal: not a git repository (or any of the parent directories): .git
2025-09-20 20:24:19.171 [info] > git log --format=%H%n%aN%n%aE%n%at%n%ct%n%P%n%D%n%B -z --shortstat --diff-merges=first-parent -n50 --skip=0 --topo-order --decorate=full --stdin [8ms]
2025-09-20 20:24:19.295 [info] > git rev-parse --show-toplevel [13ms]
2025-09-20 20:24:19.295 [info] fatal: not a git repository (or any of the parent directories): .git
2025-09-20 20:24:27.065 [info] > git hash-object -t tree /dev/null [7ms]
2025-09-20 20:24:27.094 [info] > git diff-tree -r --name-status -z --diff-filter=ADMR --find-renames=50% 4b825dc642cb6eb9a060e54bf8d69288fbee4904 5a445222c7dd981ab66a0231b5e86bb5eba578bd [3ms]
2025-09-20 20:24:27.661 [info] > git check-ignore -v -z --stdin [11ms]
2025-09-20 20:24:30.562 [info] > git show --textconv 5a445222c7dd981ab66a0231b5e86bb5eba578bd:README.md [54ms]
2025-09-20 20:24:30.569 [info] > git ls-tree -l 5a445222c7dd981ab66a0231b5e86bb5eba578bd -- README.md [15ms]
2025-09-20 20:24:31.087 [info] > git check-ignore -v -z --stdin [10ms]
2025-09-20 20:24:49.232 [info] > git for-each-ref --sort -committerdate --format %(refname)%00%(objectname)%00%(*objectname) --contains 5a445222c7dd981ab66a0231b5e86bb5eba578bd [6ms]
2025-09-20 20:25:49.711 [info] > git ls-tree -l 5a445222c7dd981ab66a0231b5e86bb5eba578bd -- README.md [9ms]
2025-09-20 20:26:01.562 [info] > git diff-tree -r --name-status -z --diff-filter=ADMR --find-renames=50% 4b825dc642cb6eb9a060e54bf8d69288fbee4904 5a445222c7dd981ab66a0231b5e86bb5eba578bd [11ms]
2025-09-20 20:26:01.654 [info] > git show --textconv 5a445222c7dd981ab66a0231b5e86bb5eba578bd:README.md [31ms]
2025-09-20 20:26:01.658 [info] > git ls-tree -l 5a445222c7dd981ab66a0231b5e86bb5eba578bd -- README.md [9ms]
2025-09-20 20:26:02.134 [info] > git check-ignore -v -z --stdin [10ms]
2025-09-20 20:26:05.914 [info] > git rev-parse --show-toplevel [37ms]
2025-09-20 20:26:05.914 [info] fatal: not a git repository (or any of the parent directories): .git
2025-09-20 20:26:14.464 [info] > git -c user.useConfigOnly=true commit --quiet [9ms]
2025-09-20 20:26:14.464 [info] Author identity unknown

*** Please tell me who you are.

Run

  git config --global user.email "you@example.com"
  git config --global user.name "Your Name"

to set your account's default identity.
Omit --global to set the identity only in this repository.

fatal: no email was given and auto-detection is disabled
2025-09-20 20:26:14.502 [info] > git config --get-all user.name [12ms]
2025-09-20 20:26:14.529 [info] > git config --get-all user.email [5ms]
2025-09-20 20:26:14.594 [info] > git config --get commit.template [29ms]
2025-09-20 20:26:14.643 [info] > git for-each-ref --format=%(refname)%00%(upstream:short)%00%(objectname)%00%(upstream:track)%00%(upstream:remotename)%00%(upstream:remoteref) refs/heads/main refs/remotes/main [16ms]
2025-09-20 20:26:14.668 [warning] [Git][revParse] Unable to read file: ENOENT: no such file or directory, open '/home/as4454508/HTML-CSE11/HTML-CSE11/.git/refs/remotes/origin/main'
2025-09-20 20:26:14.673 [info] > git rev-parse refs/remotes/origin/main [6ms]
2025-09-20 20:26:14.726 [info] > git status -z -uall [27ms]
2025-09-20 20:26:14.732 [info] > git for-each-ref --sort -committerdate --format %(refname)%00%(objectname)%00%(*objectname) [7ms]
2025-09-20 20:26:20.706 [info] > git ls-tree -l 5a445222c7dd981ab66a0231b5e86bb5eba578bd -- README.md [28ms]
2025-09-20 20:26:21.123 [info] > git rev-parse --show-toplevel [8ms]
2025-09-20 20:26:21.126 [info] fatal: not a git repository (or any of the parent directories): .git
2025-09-20 20:26:21.595 [info] > git ls-tree -l 5a445222c7dd981ab66a0231b5e86bb5eba578bd -- README.md [63ms]
2025-09-20 20:26:21.606 [info] > git show --textconv 5a445222c7dd981ab66a0231b5e86bb5eba578bd:README.md [27ms]
2025-09-20 20:26:21.773 [info] > git show --textconv 5a445222c7dd981ab66a0231b5e86bb5eba578bd:README.md [10ms]
2025-09-20 20:26:22.530 [info] > git config --get commit.template [6ms]
2025-09-20 20:26:22.574 [info] > git for-each-ref --format=%(refname)%00%(upstream:short)%00%(objectname)%00%(upstream:track)%00%(upstream:remotename)%00%(upstream:remoteref) refs/heads/main refs/remotes/main [12ms]
2025-09-20 20:26:22.603 [warning] [Git][revParse] Unable to read file: ENOENT: no such file or directory, open '/home/as4454508/HTML-CSE11/HTML-CSE11/.git/refs/remotes/origin/main'
2025-09-20 20:26:22.607 [info] > git rev-parse refs/remotes/origin/main [4ms]
2025-09-20 20:26:22.676 [info] > git status -z -uall [39ms]
2025-09-20 20:26:22.685 [info] > git for-each-ref --sort -committerdate --format %(refname)%00%(objectname)%00%(*objectname) [17ms]
2025-09-20 20:26:32.787 [info] > git rev-parse --show-toplevel [5ms]
2025-09-20 20:26:32.788 [info] fatal: not a git repository (or any of the parent directories): .git
2025-09-20 20:26:36.529 [info] > git rev-parse --show-toplevel [8ms]
2025-09-20 20:26:36.529 [info] fatal: not a git repository (or any of the parent directories): .git
2025-09-20 20:27:09.086 [info] > git -c user.useConfigOnly=true commit --quiet [33ms]
2025-09-20 20:27:09.086 [info] Author identity unknown

*** Please tell me who you are.

Run

  git config --global user.email "you@example.com"
  git config --global user.name "Your Name"

to set your account's default identity.
Omit --global to set the identity only in this repository.

fatal: no email was given and auto-detection is disabled
2025-09-20 20:27:09.150 [info] > git config --get-all user.name [22ms]
2025-09-20 20:27:09.224 [info] > git config --get-all user.email [21ms]
2025-09-20 20:27:09.361 [info] > git config --get commit.template [61ms]
2025-09-20 20:27:09.370 [info] > git for-each-ref --format=%(refname)%00%(upstream:short)%00%(objectname)%00%(upstream:track)%00%(upstream:remotename)%00%(upstream:remoteref) refs/heads/main refs/remotes/main [13ms]
2025-09-20 20:27:09.425 [warning] [Git][revParse] Unable to read file: ENOENT: no such file or directory, open '/home/as4454508/HTML-CSE11/HTML-CSE11/.git/refs/remotes/origin/main'
2025-09-20 20:27:09.443 [info] > git rev-parse refs/remotes/origin/main [19ms]
2025-09-20 20:27:09.529 [info] > git status -z -uall [42ms]
2025-09-20 20:27:09.530 [info] > git for-each-ref --sort -committerdate --format %(refname)%00%(objectname)%00%(*objectname) [16ms]
2025-09-20 20:27:12.484 [info] > git ls-tree -l 5a445222c7dd981ab66a0231b5e86bb5eba578bd -- README.md [13ms]
2025-09-20 20:27:17.307 [info] > git -c user.useConfigOnly=true commit --quiet [25ms]
2025-09-20 20:27:17.307 [info] Author identity unknown

*** Please tell me who you are.

Run

  git config --global user.email "you@example.com"
  git config --global user.name "Your Name"

to set your account's default identity.
Omit --global to set the identity only in this repository.

fatal: no email was given and auto-detection is disabled
2025-09-20 20:27:17.419 [info] > git config --get-all user.name [51ms]
2025-09-20 20:27:17.469 [info] > git config --get-all user.email [5ms]
2025-09-20 20:27:17.564 [info] > git config --get commit.template [14ms]
2025-09-20 20:27:17.669 [info] > git for-each-ref --format=%(refname)%00%(upstream:short)%00%(objectname)%00%(upstream:track)%00%(upstream:remotename)%00%(upstream:remoteref) refs/heads/main refs/remotes/main [34ms]
2025-09-20 20:27:17.741 [warning] [Git][revParse] Unable to read file: ENOENT: no such file or directory, open '/home/as4454508/HTML-CSE11/HTML-CSE11/.git/refs/remotes/origin/main'
2025-09-20 20:27:17.759 [info] > git rev-parse refs/remotes/origin/main [22ms]
2025-09-20 20:27:17.934 [info] > git status -z -uall [108ms]
2025-09-20 20:27:17.935 [info] > git for-each-ref --sort -committerdate --format %(refname)%00%(objectname)%00%(*objectname) [26ms]
2025-09-20 20:27:26.291 [info] > git ls-tree -l 5a445222c7dd981ab66a0231b5e86bb5eba578bd -- README.md [13ms]
2025-09-20 20:27:38.686 [info] > git rev-parse --show-toplevel [49ms]
2025-09-20 20:27:38.686 [info] fatal: not a git repository (or any of the parent directories): .git
2025-09-20 20:28:00.493 [info] > git config --get commit.template [4ms]
2025-09-20 20:28:00.547 [info] > git for-each-ref --format=%(refname)%00%(upstream:short)%00%(objectname)%00%(upstream:track)%00%(upstream:remotename)%00%(upstream:remoteref) refs/heads/main refs/remotes/main [7ms]
2025-09-20 20:28:00.581 [warning] [Git][revParse] Unable to read file: ENOENT: no such file or directory, open '/home/as4454508/HTML-CSE11/HTML-CSE11/.git/refs/remotes/origin/main'
2025-09-20 20:28:00.582 [info] > git rev-parse refs/remotes/origin/main [1ms]
2025-09-20 20:28:00.647 [info] > git status -z -uall [42ms]
2025-09-20 20:28:00.652 [info] > git for-each-ref --sort -committerdate --format %(refname)%00%(objectname)%00%(*objectname) [6ms]
2025-09-20 20:28:20.705 [info] > git branch [9ms]
2025-09-20 20:28:20.736 [info] > git reset -q HEAD -- README.md [10ms]
2025-09-20 20:28:20.788 [info] > git config --get commit.template [23ms]
2025-09-20 20:28:20.789 [info] > git for-each-ref --format=%(refname)%00%(upstream:short)%00%(objectname)%00%(upstream:track)%00%(upstream:remotename)%00%(upstream:remoteref) refs/heads/main refs/remotes/main [2ms]
2025-09-20 20:28:20.806 [warning] [Git][revParse] Unable to read file: ENOENT: no such file or directory, open '/home/as4454508/HTML-CSE11/HTML-CSE11/.git/refs/remotes/origin/main'
2025-09-20 20:28:20.812 [info] > git rev-parse refs/remotes/origin/main [6ms]
2025-09-20 20:28:20.854 [info] > git status -z -uall [26ms]
2025-09-20 20:28:20.857 [info] > git for-each-ref --sort -committerdate --format %(refname)%00%(objectname)%00%(*objectname) [11ms]
2025-09-20 20:28:21.982 [info] > git ls-tree -l 5a445222c7dd981ab66a0231b5e86bb5eba578bd -- README.md [7ms]
2025-09-20 20:28:22.020 [info] > git show --textconv 5a445222c7dd981ab66a0231b5e86bb5eba578bd:README.md [9ms]
2025-09-20 20:28:23.008 [info] > git config --get commit.template [7ms]
2025-09-20 20:28:23.065 [info] > git for-each-ref --format=%(refname)%00%(upstream:short)%00%(objectname)%00%(upstream:track)%00%(upstream:remotename)%00%(upstream:remoteref) refs/heads/main refs/remotes/main [16ms]
2025-09-20 20:28:23.094 [warning] [Git][revParse] Unable to read file: ENOENT: no such file or directory, open '/home/as4454508/HTML-CSE11/HTML-CSE11/.git/refs/remotes/origin/main'
2025-09-20 20:28:23.098 [info] > git rev-parse refs/remotes/origin/main [4ms]
2025-09-20 20:28:23.181 [info] > git status -z -uall [42ms]
2025-09-20 20:28:23.186 [info] > git for-each-ref --sort -committerdate --format %(refname)%00%(objectname)%00%(*objectname) [9ms]
2025-09-20 20:28:28.932 [info] > git show --textconv :README.md [40ms]
2025-09-20 20:28:28.932 [info] > git ls-files --stage -- README.md [3ms]
2025-09-20 20:28:28.965 [info] > git cat-file -s 4a1fd30a3a6d725d315787fc4a0ef63c0b7634f7 [6ms]
2025-09-20 20:28:32.788 [info] > git rev-parse --show-toplevel [9ms]
2025-09-20 20:28:32.788 [info] fatal: not a git repository (or any of the parent directories): .git
2025-09-20 20:28:36.710 [info] > git rev-parse --show-toplevel [13ms]
2025-09-20 20:28:36.711 [info] fatal: not a git repository (or any of the parent directories): .git
2025-09-20 20:28:38.249 [info] > git rev-parse --show-toplevel [12ms]
2025-09-20 20:28:38.249 [info] fatal: not a git repository (or any of the parent directories): .git
2025-09-20 20:28:52.523 [info] > git show --textconv :README.md [26ms]
2025-09-20 20:28:52.535 [info] > git ls-files --stage -- README.md [16ms]
2025-09-20 20:28:52.564 [info] > git cat-file -s 4a1fd30a3a6d725d315787fc4a0ef63c0b7634f7 [7ms]
2025-09-20 20:28:56.031 [info] > git rev-parse --show-toplevel [5ms]
2025-09-20 20:28:56.031 [info] fatal: not a git repository (or any of the parent directories): .git
2025-09-20 20:28:57.802 [info] > git rev-parse --show-toplevel [11ms]
2025-09-20 20:28:57.803 [info] fatal: not a git repository (or any of the parent directories): .git
2025-09-20 20:28:59.594 [info] > git rev-parse --show-toplevel [9ms]
2025-09-20 20:28:59.594 [info] fatal: not a git repository (or any of the parent directories): .git
2025-09-20 20:29:01.200 [info] > git rev-parse --show-toplevel [11ms]
2025-09-20 20:29:01.200 [info] fatal: not a git repository (or any of the parent directories): .git
2025-09-20 20:29:32.073 [info] > git ls-tree -l 5a445222c7dd981ab66a0231b5e86bb5eba578bd -- README.md [6ms]
2025-09-20 20:29:58.111 [info] > git rev-parse --show-toplevel [7ms]
2025-09-20 20:29:58.112 [info] fatal: not a git repository (or any of the parent directories): .git
2025-09-20 20:30:00.387 [info] > git rev-parse --show-toplevel [9ms]
2025-09-20 20:30:00.387 [info] fatal: not a git repository (or any of the parent directories): .git
2025-09-20 20:30:16.161 [info] > git rev-parse --show-toplevel [6ms]
2025-09-20 20:30:16.162 [info] fatal: not a git repository (or any of the parent directories): .git
2025-09-20 20:30:18.225 [info] > git rev-parse --show-toplevel [8ms]
2025-09-20 20:30:18.225 [info] fatal: not a git repository (or any of the parent directories): .git
2025-09-20 20:33:03.945 [info] > git log --format=%H%n%aN%n%aE%n%at%n%ct%n%P%n%D%n%B -z --shortstat --diff-merges=first-parent -n50 --skip=0 --topo-order --decorate=full --stdin [7ms]
2025-09-20 20:33:45.439 [info] > git check-ignore -v -z --stdin [10ms]
2025-09-20 20:33:45.701 [info] > git show --textconv :index.html [62ms]
2025-09-20 20:33:45.707 [warning] [GitFileSystemProvider][readFile] File not found - git:/home/as4454508/HTML-CSE11/HTML-CSE11/index.html.git?%7B%22path%22%3A%22%2Fhome%2Fas4454508%2FHTML-CSE11%2FHTML-CSE11%2Findex.html%22%2C%22ref%22%3A%22%22%7D
2025-09-20 20:33:45.789 [info] > git ls-files --stage -- index.html [90ms]
2025-09-20 20:33:45.825 [warning] [GitFileSystemProvider][stat] File not found - git:/home/as4454508/HTML-CSE11/HTML-CSE11/index.html.git?%7B%22path%22%3A%22%2Fhome%2Fas4454508%2FHTML-CSE11%2FHTML-CSE11%2Findex.html%22%2C%22ref%22%3A%22%22%7D
2025-09-20 20:33:45.951 [info] > git config --get commit.template [8ms]
2025-09-20 20:33:46.019 [info] > git for-each-ref --format=%(refname)%00%(upstream:short)%00%(objectname)%00%(upstream:track)%00%(upstream:remotename)%00%(upstream:remoteref) refs/heads/main refs/remotes/main [11ms]
2025-09-20 20:33:46.063 [warning] [Git][revParse] Unable to read file: ENOENT: no such file or directory, open '/home/as4454508/HTML-CSE11/HTML-CSE11/.git/refs/remotes/origin/main'
2025-09-20 20:33:46.068 [info] > git rev-parse refs/remotes/origin/main [6ms]
2025-09-20 20:33:46.155 [info] > git status -z -uall [47ms]
2025-09-20 20:33:46.162 [info] > git for-each-ref --sort -committerdate --format %(refname)%00%(objectname)%00%(*objectname) [18ms]
2025-09-20 20:36:08.576 [info] > git rev-parse --show-toplevel [16ms]
2025-09-20 20:36:08.576 [info] fatal: not a git repository (or any of the parent directories): .git
2025-09-20 20:37:13.679 [info] > git config --get commit.template [26ms]
2025-09-20 20:37:13.682 [info] > git for-each-ref --format=%(refname)%00%(upstream:short)%00%(objectname)%00%(upstream:track)%00%(upstream:remotename)%00%(upstream:remoteref) refs/heads/main refs/remotes/main [6ms]
2025-09-20 20:37:13.714 [warning] [Git][revParse] Unable to read file: ENOENT: no such file or directory, open '/home/as4454508/HTML-CSE11/HTML-CSE11/.git/refs/remotes/origin/main'
2025-09-20 20:37:13.717 [info] > git rev-parse refs/remotes/origin/main [3ms]
2025-09-20 20:37:13.781 [info] > git status -z -uall [30ms]
2025-09-20 20:37:13.787 [info] > git for-each-ref --sort -committerdate --format %(refname)%00%(objectname)%00%(*objectname) [8ms]
2025-09-20 20:37:14.194 [info] > git show --textconv :index.html [60ms]
2025-09-20 20:37:14.194 [info] > git show --textconv HEAD:index.html [41ms]
2025-09-20 20:37:14.195 [info] > git ls-files --stage -- index.html [22ms]
2025-09-20 20:37:14.213 [warning] [GitFileSystemProvider][readFile] File not found - git:/home/as4454508/HTML-CSE11/HTML-CSE11/index.html.git?%7B%22path%22%3A%22%2Fhome%2Fas4454508%2FHTML-CSE11%2FHTML-CSE11%2Findex.html%22%2C%22ref%22%3A%22HEAD%22%7D
2025-09-20 20:37:14.220 [info] > git cat-file -s e69de29bb2d1d6434b8b29ae775ad8c2e48c5391 [10ms]
2025-09-20 20:37:14.222 [info] > git ls-tree -l HEAD -- index.html [30ms]
2025-09-20 20:37:14.225 [warning] [GitFileSystemProvider][stat] File not found - git:/home/as4454508/HTML-CSE11/HTML-CSE11/index.html.git?%7B%22path%22%3A%22%2Fhome%2Fas4454508%2FHTML-CSE11%2FHTML-CSE11%2Findex.html%22%2C%22ref%22%3A%22HEAD%22%7D
2025-09-20 20:37:14.349 [info] > git blame --root --incremental 5a445222c7dd981ab66a0231b5e86bb5eba578bd -- index.html [16ms]
2025-09-20 20:37:14.349 [info] fatal: no such path index.html in 5a445222c7dd981ab66a0231b5e86bb5eba578bd
2025-09-20 20:37:15.229 [info] > git ls-tree -l 5a445222c7dd981ab66a0231b5e86bb5eba578bd -- README.md [138ms]
2025-09-20 20:37:15.232 [info] > git ls-files --stage -- index.html [17ms]
2025-09-20 20:37:15.454 [info] > git cat-file -s e69de29bb2d1d6434b8b29ae775ad8c2e48c5391 [110ms]
2025-09-20 20:37:15.513 [info] > git show --textconv 5a445222c7dd981ab66a0231b5e86bb5eba578bd:README.md [60ms]
2025-09-20 20:37:15.522 [info] > git show --textconv :index.html [13ms]
2025-09-20 20:37:15.956 [info] > git config --get commit.template [2ms]
2025-09-20 20:37:15.991 [info] > git for-each-ref --format=%(refname)%00%(upstream:short)%00%(objectname)%00%(upstream:track)%00%(upstream:remotename)%00%(upstream:remoteref) refs/heads/main refs/remotes/main [4ms]
2025-09-20 20:37:16.022 [warning] [Git][revParse] Unable to read file: ENOENT: no such file or directory, open '/home/as4454508/HTML-CSE11/HTML-CSE11/.git/refs/remotes/origin/main'
2025-09-20 20:37:16.030 [info] > git rev-parse refs/remotes/origin/main [9ms]
2025-09-20 20:37:16.086 [info] > git status -z -uall [26ms]
2025-09-20 20:37:16.086 [info] > git for-each-ref --sort -committerdate --format %(refname)%00%(objectname)%00%(*objectname) [6ms]
2025-09-20 20:37:58.108 [info] > git ls-tree -l 5a445222c7dd981ab66a0231b5e86bb5eba578bd -- README.md [2ms]
2025-09-20 20:39:15.281 [info] > git config --get commit.template [3ms]
2025-09-20 20:39:15.306 [info] > git for-each-ref --format=%(refname)%00%(upstream:short)%00%(objectname)%00%(upstream:track)%00%(upstream:remotename)%00%(upstream:remoteref) refs/heads/main refs/remotes/main [5ms]
2025-09-20 20:39:15.329 [warning] [Git][revParse] Unable to read file: ENOENT: no such file or directory, open '/home/as4454508/HTML-CSE11/HTML-CSE11/.git/refs/remotes/origin/main'
2025-09-20 20:39:15.331 [info] > git rev-parse refs/remotes/origin/main [2ms]
2025-09-20 20:39:15.371 [info] > git status -z -uall [23ms]
2025-09-20 20:39:15.384 [info] > git for-each-ref --sort -committerdate --format %(refname)%00%(objectname)%00%(*objectname) [16ms]
2025-09-20 20:39:15.465 [info] > git ls-tree -l 5a445222c7dd981ab66a0231b5e86bb5eba578bd -- README.md [31ms]
2025-09-20 20:39:15.476 [info] > git ls-files --stage -- index.html [14ms]
2025-09-20 20:39:15.530 [info] > git show --textconv 5a445222c7dd981ab66a0231b5e86bb5eba578bd:README.md [9ms]
2025-09-20 20:39:15.530 [info] > git cat-file -s e69de29bb2d1d6434b8b29ae775ad8c2e48c5391 [36ms]
2025-09-20 20:39:15.574 [info] > git show --textconv :index.html [8ms]
2025-09-20 20:46:04.633 [info] > git ls-tree -l 5a445222c7dd981ab66a0231b5e86bb5eba578bd -- README.md [13ms]
2025-09-20 20:46:49.876 [info] > git config --get commit.template [15ms]
2025-09-20 20:46:49.918 [info] > git for-each-ref --format=%(refname)%00%(upstream:short)%00%(objectname)%00%(upstream:track)%00%(upstream:remotename)%00%(upstream:remoteref) refs/heads/main refs/remotes/main [7ms]
2025-09-20 20:46:49.966 [warning] [Git][revParse] Unable to read file: ENOENT: no such file or directory, open '/home/as4454508/HTML-CSE11/HTML-CSE11/.git/refs/remotes/origin/main'
2025-09-20 20:46:49.971 [info] > git rev-parse refs/remotes/origin/main [5ms]
2025-09-20 20:46:50.022 [info] > git status -z -uall [32ms]
2025-09-20 20:46:50.027 [info] > git for-each-ref --sort -committerdate --format %(refname)%00%(objectname)%00%(*objectname) [13ms]
2025-09-20 20:46:50.111 [info] > git merge-base refs/heads/main refs/remotes/origin/main [12ms]
2025-09-20 20:46:50.134 [info] > git blame --root --incremental 83c16a49ef216d457f6fc50f704b5b905aafdb88 -- index.html [64ms]
2025-09-20 20:46:50.157 [info] > git diff --name-status -z --diff-filter=ADMR 5a445222c7dd981ab66a0231b5e86bb5eba578bd...refs/remotes/origin/main [22ms]
2025-09-20 20:46:51.132 [info] > git ls-tree -l 5a445222c7dd981ab66a0231b5e86bb5eba578bd -- README.md [38ms]
2025-09-20 20:46:51.140 [info] > git ls-files --stage -- index.html [18ms]
2025-09-20 20:46:51.168 [info] > git cat-file -s e69de29bb2d1d6434b8b29ae775ad8c2e48c5391 [4ms]
2025-09-20 20:46:51.234 [info] > git show --textconv 5a445222c7dd981ab66a0231b5e86bb5eba578bd:README.md [34ms]
2025-09-20 20:46:51.234 [info] > git show --textconv :index.html [9ms]
2025-09-20 20:46:52.123 [info] > git config --get commit.template [39ms]
2025-09-20 20:46:52.129 [info] > git for-each-ref --format=%(refname)%00%(upstream:short)%00%(objectname)%00%(upstream:track)%00%(upstream:remotename)%00%(upstream:remoteref) refs/heads/main refs/remotes/main [11ms]
2025-09-20 20:46:52.156 [warning] [Git][revParse] Unable to read file: ENOENT: no such file or directory, open '/home/as4454508/HTML-CSE11/HTML-CSE11/.git/refs/remotes/origin/main'
2025-09-20 20:46:52.160 [info] > git rev-parse refs/remotes/origin/main [4ms]
2025-09-20 20:46:52.197 [info] > git status -z -uall [21ms]
2025-09-20 20:46:52.200 [info] > git for-each-ref --sort -committerdate --format %(refname)%00%(objectname)%00%(*objectname) [5ms]
2025-09-20 20:47:36.010 [info] > git ls-tree -l 5a445222c7dd981ab66a0231b5e86bb5eba578bd -- README.md [7ms]
2025-09-20 20:49:38.189 [info] > git config --get commit.template [7ms]
2025-09-20 20:49:38.223 [info] > git for-each-ref --format=%(refname)%00%(upstream:short)%00%(objectname)%00%(upstream:track)%00%(upstream:remotename)%00%(upstream:remoteref) refs/heads/main refs/remotes/main [9ms]
2025-09-20 20:49:38.290 [info] > git status -z -uall [40ms]
2025-09-20 20:49:38.298 [info] > git for-each-ref --sort -committerdate --format %(refname)%00%(objectname)%00%(*objectname) [10ms]
2025-09-20 20:49:38.378 [info] > git merge-base refs/heads/main refs/remotes/origin/main [35ms]
2025-09-20 20:49:38.442 [info] > git diff --name-status -z --diff-filter=ADMR 83c16a49ef216d457f6fc50f704b5b905aafdb88...refs/remotes/origin/main [15ms]
2025-09-20 20:49:39.224 [info] > git config --get commit.template [31ms]
2025-09-20 20:49:39.226 [info] > git for-each-ref --format=%(refname)%00%(upstream:short)%00%(objectname)%00%(upstream:track)%00%(upstream:remotename)%00%(upstream:remoteref) refs/heads/main refs/remotes/main [4ms]
2025-09-20 20:49:39.283 [info] > git status -z -uall [41ms]
2025-09-20 20:49:39.288 [info] > git for-each-ref --sort -committerdate --format %(refname)%00%(objectname)%00%(*objectname) [9ms]
2025-09-20 20:49:39.346 [info] > git ls-tree -l 5a445222c7dd981ab66a0231b5e86bb5eba578bd -- README.md [21ms]
2025-09-20 20:49:39.352 [info] > git ls-files --stage -- index.html [8ms]
2025-09-20 20:49:39.384 [info] > git cat-file -s e69de29bb2d1d6434b8b29ae775ad8c2e48c5391 [18ms]
2025-09-20 20:49:39.388 [info] > git show --textconv 5a445222c7dd981ab66a0231b5e86bb5eba578bd:README.md [5ms]
2025-09-20 20:49:39.409 [info] > git show --textconv :index.html [4ms]
2025-09-20 20:49:44.369 [info] > git config --get commit.template [33ms]
2025-09-20 20:49:44.385 [info] > git for-each-ref --format=%(refname)%00%(upstream:short)%00%(objectname)%00%(upstream:track)%00%(upstream:remotename)%00%(upstream:remoteref) refs/heads/main refs/remotes/main [24ms]
2025-09-20 20:49:44.519 [info] > git status -z -uall [54ms]
2025-09-20 20:49:44.520 [info] > git for-each-ref --sort -committerdate --format %(refname)%00%(objectname)%00%(*objectname) [17ms]
2025-09-20 20:59:11.815 [info] > git ls-tree -l 5a445222c7dd981ab66a0231b5e86bb5eba578bd -- README.md [9ms]
2025-09-20 22:00:15.213 [info] > git ls-tree -l 5a445222c7dd981ab66a0231b5e86bb5eba578bd -- README.md [180ms]
2025-09-20 22:00:48.914 [info] > git rev-parse --show-toplevel [8ms]
2025-09-20 22:04:56.090 [info] > git ls-tree -l 5a445222c7dd981ab66a0231b5e86bb5eba578bd -- README.md [47ms]
2025-09-20 22:06:06.552 [info] > git show --textconv :index.html [105ms]
2025-09-20 22:06:06.565 [info] > git ls-files --stage -- index.html [15ms]
2025-09-20 22:06:06.626 [info] > git cat-file -s e69de29bb2d1d6434b8b29ae775ad8c2e48c5391 [2ms]
2025-09-20 22:06:30.607 [info] > git ls-tree -l 5a445222c7dd981ab66a0231b5e86bb5eba578bd -- README.md [21ms]
2025-09-20 22:06:31.952 [info] > git rev-parse --show-toplevel [23ms]
2025-09-20 22:06:33.081 [info] > git config --get commit.template [3ms]
2025-09-20 22:06:33.118 [info] > git for-each-ref --format=%(refname)%00%(upstream:short)%00%(objectname)%00%(upstream:track)%00%(upstream:remotename)%00%(upstream:remoteref) refs/heads/main refs/remotes/main [8ms]
2025-09-20 22:06:33.210 [info] > git status -z -uall [50ms]
2025-09-20 22:06:33.217 [info] > git for-each-ref --sort -committerdate --format %(refname)%00%(objectname)%00%(*objectname) [11ms]
2025-09-20 22:06:34.477 [info] > git rev-parse --show-toplevel [9ms]
2025-09-20 22:06:40.330 [info] > git rev-parse --show-toplevel [6ms]
2025-09-20 22:06:42.498 [info] > git rev-parse --show-toplevel [5ms]
2025-09-20 22:06:48.080 [info] > git ls-tree -l 5a445222c7dd981ab66a0231b5e86bb5eba578bd -- README.md [13ms]
2025-09-20 22:06:48.472 [info] > git rev-parse --show-toplevel [15ms]
2025-09-20 22:06:51.797 [info] > git show --textconv :README.md [39ms]
2025-09-20 22:06:51.797 [info] > git ls-files --stage -- README.md [6ms]
2025-09-20 22:06:51.831 [info] > git cat-file -s e69de29bb2d1d6434b8b29ae775ad8c2e48c5391 [9ms]
2025-09-20 22:06:57.618 [info] > git log --format=%H%n%aN%n%aE%n%at%n%ct%n%P%n%D%n%B -z --shortstat --diff-merges=first-parent -n50 --skip=0 --topo-order --decorate=full --stdin [20ms]
2025-09-20 22:07:18.865 [info] > git add -A -- . [14ms]
2025-09-20 22:07:19.052 [info] > git ls-tree -l 5a445222c7dd981ab66a0231b5e86bb5eba578bd -- README.md [19ms]
2025-09-20 22:07:20.603 [info] > git ls-tree -l 5a445222c7dd981ab66a0231b5e86bb5eba578bd -- README.md [22ms]
2025-09-20 22:07:20.703 [info] > git show --textconv 5a445222c7dd981ab66a0231b5e86bb5eba578bd:README.md [17ms]
2025-09-20 22:07:20.868 [info] > git show --textconv :.git/COMMIT_EDITMSG [72ms]
2025-09-20 22:07:20.885 [warning] [GitFileSystemProvider][readFile] File not found - git:/home/as4454508/HTML-CSE11/HTML-CSE11/.git/COMMIT_EDITMSG.git?%7B%22path%22%3A%22%2Fhome%2Fas4454508%2FHTML-CSE11%2FHTML-CSE11%2F.git%2FCOMMIT_EDITMSG%22%2C%22ref%22%3A%22%22%7D
2025-09-20 22:07:20.894 [info] > git ls-files --stage -- .git/COMMIT_EDITMSG [29ms]
2025-09-20 22:07:20.898 [warning] [GitFileSystemProvider][stat] File not found - git:/home/as4454508/HTML-CSE11/HTML-CSE11/.git/COMMIT_EDITMSG.git?%7B%22path%22%3A%22%2Fhome%2Fas4454508%2FHTML-CSE11%2FHTML-CSE11%2F.git%2FCOMMIT_EDITMSG%22%2C%22ref%22%3A%22%22%7D
2025-09-20 22:07:21.046 [info] > git check-ignore -v -z --stdin [24ms]
2025-09-20 22:08:18.406 [info] > git -c user.useConfigOnly=true commit --quiet [59521ms]
2025-09-20 22:08:18.406 [info] Aborting commit due to empty commit message.
2025-09-20 22:08:18.459 [info] > git config --get commit.template [14ms]
2025-09-20 22:08:18.490 [info] > git for-each-ref --format=%(refname)%00%(upstream:short)%00%(objectname)%00%(upstream:track)%00%(upstream:remotename)%00%(upstream:remoteref) refs/heads/main refs/remotes/main [8ms]
2025-09-20 22:08:18.543 [info] > git status -z -uall [34ms]
2025-09-20 22:08:18.551 [info] > git for-each-ref --sort -committerdate --format %(refname)%00%(objectname)%00%(*objectname) [18ms]
2025-09-20 22:08:19.087 [info] > git show --textconv :README.md [115ms]
2025-09-20 22:08:19.105 [info] > git ls-files --stage -- README.md [32ms]
2025-09-20 22:08:19.159 [info] > git cat-file -s e69de29bb2d1d6434b8b29ae775ad8c2e48c5391 [10ms]
2025-09-20 22:08:21.713 [info] > git rev-parse --show-toplevel [9ms]
2025-09-20 22:10:52.061 [info] > git ls-tree -l 5a445222c7dd981ab66a0231b5e86bb5eba578bd -- README.md [23ms]
2025-09-20 22:17:03.009 [info] > git rev-parse --show-toplevel [177ms]
2025-09-20 22:17:03.159 [info] > git rev-parse --show-toplevel [7ms]
2025-09-20 22:17:03.563 [info] > git rev-parse --show-toplevel [4ms]
2025-09-20 22:17:27.336 [info] > git ls-tree -l 5a445222c7dd981ab66a0231b5e86bb5eba578bd -- README.md [12ms]
2025-09-20 22:18:00.096 [info] > git rev-parse --show-toplevel [25ms]
2025-09-20 22:19:51.978 [info] > git rev-parse --show-toplevel [17ms]
2025-09-20 22:19:52.086 [info] > git rev-parse --show-toplevel [5ms]
2025-09-20 22:21:03.439 [info] > git rev-parse --show-toplevel [12ms]
2025-09-20 22:22:31.274 [info] > git rev-parse --show-toplevel [72ms]
2025-09-20 22:22:31.557 [info] > git rev-parse --show-toplevel [20ms]
2025-09-20 22:24:15.354 [info] > git rev-parse --show-toplevel [35ms]
2025-09-20 22:24:15.558 [info] > git rev-parse --show-toplevel [19ms]
2025-09-20 22:24:48.463 [info] > git rev-parse --show-toplevel [26ms]
2025-09-20 22:24:48.795 [info] > git rev-parse --show-toplevel [33ms]
2025-09-20 22:24:49.056 [info] > git rev-parse --show-toplevel [9ms]
2025-09-20 22:26:45.399 [info] > git rev-parse --show-toplevel [60ms]
2025-09-20 22:26:45.627 [info] > git rev-parse --show-toplevel [12ms]
2025-09-20 22:29:20.832 [info] > git rev-parse --show-toplevel [205ms]
2025-09-20 22:30:31.468 [info] > git rev-parse --show-toplevel [24ms]
2025-09-20 22:30:32.192 [info] > git rev-parse --show-toplevel [22ms]
2025-09-20 22:31:49.925 [info] > git rev-parse --show-toplevel [130ms]
2025-09-20 22:31:50.060 [info] > git rev-parse --show-toplevel [15ms]
2025-09-20 22:31:50.349 [info] > git rev-parse --show-toplevel [10ms]
2025-09-20 22:34:39.746 [info] > git ls-tree -l 5a445222c7dd981ab66a0231b5e86bb5eba578bd -- README.md [73ms]
