2025-10-02 12:53:24.604 [info] Reading sessions from keychain...
2025-10-02 12:53:24.604 [info] Getting sessions for all scopes...
2025-10-02 12:53:24.604 [info] Got 0 sessions for ...
2025-10-02 12:53:24.604 [info] Getting sessions for all scopes...
2025-10-02 12:53:24.604 [info] Got 0 sessions for ...
2025-10-02 12:53:24.604 [info] Getting sessions for all scopes...
2025-10-02 12:53:24.604 [info] Got 0 sessions for ...
2025-10-02 12:53:24.604 [info] Getting sessions for all scopes...
2025-10-02 12:53:24.604 [info] Got 0 sessions for ...
2025-10-02 12:53:24.604 [info] Getting sessions for all scopes...
2025-10-02 12:53:24.604 [info] Got 0 sessions for ...
2025-10-02 12:53:24.604 [info] Getting sessions for all scopes...
2025-10-02 12:53:24.604 [info] Got 0 sessions for ...
2025-10-02 12:53:24.604 [info] Getting sessions for all scopes...
2025-10-02 12:53:24.604 [info] Got 0 sessions for ...
2025-10-02 12:53:24.604 [info] Getting sessions for all scopes...
2025-10-02 12:53:24.604 [info] Got 0 sessions for ...
2025-10-02 12:53:24.604 [info] Getting sessions for all scopes...
2025-10-02 12:53:24.604 [info] Got 0 sessions for ...
2025-10-02 12:53:24.689 [info] Getting sessions for all scopes...
2025-10-02 12:53:24.689 [info] Got 0 sessions for ...
2025-10-02 12:53:24.699 [info] Getting sessions for all scopes...
2025-10-02 12:53:24.699 [info] Got 0 sessions for ...
2025-10-02 12:53:24.791 [info] Getting sessions for all scopes...
2025-10-02 12:53:24.791 [info] Got 0 sessions for ...
2025-10-02 12:53:24.796 [info] Getting sessions for all scopes...
2025-10-02 12:53:24.796 [info] Got 0 sessions for ...
2025-10-02 12:53:24.796 [info] Getting sessions for all scopes...
2025-10-02 12:53:24.796 [info] Got 0 sessions for ...
2025-10-02 12:53:24.796 [info] Getting sessions for all scopes...
2025-10-02 12:53:24.796 [info] Got 0 sessions for ...
2025-10-02 12:53:24.797 [info] Getting sessions for all scopes...
2025-10-02 12:53:24.797 [info] Got 0 sessions for ...
2025-10-02 12:53:24.800 [info] Getting sessions for all scopes...
2025-10-02 12:53:24.800 [info] Got 0 sessions for ...
2025-10-02 12:53:25.545 [info] Getting sessions for user:email...
2025-10-02 12:53:25.545 [info] Got 0 sessions for user:email...
2025-10-02 12:53:25.545 [info] Getting sessions for read:user,repo,user:email,workflow...
2025-10-02 12:53:25.545 [info] Got 0 sessions for read:user,repo,user:email,workflow...
2025-10-02 12:53:25.645 [info] Getting sessions for all scopes...
2025-10-02 12:53:25.646 [info] Got 0 sessions for ...
2025-10-02 12:53:35.480 [info] Getting sessions for all scopes...
2025-10-02 12:53:35.480 [info] Got 0 sessions for ...
2025-10-02 12:53:35.481 [info] Getting sessions for all scopes...
2025-10-02 12:53:35.481 [info] Got 0 sessions for ...
2025-10-02 12:53:35.482 [info] Getting sessions for all scopes...
2025-10-02 12:53:35.483 [info] Got 0 sessions for ...
2025-10-02 12:53:35.755 [info] Getting sessions for all scopes...
2025-10-02 12:53:35.755 [info] Got 0 sessions for ...
2025-10-02 12:53:36.500 [info] Getting sessions for all scopes...
2025-10-02 12:53:36.500 [info] Got 0 sessions for ...
2025-10-02 12:53:37.759 [info] Getting sessions for user:email...
2025-10-02 12:53:37.760 [info] Got 0 sessions for user:email...
2025-10-02 12:53:40.510 [info] Getting sessions for all scopes...
2025-10-02 12:53:40.510 [info] Got 0 sessions for ...
2025-10-02 12:53:40.522 [info] Getting sessions for read:user,repo,user:email,workflow...
2025-10-02 12:53:40.522 [info] Got 0 sessions for read:user,repo,user:email,workflow...
2025-10-02 12:53:40.738 [info] Getting sessions for all scopes...
2025-10-02 12:53:40.738 [info] Got 0 sessions for ...
2025-10-02 12:53:40.741 [info] Getting sessions for all scopes...
2025-10-02 12:53:40.741 [info] Got 0 sessions for ...
2025-10-02 12:53:40.815 [info] Getting sessions for all scopes...
2025-10-02 12:53:40.815 [info] Got 0 sessions for ...
2025-10-02 12:53:41.263 [info] Getting sessions for read:user...
2025-10-02 12:53:41.263 [info] Got 0 sessions for read:user...
2025-10-02 12:53:41.392 [info] Getting sessions for read:user,repo,user:email,workflow...
2025-10-02 12:53:41.392 [info] Got 0 sessions for read:user,repo,user:email,workflow...
2025-10-02 12:53:41.398 [info] Getting sessions for user:email...
2025-10-02 12:53:41.398 [info] Got 0 sessions for user:email...
2025-10-02 12:53:41.459 [info] Getting sessions for user:email...
2025-10-02 12:53:41.459 [info] Got 0 sessions for user:email...
2025-10-02 12:53:41.493 [info] Getting sessions for all scopes...
2025-10-02 12:53:41.493 [info] Got 0 sessions for ...
2025-10-02 12:53:41.607 [info] Getting sessions for user:email...
2025-10-02 12:53:41.607 [info] Got 0 sessions for user:email...
2025-10-02 12:53:41.657 [info] Getting sessions for all scopes...
2025-10-02 12:53:41.657 [info] Got 0 sessions for ...
2025-10-02 12:53:41.996 [info] Getting sessions for user:email...
2025-10-02 12:53:41.996 [info] Got 0 sessions for user:email...
2025-10-02 12:53:42.038 [info] Getting sessions for all scopes...
2025-10-02 12:53:42.038 [info] Got 0 sessions for ...
2025-10-02 12:53:42.175 [info] Getting sessions for user:email...
2025-10-02 12:53:42.176 [info] Got 0 sessions for user:email...
2025-10-02 12:53:42.190 [info] Getting sessions for all scopes...
2025-10-02 12:53:42.190 [info] Got 0 sessions for ...
2025-10-02 12:53:42.194 [info] Getting sessions for all scopes...
2025-10-02 12:53:42.194 [info] Got 0 sessions for ...
