2025-10-02 12:54:34.879 [info] Reading sessions from keychain...
2025-10-02 12:54:34.879 [info] Getting sessions for all scopes...
2025-10-02 12:54:34.934 [info] Got 0 sessions for ...
2025-10-02 12:54:34.937 [info] Getting sessions for all scopes...
2025-10-02 12:54:34.937 [info] Got 0 sessions for ...
2025-10-02 12:54:34.938 [info] Getting sessions for all scopes...
2025-10-02 12:54:34.938 [info] Got 0 sessions for ...
2025-10-02 12:54:34.939 [info] Getting sessions for all scopes...
2025-10-02 12:54:34.939 [info] Got 0 sessions for ...
2025-10-02 12:54:34.939 [info] Getting sessions for all scopes...
2025-10-02 12:54:34.939 [info] Got 0 sessions for ...
2025-10-02 12:54:34.940 [info] Getting sessions for all scopes...
2025-10-02 12:54:34.940 [info] Got 0 sessions for ...
2025-10-02 12:54:34.940 [info] Getting sessions for all scopes...
2025-10-02 12:54:34.940 [info] Got 0 sessions for ...
2025-10-02 12:54:35.052 [info] Getting sessions for all scopes...
2025-10-02 12:54:35.052 [info] Got 0 sessions for ...
2025-10-02 12:54:35.078 [info] Getting sessions for all scopes...
2025-10-02 12:54:35.078 [info] Got 0 sessions for ...
2025-10-02 12:54:35.081 [info] Getting sessions for all scopes...
2025-10-02 12:54:35.081 [info] Got 0 sessions for ...
2025-10-02 12:54:35.085 [info] Getting sessions for all scopes...
2025-10-02 12:54:35.085 [info] Got 0 sessions for ...
2025-10-02 12:54:35.087 [info] Getting sessions for all scopes...
2025-10-02 12:54:35.088 [info] Got 0 sessions for ...
2025-10-02 12:54:35.088 [info] Getting sessions for all scopes...
2025-10-02 12:54:35.088 [info] Got 0 sessions for ...
2025-10-02 12:54:35.653 [info] Getting sessions for all scopes...
2025-10-02 12:54:35.653 [info] Got 0 sessions for ...
2025-10-02 12:54:49.364 [info] Getting sessions for all scopes...
2025-10-02 12:54:49.364 [info] Got 0 sessions for ...
2025-10-02 12:54:49.461 [info] Getting sessions for all scopes...
2025-10-02 12:54:49.462 [info] Got 0 sessions for ...
2025-10-02 12:54:49.463 [info] Getting sessions for all scopes...
2025-10-02 12:54:49.463 [info] Got 0 sessions for ...
2025-10-02 12:54:49.464 [info] Getting sessions for all scopes...
2025-10-02 12:54:49.464 [info] Got 0 sessions for ...
2025-10-02 12:54:49.888 [info] Getting sessions for all scopes...
2025-10-02 12:54:49.888 [info] Got 0 sessions for ...
2025-10-02 12:54:49.888 [info] Getting sessions for all scopes...
2025-10-02 12:54:49.888 [info] Got 0 sessions for ...
2025-10-02 12:54:51.198 [info] Getting sessions for user:email...
2025-10-02 12:54:51.198 [info] Got 0 sessions for user:email...
2025-10-02 12:54:51.203 [info] Getting sessions for read:user,repo,user:email,workflow...
2025-10-02 12:54:51.203 [info] Got 0 sessions for read:user,repo,user:email,workflow...
2025-10-02 12:54:53.172 [info] Getting sessions for all scopes...
2025-10-02 12:54:53.172 [info] Got 0 sessions for ...
2025-10-02 12:54:53.191 [info] Getting sessions for read:user,repo,user:email,workflow...
2025-10-02 12:54:53.191 [info] Got 0 sessions for read:user,repo,user:email,workflow...
2025-10-02 12:54:53.267 [info] Getting sessions for all scopes...
2025-10-02 12:54:53.267 [info] Got 0 sessions for ...
2025-10-02 12:54:53.368 [info] Getting sessions for read:user...
2025-10-02 12:54:53.368 [info] Got 0 sessions for read:user...
2025-10-02 12:54:53.369 [info] Getting sessions for all scopes...
2025-10-02 12:54:53.369 [info] Got 0 sessions for ...
2025-10-02 12:54:54.642 [info] Getting sessions for all scopes...
2025-10-02 12:54:54.642 [info] Got 0 sessions for ...
2025-10-02 12:54:54.824 [info] Getting sessions for user:email...
2025-10-02 12:54:54.824 [info] Got 0 sessions for user:email...
2025-10-02 12:54:54.917 [info] Getting sessions for user:email...
2025-10-02 12:54:54.917 [info] Got 0 sessions for user:email...
2025-10-02 12:54:57.545 [info] Getting sessions for all scopes...
2025-10-02 12:54:57.545 [info] Got 0 sessions for ...
2025-10-02 12:54:57.547 [info] Getting sessions for all scopes...
2025-10-02 12:54:57.547 [info] Got 0 sessions for ...
2025-10-02 12:54:57.589 [info] Getting sessions for user:email...
2025-10-02 12:54:57.589 [info] Got 0 sessions for user:email...
2025-10-02 12:54:59.155 [info] Getting sessions for all scopes...
2025-10-02 12:54:59.155 [info] Got 0 sessions for ...
2025-10-02 12:54:59.157 [info] Getting sessions for user:email...
2025-10-02 12:54:59.157 [info] Got 0 sessions for user:email...
2025-10-02 12:54:59.159 [info] Getting sessions for all scopes...
2025-10-02 12:54:59.159 [info] Got 0 sessions for ...
2025-10-02 12:54:59.162 [info] Getting sessions for user:email...
2025-10-02 12:54:59.163 [info] Got 0 sessions for user:email...
2025-10-02 12:54:59.170 [info] Getting sessions for all scopes...
2025-10-02 12:54:59.170 [info] Got 0 sessions for ...
2025-10-02 12:54:59.177 [info] Getting sessions for user:email...
2025-10-02 12:54:59.177 [info] Got 0 sessions for user:email...
2025-10-02 12:54:59.178 [info] Getting sessions for all scopes...
2025-10-02 12:54:59.178 [info] Got 0 sessions for ...
2025-10-02 12:54:59.180 [info] Getting sessions for user:email...
2025-10-02 12:54:59.180 [info] Got 0 sessions for user:email...
2025-10-02 12:54:59.273 [info] Getting sessions for all scopes...
2025-10-02 12:54:59.274 [info] Got 0 sessions for ...
2025-10-02 12:54:59.278 [info] Getting sessions for all scopes...
2025-10-02 12:54:59.279 [info] Got 0 sessions for ...
