2025-10-02 12:55:44.802 [info] Reading sessions from keychain...
2025-10-02 12:55:44.802 [info] Getting sessions for all scopes...
2025-10-02 12:55:44.802 [info] Got 0 sessions for ...
2025-10-02 12:55:44.802 [info] Getting sessions for all scopes...
2025-10-02 12:55:44.802 [info] Got 0 sessions for ...
2025-10-02 12:55:44.802 [info] Getting sessions for all scopes...
2025-10-02 12:55:44.802 [info] Got 0 sessions for ...
2025-10-02 12:55:44.802 [info] Getting sessions for all scopes...
2025-10-02 12:55:44.802 [info] Got 0 sessions for ...
2025-10-02 12:55:44.802 [info] Getting sessions for all scopes...
2025-10-02 12:55:44.802 [info] Got 0 sessions for ...
2025-10-02 12:55:44.802 [info] Getting sessions for all scopes...
2025-10-02 12:55:44.802 [info] Got 0 sessions for ...
2025-10-02 12:55:44.802 [info] Getting sessions for all scopes...
2025-10-02 12:55:44.802 [info] Got 0 sessions for ...
2025-10-02 12:55:44.802 [info] Getting sessions for all scopes...
2025-10-02 12:55:44.802 [info] Got 0 sessions for ...
2025-10-02 12:55:44.802 [info] Getting sessions for all scopes...
2025-10-02 12:55:44.802 [info] Got 0 sessions for ...
2025-10-02 12:55:44.802 [info] Getting sessions for all scopes...
2025-10-02 12:55:44.802 [info] Got 0 sessions for ...
2025-10-02 12:55:44.802 [info] Getting sessions for all scopes...
2025-10-02 12:55:44.802 [info] Got 0 sessions for ...
2025-10-02 12:55:44.802 [info] Getting sessions for all scopes...
2025-10-02 12:55:44.802 [info] Got 0 sessions for ...
2025-10-02 12:55:44.802 [info] Getting sessions for all scopes...
2025-10-02 12:55:44.802 [info] Got 0 sessions for ...
2025-10-02 12:55:45.211 [info] Getting sessions for all scopes...
2025-10-02 12:55:45.211 [info] Got 0 sessions for ...
2025-10-02 12:55:57.750 [info] Getting sessions for all scopes...
2025-10-02 12:55:57.750 [info] Got 0 sessions for ...
2025-10-02 12:55:57.839 [info] Getting sessions for all scopes...
2025-10-02 12:55:57.839 [info] Got 0 sessions for ...
2025-10-02 12:55:57.839 [info] Getting sessions for all scopes...
2025-10-02 12:55:57.839 [info] Got 0 sessions for ...
2025-10-02 12:55:57.841 [info] Getting sessions for all scopes...
2025-10-02 12:55:57.841 [info] Got 0 sessions for ...
2025-10-02 12:55:58.026 [info] Getting sessions for all scopes...
2025-10-02 12:55:58.026 [info] Got 0 sessions for ...
2025-10-02 12:55:58.027 [info] Getting sessions for all scopes...
2025-10-02 12:55:58.029 [info] Got 0 sessions for ...
2025-10-02 12:55:58.591 [info] Getting sessions for user:email...
2025-10-02 12:55:58.591 [info] Got 0 sessions for user:email...
2025-10-02 12:55:58.592 [info] Getting sessions for read:user,repo,user:email,workflow...
2025-10-02 12:55:58.592 [info] Got 0 sessions for read:user,repo,user:email,workflow...
2025-10-02 12:56:01.611 [info] Getting sessions for all scopes...
2025-10-02 12:56:01.611 [info] Got 0 sessions for ...
2025-10-02 12:56:01.613 [info] Getting sessions for read:user,repo,user:email,workflow...
2025-10-02 12:56:01.613 [info] Got 0 sessions for read:user,repo,user:email,workflow...
2025-10-02 12:56:01.666 [info] Getting sessions for all scopes...
2025-10-02 12:56:01.666 [info] Got 0 sessions for ...
2025-10-02 12:56:01.667 [info] Getting sessions for all scopes...
2025-10-02 12:56:01.667 [info] Got 0 sessions for ...
2025-10-02 12:56:01.693 [info] Getting sessions for read:user...
2025-10-02 12:56:01.693 [info] Got 0 sessions for read:user...
2025-10-02 12:56:01.710 [info] Getting sessions for user:email...
2025-10-02 12:56:01.710 [info] Got 0 sessions for user:email...
2025-10-02 12:56:02.782 [info] Getting sessions for all scopes...
2025-10-02 12:56:02.782 [info] Got 0 sessions for ...
2025-10-02 12:56:03.184 [info] Getting sessions for user:email...
2025-10-02 12:56:03.184 [info] Got 0 sessions for user:email...
2025-10-02 12:56:03.194 [info] Getting sessions for all scopes...
2025-10-02 12:56:03.194 [info] Got 0 sessions for ...
2025-10-02 12:56:03.196 [info] Getting sessions for all scopes...
2025-10-02 12:56:03.196 [info] Got 0 sessions for ...
2025-10-02 12:56:03.208 [info] Getting sessions for user:email...
2025-10-02 12:56:03.208 [info] Got 0 sessions for user:email...
2025-10-02 12:56:07.731 [info] Getting sessions for all scopes...
2025-10-02 12:56:07.732 [info] Got 0 sessions for ...
2025-10-02 12:56:07.735 [info] Getting sessions for user:email...
2025-10-02 12:56:07.736 [info] Got 0 sessions for user:email...
2025-10-02 12:56:07.749 [info] Getting sessions for all scopes...
2025-10-02 12:56:07.749 [info] Got 0 sessions for ...
2025-10-02 12:56:07.769 [info] Getting sessions for user:email...
2025-10-02 12:56:07.769 [info] Got 0 sessions for user:email...
2025-10-02 12:56:07.799 [info] Getting sessions for all scopes...
2025-10-02 12:56:07.799 [info] Got 0 sessions for ...
2025-10-02 12:56:07.811 [info] Getting sessions for user:email...
2025-10-02 12:56:07.811 [info] Got 0 sessions for user:email...
2025-10-02 12:56:07.824 [info] Getting sessions for all scopes...
2025-10-02 12:56:07.824 [info] Got 0 sessions for ...
2025-10-02 12:56:07.829 [info] Getting sessions for user:email...
2025-10-02 12:56:07.829 [info] Got 0 sessions for user:email...
2025-10-02 12:56:07.845 [info] Getting sessions for all scopes...
2025-10-02 12:56:07.845 [info] Got 0 sessions for ...
2025-10-02 12:56:07.846 [info] Getting sessions for all scopes...
2025-10-02 12:56:07.846 [info] Got 0 sessions for ...
2025-10-02 12:56:58.633 [info] Getting sessions for read:user,repo,user:email,workflow...
2025-10-02 12:56:58.633 [info] Got 0 sessions for read:user,repo,user:email,workflow...
2025-10-02 12:58:27.593 [info] Getting sessions for read:user,repo,user:email,workflow...
2025-10-02 12:58:27.594 [info] Got 0 sessions for read:user,repo,user:email,workflow...
2025-10-02 12:58:29.612 [info] Logging in with 'any' account...
2025-10-02 12:58:29.613 [info] Logging in for the following scopes: read:user repo user:email workflow
2025-10-02 12:58:29.774 [info] Trying with local server... (read:user repo user:email workflow)
2025-10-02 12:58:36.333 [info] Exchanging code for token...
2025-10-02 12:58:36.998 [info] fetching: Electron fetch succeeded (JSON)
2025-10-02 12:58:36.998 [info] Token exchange success!
2025-10-02 12:58:37.005 [info] Getting user info...
2025-10-02 12:58:37.648 [info] Got account info!
2025-10-02 12:58:37.654 [info] Storing 1 sessions...
2025-10-02 12:58:37.705 [info] Reading sessions from keychain...
2025-10-02 12:58:37.709 [info] Stored 1 sessions!
2025-10-02 12:58:37.712 [info] Login success!
2025-10-02 12:58:37.714 [info] Got stored sessions!
2025-10-02 12:58:37.714 [info] Got 1 verified sessions.
2025-10-02 12:58:37.727 [info] Getting sessions for all scopes...
2025-10-02 12:58:37.727 [info] Got 1 sessions for ...
2025-10-02 12:58:37.758 [info] Getting sessions for all scopes...
2025-10-02 12:58:37.758 [info] Got 1 sessions for ...
2025-10-02 12:58:37.767 [info] Getting sessions for all scopes...
2025-10-02 12:58:37.767 [info] Got 1 sessions for ...
2025-10-02 12:58:37.780 [info] Getting sessions for all scopes...
2025-10-02 12:58:37.780 [info] Got 1 sessions for ...
2025-10-02 12:58:37.808 [info] Getting sessions for all scopes...
2025-10-02 12:58:37.808 [info] Got 1 sessions for ...
2025-10-02 12:58:37.812 [info] Getting sessions for all scopes...
2025-10-02 12:58:37.812 [info] Got 1 sessions for ...
2025-10-02 12:58:37.825 [info] Getting sessions for all scopes...
2025-10-02 12:58:37.825 [info] Got 1 sessions for ...
2025-10-02 12:58:37.843 [info] Getting sessions for read:user,repo,user:email,workflow...
2025-10-02 12:58:37.844 [info] Got 1 sessions for read:user,repo,user:email,workflow...
2025-10-02 12:58:37.844 [info] Getting sessions for all scopes...
2025-10-02 12:58:37.844 [info] Got 1 sessions for ...
2025-10-02 12:58:38.364 [info] Getting sessions for read:user,repo,user:email,workflow...
2025-10-02 12:58:38.365 [info] Got 1 sessions for read:user,repo,user:email,workflow...
2025-10-02 12:58:38.386 [info] Getting sessions for all scopes...
2025-10-02 12:58:38.386 [info] Got 1 sessions for ...
2025-10-02 12:58:38.415 [info] Getting sessions for read:user,repo,user:email,workflow...
2025-10-02 12:58:38.415 [info] Got 1 sessions for read:user,repo,user:email,workflow...
2025-10-02 12:58:38.434 [info] Getting sessions for all scopes...
2025-10-02 12:58:38.434 [info] Got 1 sessions for ...
2025-10-02 12:58:38.443 [info] Getting sessions for read:user,repo,user:email,workflow...
2025-10-02 12:58:38.443 [info] Got 1 sessions for read:user,repo,user:email,workflow...
2025-10-02 12:58:39.376 [info] Getting sessions for all scopes...
2025-10-02 12:58:39.376 [info] Got 1 sessions for ...
2025-10-02 12:58:39.378 [info] Getting sessions for all scopes...
2025-10-02 12:58:39.378 [info] Got 1 sessions for ...
2025-10-02 12:58:39.407 [info] Getting sessions for read:user,repo,user:email,workflow...
2025-10-02 12:58:39.407 [info] Got 1 sessions for read:user,repo,user:email,workflow...
2025-10-02 12:58:39.430 [info] Getting sessions for all scopes...
2025-10-02 12:58:39.430 [info] Got 1 sessions for ...
2025-10-02 12:58:39.468 [info] Getting sessions for read:user,repo,user:email,workflow...
2025-10-02 12:58:39.469 [info] Got 1 sessions for read:user,repo,user:email,workflow...
2025-10-02 12:58:40.825 [info] Getting sessions for all scopes...
2025-10-02 12:58:40.825 [info] Got 1 sessions for ...
2025-10-02 12:58:40.933 [info] Getting sessions for all scopes...
2025-10-02 12:58:40.933 [info] Got 1 sessions for ...
2025-10-02 12:58:41.091 [info] Getting sessions for read:user,repo,user:email,workflow...
2025-10-02 12:58:41.091 [info] Got 1 sessions for read:user,repo,user:email,workflow...
