2025-09-20 22:34:22.134 [info] Reading sessions from keychain...
2025-09-20 22:34:22.134 [info] Getting sessions for all scopes...
2025-09-20 22:34:22.134 [info] Got 0 sessions for ...
2025-09-20 22:34:22.134 [info] Getting sessions for all scopes...
2025-09-20 22:34:22.134 [info] Got 0 sessions for ...
2025-09-20 22:34:22.134 [info] Getting sessions for all scopes...
2025-09-20 22:34:22.134 [info] Got 0 sessions for ...
2025-09-20 22:34:22.134 [info] Getting sessions for all scopes...
2025-09-20 22:34:22.134 [info] Got 0 sessions for ...
2025-09-20 22:34:22.134 [info] Getting sessions for all scopes...
2025-09-20 22:34:22.134 [info] Got 0 sessions for ...
2025-09-20 22:34:22.134 [info] Getting sessions for all scopes...
2025-09-20 22:34:22.134 [info] Got 0 sessions for ...
2025-09-20 22:34:22.134 [info] Getting sessions for all scopes...
2025-09-20 22:34:22.134 [info] Got 0 sessions for ...
2025-09-20 22:34:22.134 [info] Getting sessions for all scopes...
2025-09-20 22:34:22.134 [info] Got 0 sessions for ...
2025-09-20 22:34:22.134 [info] Getting sessions for all scopes...
2025-09-20 22:34:22.134 [info] Got 0 sessions for ...
2025-09-20 22:34:22.134 [info] Getting sessions for all scopes...
2025-09-20 22:34:22.134 [info] Got 0 sessions for ...
2025-09-20 22:34:22.134 [info] Getting sessions for all scopes...
2025-09-20 22:34:22.134 [info] Got 0 sessions for ...
2025-09-20 22:34:22.134 [info] Getting sessions for all scopes...
2025-09-20 22:34:22.134 [info] Got 0 sessions for ...
2025-09-20 22:34:22.134 [info] Getting sessions for all scopes...
2025-09-20 22:34:22.134 [info] Got 0 sessions for ...
2025-09-20 22:34:22.134 [info] Getting sessions for all scopes...
2025-09-20 22:34:22.134 [info] Got 0 sessions for ...
2025-09-20 22:34:22.134 [info] Getting sessions for all scopes...
2025-09-20 22:34:22.134 [info] Got 0 sessions for ...
2025-09-20 22:34:22.134 [info] Getting sessions for all scopes...
2025-09-20 22:34:22.134 [info] Got 0 sessions for ...
2025-09-20 22:34:22.134 [info] Getting sessions for all scopes...
2025-09-20 22:34:22.134 [info] Got 0 sessions for ...
2025-09-20 22:34:22.880 [info] Getting sessions for user:email...
2025-09-20 22:34:22.880 [info] Got 0 sessions for user:email...
2025-09-20 22:34:22.881 [info] Getting sessions for read:user,repo,user:email,workflow...
2025-09-20 22:34:22.881 [info] Got 0 sessions for read:user,repo,user:email,workflow...
2025-09-20 22:34:23.044 [info] Getting sessions for all scopes...
2025-09-20 22:34:23.044 [info] Got 0 sessions for ...
2025-09-20 22:34:40.358 [info] Getting sessions for all scopes...
2025-09-20 22:34:40.358 [info] Got 0 sessions for ...
2025-09-20 22:34:40.359 [info] Getting sessions for all scopes...
2025-09-20 22:34:40.359 [info] Got 0 sessions for ...
2025-09-20 22:34:40.359 [info] Getting sessions for all scopes...
2025-09-20 22:34:40.359 [info] Got 0 sessions for ...
