2025-10-02 17:53:37.717 [warning] Creation of workbench contribution 'workbench.contrib.preferencesActions' took 24ms.
2025-10-02 17:53:37.831 [warning] Creation of workbench contribution 'workbench.contrib.preferences' took 24ms.
2025-10-02 17:53:37.951 [warning] Creation of workbench contribution 'workbench.contrib.notebook' took 22ms.
2025-10-02 17:53:37.952 [warning] Creation of workbench contribution 'workbench.contrib.notebookMetadataContentProvider' took 53ms.
2025-10-02 17:53:38.053 [warning] Creation of workbench contribution 'workbench.contrib.explorerViewletViews' took 87ms.
2025-10-02 17:53:38.096 [warning] Creation of workbench contribution 'workbench.contrib.textFileSaveErrorHandler' took 53ms.
2025-10-02 17:53:38.139 [warning] Creation of workbench contribution 'workbench.contrib.scmMultiDiffSourceResolver' took 29ms.
2025-10-02 17:53:38.154 [warning] Creation of workbench contribution 'workbench.contrib.complexCustomWorkingCopyEditorHandler' took 27ms.
2025-10-02 17:53:38.236 [warning] Creation of workbench contribution 'workbench.contrib.remoteStatusIndicator' took 58ms.
2025-10-02 17:53:38.353 [warning] Creation of workbench contribution 'workbench.contrib.editorStatus' took 38ms.
2025-10-02 17:53:38.366 [warning] Creation of workbench contribution 'workbench.contrib.textMateTokenizationInstantiator' took 39ms.
2025-10-02 17:53:38.453 [warning] Creation of workbench contribution 'workbench.contrib.notebookChatContribution' took 66ms.
2025-10-02 17:53:38.562 [warning] Creation of workbench contribution 'workbench.contrib.chatSetup' took 110ms.
2025-10-02 17:53:38.630 [warning] Creation of workbench contribution 'workbench.contrib.chatTransfer' took 26ms.
2025-10-02 17:53:38.657 [warning] Creation of workbench contribution 'mcpContextKeys' took 26ms.
2025-10-02 17:53:38.685 [warning] Creation of workbench contribution 'workbench.contrib.interactiveDocument' took 34ms.
2025-10-02 17:53:38.747 [warning] Creation of workbench contribution 'workbench.contrib.userDataProfiles' took 27ms.
2025-10-02 17:53:38.816 [warning] Creation of workbench contribution 'workbench.contrib.configurationDefaultOverridesContribution' took 25ms.
2025-10-02 17:53:45.315 [info] Started local extension host with pid 489.
2025-10-02 17:54:03.962 [warning] [lifecycle] onWillShutdown is taking a long time, pending operations: join.closeStorage
