2025-10-02 17:55:24.536 [info] Reading sessions from keychain...
2025-10-02 17:55:24.536 [info] Getting sessions for all scopes...
2025-10-02 17:55:24.536 [info] Got 0 sessions for ...
2025-10-02 17:55:24.536 [info] Getting sessions for all scopes...
2025-10-02 17:55:24.536 [info] Got 0 sessions for ...
2025-10-02 17:55:24.536 [info] Getting sessions for all scopes...
2025-10-02 17:55:24.536 [info] Got 0 sessions for ...
2025-10-02 17:55:24.536 [info] Getting sessions for all scopes...
2025-10-02 17:55:24.536 [info] Got 0 sessions for ...
2025-10-02 17:55:24.536 [info] Getting sessions for all scopes...
2025-10-02 17:55:24.536 [info] Got 0 sessions for ...
2025-10-02 17:55:24.536 [info] Getting sessions for all scopes...
2025-10-02 17:55:24.536 [info] Got 0 sessions for ...
2025-10-02 17:55:24.536 [info] Getting sessions for all scopes...
2025-10-02 17:55:24.536 [info] Got 0 sessions for ...
2025-10-02 17:55:24.536 [info] Getting sessions for all scopes...
2025-10-02 17:55:24.536 [info] Got 0 sessions for ...
2025-10-02 17:55:24.536 [info] Getting sessions for all scopes...
2025-10-02 17:55:24.536 [info] Got 0 sessions for ...
2025-10-02 17:55:24.536 [info] Getting sessions for all scopes...
2025-10-02 17:55:24.537 [info] Got 0 sessions for ...
2025-10-02 17:55:24.537 [info] Getting sessions for all scopes...
2025-10-02 17:55:24.537 [info] Got 0 sessions for ...
2025-10-02 17:55:24.537 [info] Getting sessions for all scopes...
2025-10-02 17:55:24.537 [info] Got 0 sessions for ...
2025-10-02 17:55:24.537 [info] Getting sessions for all scopes...
2025-10-02 17:55:24.537 [info] Got 0 sessions for ...
2025-10-02 17:55:24.537 [info] Getting sessions for all scopes...
2025-10-02 17:55:24.537 [info] Got 0 sessions for ...
2025-10-02 17:55:24.537 [info] Getting sessions for all scopes...
2025-10-02 17:55:24.537 [info] Got 0 sessions for ...
2025-10-02 17:55:24.537 [info] Getting sessions for all scopes...
2025-10-02 17:55:24.537 [info] Got 0 sessions for ...
2025-10-02 17:55:24.537 [info] Getting sessions for all scopes...
2025-10-02 17:55:24.537 [info] Got 0 sessions for ...
2025-10-02 17:55:24.537 [info] Getting sessions for all scopes...
2025-10-02 17:55:24.537 [info] Got 0 sessions for ...
2025-10-02 17:55:24.537 [info] Getting sessions for all scopes...
2025-10-02 17:55:24.537 [info] Got 0 sessions for ...
2025-10-02 17:55:24.537 [info] Getting sessions for all scopes...
2025-10-02 17:55:24.537 [info] Got 0 sessions for ...
2025-10-02 17:55:24.537 [info] Getting sessions for all scopes...
2025-10-02 17:55:24.537 [info] Got 0 sessions for ...
2025-10-02 17:55:24.537 [info] Getting sessions for user:email...
2025-10-02 17:55:24.537 [info] Got 0 sessions for user:email...
2025-10-02 17:55:24.537 [info] Getting sessions for read:user,repo,user:email,workflow...
2025-10-02 17:55:24.537 [info] Got 0 sessions for read:user,repo,user:email,workflow...
2025-10-02 17:55:25.144 [info] Getting sessions for all scopes...
2025-10-02 17:55:25.144 [info] Got 0 sessions for ...
2025-10-02 17:55:25.159 [info] Getting sessions for read:user,repo,user:email,workflow...
2025-10-02 17:55:25.159 [info] Got 0 sessions for read:user,repo,user:email,workflow...
2025-10-02 17:55:26.315 [info] Getting sessions for all scopes...
2025-10-02 17:55:26.316 [info] Got 0 sessions for ...
2025-10-02 17:55:26.409 [info] Getting sessions for all scopes...
2025-10-02 17:55:26.409 [info] Got 0 sessions for ...
2025-10-02 17:55:26.662 [info] Getting sessions for all scopes...
2025-10-02 17:55:26.662 [info] Got 0 sessions for ...
2025-10-02 17:55:28.103 [info] Getting sessions for read:user...
2025-10-02 17:55:28.103 [info] Got 0 sessions for read:user...
2025-10-02 17:55:28.467 [info] Getting sessions for user:email...
2025-10-02 17:55:28.467 [info] Got 0 sessions for user:email...
2025-10-02 17:55:29.133 [info] Getting sessions for read:user,repo,user:email,workflow...
2025-10-02 17:55:29.133 [info] Got 0 sessions for read:user,repo,user:email,workflow...
2025-10-02 17:55:29.136 [info] Getting sessions for user:email...
2025-10-02 17:55:29.136 [info] Got 0 sessions for user:email...
2025-10-02 17:55:29.771 [info] Getting sessions for all scopes...
2025-10-02 17:55:29.792 [info] Got 0 sessions for ...
2025-10-02 17:55:29.793 [info] Getting sessions for all scopes...
2025-10-02 17:55:29.793 [info] Got 0 sessions for ...
2025-10-02 17:55:30.812 [info] Getting sessions for user:email...
2025-10-02 17:55:30.812 [info] Got 0 sessions for user:email...
2025-10-02 17:55:32.781 [info] Getting sessions for all scopes...
2025-10-02 17:55:32.781 [info] Got 0 sessions for ...
2025-10-02 17:55:32.786 [info] Getting sessions for user:email...
2025-10-02 17:55:32.786 [info] Got 0 sessions for user:email...
2025-10-02 17:55:32.792 [info] Getting sessions for all scopes...
2025-10-02 17:55:32.792 [info] Got 0 sessions for ...
2025-10-02 17:55:32.794 [info] Getting sessions for user:email...
2025-10-02 17:55:32.794 [info] Got 0 sessions for user:email...
2025-10-02 17:55:32.812 [info] Getting sessions for all scopes...
2025-10-02 17:55:32.812 [info] Got 0 sessions for ...
2025-10-02 17:55:32.839 [info] Getting sessions for user:email...
2025-10-02 17:55:32.839 [info] Got 0 sessions for user:email...
2025-10-02 17:55:32.843 [info] Getting sessions for all scopes...
2025-10-02 17:55:32.843 [info] Got 0 sessions for ...
2025-10-02 17:55:32.852 [info] Getting sessions for user:email...
2025-10-02 17:55:32.852 [info] Got 0 sessions for user:email...
2025-10-02 17:55:32.879 [info] Getting sessions for all scopes...
2025-10-02 17:55:32.879 [info] Got 0 sessions for ...
2025-10-02 17:55:32.897 [info] Getting sessions for all scopes...
2025-10-02 17:55:32.897 [info] Got 0 sessions for ...
2025-10-02 17:55:51.017 [info] Getting sessions for read:user,repo,user:email,workflow...
2025-10-02 17:55:51.018 [info] Got 0 sessions for read:user,repo,user:email,workflow...
2025-10-02 17:55:54.717 [info] Logging in with 'any' account...
2025-10-02 17:55:54.717 [info] Logging in for the following scopes: read:user repo user:email workflow
2025-10-02 17:55:55.006 [info] Trying with local server... (read:user repo user:email workflow)
2025-10-02 17:56:14.124 [info] Exchanging code for token...
2025-10-02 17:56:14.869 [info] fetching: Electron fetch succeeded (JSON)
2025-10-02 17:56:14.869 [info] Token exchange success!
2025-10-02 17:56:14.878 [info] Getting user info...
2025-10-02 17:56:15.563 [info] Got account info!
2025-10-02 17:56:15.565 [info] Storing 1 sessions...
2025-10-02 17:56:15.634 [info] Reading sessions from keychain...
2025-10-02 17:56:15.634 [info] Stored 1 sessions!
2025-10-02 17:56:15.635 [info] Login success!
2025-10-02 17:56:15.644 [info] Got stored sessions!
2025-10-02 17:56:15.644 [info] Got 1 verified sessions.
2025-10-02 17:56:15.645 [info] Getting sessions for all scopes...
2025-10-02 17:56:15.645 [info] Got 1 sessions for ...
2025-10-02 17:56:15.708 [info] Getting sessions for all scopes...
2025-10-02 17:56:15.708 [info] Got 1 sessions for ...
2025-10-02 17:56:15.710 [info] Getting sessions for all scopes...
2025-10-02 17:56:15.713 [info] Got 1 sessions for ...
2025-10-02 17:56:15.720 [info] Getting sessions for all scopes...
2025-10-02 17:56:15.720 [info] Got 1 sessions for ...
2025-10-02 17:56:15.726 [info] Getting sessions for all scopes...
2025-10-02 17:56:15.726 [info] Got 1 sessions for ...
2025-10-02 17:56:15.727 [info] Getting sessions for all scopes...
2025-10-02 17:56:15.727 [info] Got 1 sessions for ...
2025-10-02 17:56:15.727 [info] Getting sessions for all scopes...
2025-10-02 17:56:15.727 [info] Got 1 sessions for ...
2025-10-02 17:56:15.738 [info] Getting sessions for read:user,repo,user:email,workflow...
2025-10-02 17:56:15.738 [info] Got 1 sessions for read:user,repo,user:email,workflow...
2025-10-02 17:56:15.739 [info] Getting sessions for read:user,repo,user:email,workflow...
2025-10-02 17:56:15.739 [info] Got 1 sessions for read:user,repo,user:email,workflow...
2025-10-02 17:56:15.739 [info] Getting sessions for all scopes...
2025-10-02 17:56:15.739 [info] Got 1 sessions for ...
2025-10-02 17:56:15.884 [info] Getting sessions for read:user,repo,user:email,workflow...
2025-10-02 17:56:15.884 [info] Got 1 sessions for read:user,repo,user:email,workflow...
2025-10-02 17:56:16.024 [info] Getting sessions for all scopes...
2025-10-02 17:56:16.024 [info] Got 1 sessions for ...
2025-10-02 17:56:16.045 [info] Getting sessions for read:user,repo,user:email,workflow...
2025-10-02 17:56:16.045 [info] Got 1 sessions for read:user,repo,user:email,workflow...
2025-10-02 17:56:16.077 [info] Getting sessions for all scopes...
2025-10-02 17:56:16.077 [info] Got 1 sessions for ...
2025-10-02 17:56:16.559 [info] Getting sessions for read:user,repo,user:email,workflow...
2025-10-02 17:56:16.560 [info] Got 1 sessions for read:user,repo,user:email,workflow...
2025-10-02 17:56:17.581 [info] Getting sessions for all scopes...
2025-10-02 17:56:17.581 [info] Got 1 sessions for ...
2025-10-02 17:56:17.585 [info] Getting sessions for all scopes...
2025-10-02 17:56:17.585 [info] Got 1 sessions for ...
2025-10-02 17:56:18.421 [info] Getting sessions for read:user,repo,user:email,workflow...
2025-10-02 17:56:18.421 [info] Got 1 sessions for read:user,repo,user:email,workflow...
2025-10-02 17:56:22.538 [info] Getting sessions for all scopes...
2025-10-02 17:56:22.538 [info] Got 1 sessions for ...
2025-10-02 17:56:22.992 [info] Getting sessions for read:user,repo,user:email,workflow...
2025-10-02 17:56:22.992 [info] Got 1 sessions for read:user,repo,user:email,workflow...
2025-10-02 17:56:24.167 [info] Getting sessions for all scopes...
2025-10-02 17:56:24.167 [info] Got 1 sessions for ...
2025-10-02 17:56:24.377 [info] Getting sessions for all scopes...
2025-10-02 17:56:24.377 [info] Got 1 sessions for ...
2025-10-02 17:56:24.415 [info] Getting sessions for read:user,repo,user:email,workflow...
2025-10-02 17:56:24.415 [info] Got 1 sessions for read:user,repo,user:email,workflow...
