2025-10-03 10:51:36.934 [info] [main] Log level: Info
2025-10-03 10:51:36.934 [info] [main] Validating found git in: "git"
2025-10-03 10:51:36.934 [info] [main] Using git "2.39.5" from "git"
2025-10-03 10:51:36.934 [info] [Model][doInitialScan] Initial repository scan started
2025-10-03 10:51:36.934 [info] > git rev-parse --show-toplevel [336ms]
2025-10-03 10:51:36.934 [info] > git rev-parse --git-dir --git-common-dir --show-superproject-working-tree [1325ms]
2025-10-03 10:51:36.934 [info] [Model][openRepository] Opened repository (path): /home/as4454508/experiment1/experiment1-abhay15032008
2025-10-03 10:51:36.934 [info] [Model][openRepository] Opened repository (real path): /home/as4454508/experiment1/experiment1-abhay15032008
2025-10-03 10:51:36.934 [info] [Model][openRepository] Opened repository (kind): repository
2025-10-03 10:51:36.934 [info] [Model][doInitialScan] Initial repository scan completed - repositories (1), closed repositories (0), parent repositories (0), unsafe repositories (0)
2025-10-03 10:51:36.935 [info] > git config --get commit.template [4497ms]
2025-10-03 10:51:36.942 [info] > git for-each-ref --format=%(refname)%00%(upstream:short)%00%(objectname)%00%(upstream:track)%00%(upstream:remotename)%00%(upstream:remoteref) refs/heads/main refs/remotes/main [15ms]
2025-10-03 10:51:36.990 [info] > git status -z -uall [26ms]
2025-10-03 10:51:36.992 [info] > git for-each-ref --sort -committerdate --format %(refname)%00%(objectname)%00%(*objectname) [7ms]
2025-10-03 10:51:37.063 [info] > git for-each-ref --format=%(refname)%00%(upstream:short)%00%(objectname)%00%(upstream:track)%00%(upstream:remotename)%00%(upstream:remoteref) refs/heads/main refs/remotes/main [27ms]
2025-10-03 10:51:37.083 [info] > git config --get commit.template [22ms]
2025-10-03 10:51:37.087 [info] > git config --get --local branch.main.vscode-merge-base [7ms]
2025-10-03 10:51:37.185 [info] > git for-each-ref --format=%(refname)%00%(upstream:short)%00%(objectname)%00%(upstream:track)%00%(upstream:remotename)%00%(upstream:remoteref) refs/heads/origin/main refs/remotes/origin/main [72ms]
2025-10-03 10:51:37.368 [info] > git merge-base refs/heads/main refs/remotes/origin/main [47ms]
2025-10-03 10:51:37.516 [info] > git for-each-ref --format=%(refname)%00%(upstream:short)%00%(objectname)%00%(upstream:track)%00%(upstream:remotename)%00%(upstream:remoteref) refs/heads/main refs/remotes/main [372ms]
2025-10-03 10:51:37.876 [info] > git check-ignore -v -z --stdin [260ms]
2025-10-03 10:51:37.880 [info] > git diff --name-status -z --diff-filter=ADMR 7f85c8c3150a9500b9136687172b25642228cf44...refs/remotes/origin/main [364ms]
2025-10-03 10:51:38.239 [info] > git show --textconv :index.html [85ms]
2025-10-03 10:51:38.422 [info] > git ls-files --stage -- index.html [201ms]
2025-10-03 10:51:38.475 [info] > git status -z -uall [103ms]
2025-10-03 10:51:38.475 [info] > git cat-file -s e38d35eff59d4d4c8004ca9fed457d5f27c0867c [25ms]
2025-10-03 10:51:38.481 [info] > git for-each-ref --sort -committerdate --format %(refname)%00%(objectname)%00%(*objectname) [64ms]
2025-10-03 10:51:39.727 [info] > git blame --root --incremental 7f85c8c3150a9500b9136687172b25642228cf44 -- index.html [151ms]
