2025-10-03 10:51:15.204 [info] Reading sessions from keychain...
2025-10-03 10:51:15.204 [info] Getting sessions for all scopes...
2025-10-03 10:51:15.204 [info] Got 0 sessions for ...
2025-10-03 10:51:15.204 [info] Getting sessions for all scopes...
2025-10-03 10:51:15.204 [info] Got 0 sessions for ...
2025-10-03 10:51:15.204 [info] Getting sessions for all scopes...
2025-10-03 10:51:15.204 [info] Got 0 sessions for ...
2025-10-03 10:51:15.204 [info] Getting sessions for all scopes...
2025-10-03 10:51:15.204 [info] Got 0 sessions for ...
2025-10-03 10:51:15.204 [info] Getting sessions for all scopes...
2025-10-03 10:51:15.204 [info] Got 0 sessions for ...
2025-10-03 10:51:15.204 [info] Getting sessions for all scopes...
2025-10-03 10:51:15.204 [info] Got 0 sessions for ...
2025-10-03 10:51:15.204 [info] Getting sessions for all scopes...
2025-10-03 10:51:15.204 [info] Got 0 sessions for ...
2025-10-03 10:51:15.204 [info] Getting sessions for all scopes...
2025-10-03 10:51:15.204 [info] Got 0 sessions for ...
2025-10-03 10:51:15.204 [info] Getting sessions for all scopes...
2025-10-03 10:51:15.204 [info] Got 0 sessions for ...
2025-10-03 10:51:15.204 [info] Getting sessions for all scopes...
2025-10-03 10:51:15.204 [info] Got 0 sessions for ...
2025-10-03 10:51:15.204 [info] Getting sessions for all scopes...
2025-10-03 10:51:15.204 [info] Got 0 sessions for ...
2025-10-03 10:51:15.204 [info] Getting sessions for all scopes...
2025-10-03 10:51:15.204 [info] Got 0 sessions for ...
2025-10-03 10:51:15.204 [info] Getting sessions for all scopes...
2025-10-03 10:51:15.204 [info] Got 0 sessions for ...
2025-10-03 10:51:15.204 [info] Getting sessions for all scopes...
2025-10-03 10:51:15.204 [info] Got 0 sessions for ...
2025-10-03 10:51:15.204 [info] Getting sessions for all scopes...
2025-10-03 10:51:15.204 [info] Got 0 sessions for ...
2025-10-03 10:51:15.204 [info] Getting sessions for all scopes...
2025-10-03 10:51:15.204 [info] Got 0 sessions for ...
2025-10-03 10:51:15.204 [info] Getting sessions for all scopes...
2025-10-03 10:51:15.204 [info] Got 0 sessions for ...
2025-10-03 10:51:15.204 [info] Getting sessions for all scopes...
2025-10-03 10:51:15.204 [info] Got 0 sessions for ...
2025-10-03 10:51:15.204 [info] Getting sessions for all scopes...
2025-10-03 10:51:15.204 [info] Got 0 sessions for ...
2025-10-03 10:51:15.204 [info] Getting sessions for all scopes...
2025-10-03 10:51:15.204 [info] Got 0 sessions for ...
2025-10-03 10:51:15.204 [info] Getting sessions for all scopes...
2025-10-03 10:51:15.204 [info] Got 0 sessions for ...
2025-10-03 10:51:15.204 [info] Getting sessions for user:email...
2025-10-03 10:51:15.204 [info] Got 0 sessions for user:email...
2025-10-03 10:51:15.204 [info] Getting sessions for read:user,repo,user:email,workflow...
2025-10-03 10:51:15.204 [info] Got 0 sessions for read:user,repo,user:email,workflow...
2025-10-03 10:51:15.382 [info] Getting sessions for all scopes...
2025-10-03 10:51:15.382 [info] Got 0 sessions for ...
2025-10-03 10:51:15.384 [info] Getting sessions for read:user,repo,user:email,workflow...
2025-10-03 10:51:15.388 [info] Got 0 sessions for read:user,repo,user:email,workflow...
2025-10-03 10:51:15.761 [info] Getting sessions for all scopes...
2025-10-03 10:51:15.761 [info] Got 0 sessions for ...
2025-10-03 10:51:15.939 [info] Getting sessions for all scopes...
2025-10-03 10:51:15.939 [info] Got 0 sessions for ...
2025-10-03 10:51:15.964 [info] Getting sessions for read:user...
2025-10-03 10:51:15.964 [info] Got 0 sessions for read:user...
2025-10-03 10:51:16.202 [info] Getting sessions for user:email...
2025-10-03 10:51:16.202 [info] Got 0 sessions for user:email...
2025-10-03 10:51:16.743 [info] Getting sessions for read:user,repo,user:email,workflow...
2025-10-03 10:51:16.743 [info] Got 0 sessions for read:user,repo,user:email,workflow...
2025-10-03 10:51:19.004 [info] Getting sessions for all scopes...
2025-10-03 10:51:19.005 [info] Got 0 sessions for ...
2025-10-03 10:51:21.973 [info] Getting sessions for user:email...
2025-10-03 10:51:21.973 [info] Got 0 sessions for user:email...
2025-10-03 10:51:22.123 [info] Getting sessions for all scopes...
2025-10-03 10:51:22.123 [info] Got 0 sessions for ...
2025-10-03 10:51:22.175 [info] Getting sessions for all scopes...
2025-10-03 10:51:22.175 [info] Got 0 sessions for ...
2025-10-03 10:51:22.243 [info] Getting sessions for user:email...
2025-10-03 10:51:22.243 [info] Got 0 sessions for user:email...
2025-10-03 10:51:25.138 [info] Getting sessions for all scopes...
2025-10-03 10:51:25.138 [info] Got 0 sessions for ...
2025-10-03 10:51:25.387 [info] Getting sessions for user:email...
2025-10-03 10:51:25.387 [info] Got 0 sessions for user:email...
2025-10-03 10:51:25.452 [info] Getting sessions for all scopes...
2025-10-03 10:51:25.453 [info] Got 0 sessions for ...
2025-10-03 10:51:25.486 [info] Getting sessions for user:email...
2025-10-03 10:51:25.486 [info] Got 0 sessions for user:email...
2025-10-03 10:51:25.580 [info] Getting sessions for all scopes...
2025-10-03 10:51:25.580 [info] Got 0 sessions for ...
2025-10-03 10:51:25.610 [info] Getting sessions for all scopes...
2025-10-03 10:51:25.632 [info] Got 0 sessions for ...
