2025-09-20 15:35:48.503 [info] Reading sessions from keychain...
2025-09-20 15:35:48.503 [info] Getting sessions for all scopes...
2025-09-20 15:35:48.612 [info] Got 0 sessions for ...
2025-09-20 15:35:48.612 [info] Getting sessions for all scopes...
2025-09-20 15:35:48.612 [info] Got 0 sessions for ...
2025-09-20 15:35:48.612 [info] Getting sessions for all scopes...
2025-09-20 15:35:48.612 [info] Got 0 sessions for ...
2025-09-20 15:35:48.613 [info] Getting sessions for all scopes...
2025-09-20 15:35:48.613 [info] Got 0 sessions for ...
2025-09-20 15:35:48.614 [info] Getting sessions for all scopes...
2025-09-20 15:35:48.614 [info] Got 0 sessions for ...
2025-09-20 15:35:48.614 [info] Getting sessions for all scopes...
2025-09-20 15:35:48.614 [info] Got 0 sessions for ...
2025-09-20 15:35:48.614 [info] Getting sessions for all scopes...
2025-09-20 15:35:48.614 [info] Got 0 sessions for ...
2025-09-20 15:35:48.888 [info] Getting sessions for all scopes...
2025-09-20 15:35:48.889 [info] Got 0 sessions for ...
2025-09-20 15:35:48.891 [info] Getting sessions for all scopes...
2025-09-20 15:35:48.891 [info] Got 0 sessions for ...
2025-09-20 15:35:48.893 [info] Getting sessions for all scopes...
2025-09-20 15:35:48.893 [info] Got 0 sessions for ...
2025-09-20 15:35:48.893 [info] Getting sessions for all scopes...
2025-09-20 15:35:48.894 [info] Got 0 sessions for ...
2025-09-20 15:35:48.894 [info] Getting sessions for all scopes...
2025-09-20 15:35:48.894 [info] Got 0 sessions for ...
2025-09-20 15:35:48.894 [info] Getting sessions for all scopes...
2025-09-20 15:35:48.894 [info] Got 0 sessions for ...
2025-09-20 15:36:02.296 [info] Getting sessions for all scopes...
2025-09-20 15:36:02.296 [info] Got 0 sessions for ...
2025-09-20 15:36:02.379 [info] Getting sessions for all scopes...
2025-09-20 15:36:02.380 [info] Got 0 sessions for ...
2025-09-20 15:36:02.439 [info] Getting sessions for all scopes...
2025-09-20 15:36:02.439 [info] Got 0 sessions for ...
2025-09-20 15:36:02.440 [info] Getting sessions for all scopes...
2025-09-20 15:36:02.440 [info] Got 0 sessions for ...
2025-09-20 15:36:02.441 [info] Getting sessions for all scopes...
2025-09-20 15:36:02.441 [info] Got 0 sessions for ...
2025-09-20 15:36:02.861 [info] Getting sessions for all scopes...
2025-09-20 15:36:02.861 [info] Got 0 sessions for ...
2025-09-20 15:36:02.862 [info] Getting sessions for all scopes...
2025-09-20 15:36:02.862 [info] Got 0 sessions for ...
2025-09-20 15:36:04.306 [info] Getting sessions for user:email...
2025-09-20 15:36:04.306 [info] Got 0 sessions for user:email...
2025-09-20 15:36:04.307 [info] Getting sessions for read:user,repo,user:email,workflow...
2025-09-20 15:36:04.307 [info] Got 0 sessions for read:user,repo,user:email,workflow...
2025-09-20 15:36:06.899 [info] Getting sessions for all scopes...
2025-09-20 15:36:06.899 [info] Got 0 sessions for ...
2025-09-20 15:36:06.903 [info] Getting sessions for read:user,repo,user:email,workflow...
2025-09-20 15:36:06.903 [info] Got 0 sessions for read:user,repo,user:email,workflow...
2025-09-20 15:36:06.925 [info] Getting sessions for all scopes...
2025-09-20 15:36:06.925 [info] Got 0 sessions for ...
2025-09-20 15:36:06.988 [info] Getting sessions for read:user...
2025-09-20 15:36:06.988 [info] Got 0 sessions for read:user...
2025-09-20 15:36:07.108 [info] Getting sessions for all scopes...
2025-09-20 15:36:07.108 [info] Got 0 sessions for ...
2025-09-20 15:36:07.124 [info] Getting sessions for user:email...
2025-09-20 15:36:07.124 [info] Got 0 sessions for user:email...
2025-09-20 15:36:08.136 [info] Getting sessions for all scopes...
2025-09-20 15:36:08.137 [info] Got 0 sessions for ...
2025-09-20 15:36:08.149 [info] Getting sessions for user:email...
2025-09-20 15:36:08.149 [info] Got 0 sessions for user:email...
2025-09-20 15:36:08.156 [info] Getting sessions for all scopes...
2025-09-20 15:36:08.156 [info] Got 0 sessions for ...
2025-09-20 15:36:08.158 [info] Getting sessions for all scopes...
2025-09-20 15:36:08.158 [info] Got 0 sessions for ...
2025-09-20 15:36:08.166 [info] Getting sessions for user:email...
2025-09-20 15:36:08.166 [info] Got 0 sessions for user:email...
2025-09-20 15:36:10.312 [info] Getting sessions for all scopes...
2025-09-20 15:36:10.312 [info] Got 0 sessions for ...
2025-09-20 15:36:10.336 [info] Getting sessions for user:email...
2025-09-20 15:36:10.337 [info] Got 0 sessions for user:email...
2025-09-20 15:36:10.354 [info] Getting sessions for all scopes...
2025-09-20 15:36:10.354 [info] Got 0 sessions for ...
2025-09-20 15:36:10.369 [info] Getting sessions for user:email...
2025-09-20 15:36:10.369 [info] Got 0 sessions for user:email...
2025-09-20 15:36:10.403 [info] Getting sessions for all scopes...
2025-09-20 15:36:10.403 [info] Got 0 sessions for ...
2025-09-20 15:36:10.445 [info] Getting sessions for user:email...
2025-09-20 15:36:10.445 [info] Got 0 sessions for user:email...
2025-09-20 15:36:10.450 [info] Getting sessions for all scopes...
2025-09-20 15:36:10.450 [info] Got 0 sessions for ...
2025-09-20 15:36:10.452 [info] Getting sessions for user:email...
2025-09-20 15:36:10.452 [info] Got 0 sessions for user:email...
2025-09-20 15:36:10.479 [info] Getting sessions for all scopes...
2025-09-20 15:36:10.479 [info] Got 0 sessions for ...
2025-09-20 15:36:10.482 [info] Getting sessions for all scopes...
2025-09-20 15:36:10.482 [info] Got 0 sessions for ...
