2025-10-02 17:55:08.947 [info] Reading sessions from keychain...
2025-10-02 17:55:08.947 [info] Getting sessions for all scopes...
2025-10-02 17:55:08.947 [info] Got 0 sessions for ...
2025-10-02 17:55:08.947 [info] Getting sessions for all scopes...
2025-10-02 17:55:08.947 [info] Got 0 sessions for ...
2025-10-02 17:55:08.947 [info] Getting sessions for all scopes...
2025-10-02 17:55:08.947 [info] Got 0 sessions for ...
2025-10-02 17:55:08.947 [info] Getting sessions for all scopes...
2025-10-02 17:55:08.947 [info] Got 0 sessions for ...
2025-10-02 17:55:08.947 [info] Getting sessions for all scopes...
2025-10-02 17:55:08.947 [info] Got 0 sessions for ...
2025-10-02 17:55:08.947 [info] Getting sessions for all scopes...
2025-10-02 17:55:08.947 [info] Got 0 sessions for ...
2025-10-02 17:55:08.947 [info] Getting sessions for all scopes...
2025-10-02 17:55:08.947 [info] Got 0 sessions for ...
2025-10-02 17:55:08.947 [info] Getting sessions for all scopes...
2025-10-02 17:55:08.947 [info] Got 0 sessions for ...
2025-10-02 17:55:08.947 [info] Getting sessions for all scopes...
2025-10-02 17:55:08.947 [info] Got 0 sessions for ...
2025-10-02 17:55:08.947 [info] Getting sessions for all scopes...
2025-10-02 17:55:08.947 [info] Got 0 sessions for ...
2025-10-02 17:55:08.947 [info] Getting sessions for all scopes...
2025-10-02 17:55:08.948 [info] Got 0 sessions for ...
2025-10-02 17:55:08.948 [info] Getting sessions for all scopes...
2025-10-02 17:55:08.948 [info] Got 0 sessions for ...
2025-10-02 17:55:08.948 [info] Getting sessions for all scopes...
2025-10-02 17:55:08.948 [info] Got 0 sessions for ...
2025-10-02 17:55:08.948 [info] Getting sessions for all scopes...
2025-10-02 17:55:08.948 [info] Got 0 sessions for ...
2025-10-02 17:55:08.948 [info] Getting sessions for all scopes...
2025-10-02 17:55:08.948 [info] Got 0 sessions for ...
2025-10-02 17:55:08.948 [info] Getting sessions for all scopes...
2025-10-02 17:55:08.948 [info] Got 0 sessions for ...
2025-10-02 17:55:08.948 [info] Getting sessions for all scopes...
2025-10-02 17:55:08.948 [info] Got 0 sessions for ...
2025-10-02 17:55:08.948 [info] Getting sessions for all scopes...
2025-10-02 17:55:08.948 [info] Got 0 sessions for ...
2025-10-02 17:55:08.948 [info] Getting sessions for all scopes...
2025-10-02 17:55:08.948 [info] Got 0 sessions for ...
2025-10-02 17:55:08.948 [info] Getting sessions for all scopes...
2025-10-02 17:55:08.948 [info] Got 0 sessions for ...
2025-10-02 17:55:08.948 [info] Getting sessions for all scopes...
2025-10-02 17:55:08.948 [info] Got 0 sessions for ...
2025-10-02 17:55:08.948 [info] Getting sessions for user:email...
2025-10-02 17:55:08.948 [info] Got 0 sessions for user:email...
2025-10-02 17:55:08.948 [info] Getting sessions for read:user,repo,user:email,workflow...
2025-10-02 17:55:08.948 [info] Got 0 sessions for read:user,repo,user:email,workflow...
2025-10-02 17:55:11.904 [info] Getting sessions for all scopes...
2025-10-02 17:55:11.904 [info] Got 0 sessions for ...
2025-10-02 17:55:11.938 [info] Getting sessions for read:user,repo,user:email,workflow...
2025-10-02 17:55:11.938 [info] Got 0 sessions for read:user,repo,user:email,workflow...
2025-10-02 17:55:13.019 [info] Getting sessions for all scopes...
2025-10-02 17:55:13.019 [info] Got 0 sessions for ...
2025-10-02 17:55:14.414 [info] Getting sessions for all scopes...
2025-10-02 17:55:14.414 [info] Got 0 sessions for ...
2025-10-02 17:55:14.608 [info] Getting sessions for read:user...
2025-10-02 17:55:14.608 [info] Got 0 sessions for read:user...
2025-10-02 17:55:14.659 [info] Getting sessions for all scopes...
2025-10-02 17:55:14.660 [info] Got 0 sessions for ...
2025-10-02 17:55:15.021 [info] Getting sessions for user:email...
2025-10-02 17:55:15.026 [info] Got 0 sessions for user:email...
2025-10-02 17:55:15.034 [info] Getting sessions for user:email...
2025-10-02 17:55:15.034 [info] Got 0 sessions for user:email...
2025-10-02 17:55:17.228 [info] Getting sessions for all scopes...
2025-10-02 17:55:17.228 [info] Got 0 sessions for ...
2025-10-02 17:55:17.229 [info] Getting sessions for all scopes...
2025-10-02 17:55:17.229 [info] Got 0 sessions for ...
2025-10-02 17:55:17.525 [info] Getting sessions for read:user,repo,user:email,workflow...
2025-10-02 17:55:17.525 [info] Got 0 sessions for read:user,repo,user:email,workflow...
2025-10-02 17:55:20.211 [info] Getting sessions for user:email...
2025-10-02 17:55:20.213 [info] Got 0 sessions for user:email...
2025-10-02 17:55:21.315 [info] Getting sessions for all scopes...
2025-10-02 17:55:21.316 [info] Got 0 sessions for ...
2025-10-02 17:55:21.487 [info] Getting sessions for user:email...
2025-10-02 17:55:21.487 [info] Got 0 sessions for user:email...
2025-10-02 17:55:21.503 [info] Getting sessions for all scopes...
2025-10-02 17:55:21.503 [info] Got 0 sessions for ...
2025-10-02 17:55:21.520 [info] Getting sessions for user:email...
2025-10-02 17:55:21.520 [info] Got 0 sessions for user:email...
2025-10-02 17:55:21.616 [info] Getting sessions for all scopes...
2025-10-02 17:55:21.616 [info] Got 0 sessions for ...
2025-10-02 17:55:21.652 [info] Getting sessions for user:email...
2025-10-02 17:55:21.652 [info] Got 0 sessions for user:email...
2025-10-02 17:55:21.732 [info] Getting sessions for all scopes...
2025-10-02 17:55:21.732 [info] Got 0 sessions for ...
2025-10-02 17:55:21.737 [info] Getting sessions for user:email...
2025-10-02 17:55:21.737 [info] Got 0 sessions for user:email...
2025-10-02 17:55:21.803 [info] Getting sessions for all scopes...
2025-10-02 17:55:21.803 [info] Got 0 sessions for ...
2025-10-02 17:55:21.820 [info] Getting sessions for all scopes...
2025-10-02 17:55:21.820 [info] Got 0 sessions for ...
