2025-10-04 23:00:38.636 [info] Reading sessions from keychain...
2025-10-04 23:00:38.636 [info] Getting sessions for all scopes...
2025-10-04 23:00:38.636 [info] Got 0 sessions for ...
2025-10-04 23:00:38.636 [info] Getting sessions for all scopes...
2025-10-04 23:00:38.636 [info] Got 0 sessions for ...
2025-10-04 23:00:38.636 [info] Getting sessions for all scopes...
2025-10-04 23:00:38.636 [info] Got 0 sessions for ...
2025-10-04 23:00:38.636 [info] Getting sessions for all scopes...
2025-10-04 23:00:38.636 [info] Got 0 sessions for ...
2025-10-04 23:00:38.636 [info] Getting sessions for all scopes...
2025-10-04 23:00:38.636 [info] Got 0 sessions for ...
2025-10-04 23:00:38.636 [info] Getting sessions for all scopes...
2025-10-04 23:00:38.636 [info] Got 0 sessions for ...
2025-10-04 23:00:38.636 [info] Getting sessions for all scopes...
2025-10-04 23:00:38.636 [info] Got 0 sessions for ...
2025-10-04 23:00:38.636 [info] Getting sessions for all scopes...
2025-10-04 23:00:38.636 [info] Got 0 sessions for ...
2025-10-04 23:00:38.636 [info] Getting sessions for all scopes...
2025-10-04 23:00:38.636 [info] Got 0 sessions for ...
2025-10-04 23:00:38.636 [info] Getting sessions for all scopes...
2025-10-04 23:00:38.636 [info] Got 0 sessions for ...
2025-10-04 23:00:38.636 [info] Getting sessions for all scopes...
2025-10-04 23:00:38.636 [info] Got 0 sessions for ...
2025-10-04 23:00:38.636 [info] Getting sessions for all scopes...
2025-10-04 23:00:38.636 [info] Got 0 sessions for ...
2025-10-04 23:00:38.636 [info] Getting sessions for all scopes...
2025-10-04 23:00:38.637 [info] Got 0 sessions for ...
2025-10-04 23:00:38.637 [info] Getting sessions for all scopes...
2025-10-04 23:00:38.637 [info] Got 0 sessions for ...
2025-10-04 23:00:38.637 [info] Getting sessions for all scopes...
2025-10-04 23:00:38.637 [info] Got 0 sessions for ...
2025-10-04 23:00:38.637 [info] Getting sessions for all scopes...
2025-10-04 23:00:38.637 [info] Got 0 sessions for ...
2025-10-04 23:00:38.637 [info] Getting sessions for all scopes...
2025-10-04 23:00:38.637 [info] Got 0 sessions for ...
2025-10-04 23:00:38.637 [info] Getting sessions for all scopes...
2025-10-04 23:00:38.637 [info] Got 0 sessions for ...
2025-10-04 23:00:38.637 [info] Getting sessions for all scopes...
2025-10-04 23:00:38.637 [info] Got 0 sessions for ...
2025-10-04 23:00:38.637 [info] Getting sessions for all scopes...
2025-10-04 23:00:38.637 [info] Got 0 sessions for ...
2025-10-04 23:00:38.637 [info] Getting sessions for all scopes...
2025-10-04 23:00:38.637 [info] Got 0 sessions for ...
2025-10-04 23:00:38.637 [info] Getting sessions for user:email...
2025-10-04 23:00:38.637 [info] Got 0 sessions for user:email...
2025-10-04 23:00:38.637 [info] Getting sessions for read:user,repo,user:email,workflow...
2025-10-04 23:00:38.637 [info] Got 0 sessions for read:user,repo,user:email,workflow...
2025-10-04 23:00:44.235 [info] Getting sessions for all scopes...
2025-10-04 23:00:44.235 [info] Got 0 sessions for ...
2025-10-04 23:00:44.251 [info] Getting sessions for read:user,repo,user:email,workflow...
2025-10-04 23:00:44.251 [info] Got 0 sessions for read:user,repo,user:email,workflow...
2025-10-04 23:00:44.269 [info] Getting sessions for all scopes...
2025-10-04 23:00:44.269 [info] Got 0 sessions for ...
2025-10-04 23:00:46.761 [info] Getting sessions for all scopes...
2025-10-04 23:00:46.761 [info] Got 0 sessions for ...
2025-10-04 23:00:48.878 [info] Getting sessions for all scopes...
2025-10-04 23:00:48.878 [info] Got 0 sessions for ...
2025-10-04 23:00:49.010 [info] Getting sessions for read:user...
2025-10-04 23:00:49.010 [info] Got 0 sessions for read:user...
2025-10-04 23:00:49.015 [info] Getting sessions for user:email...
2025-10-04 23:00:49.015 [info] Got 0 sessions for user:email...
2025-10-04 23:00:49.882 [info] Getting sessions for user:email...
2025-10-04 23:00:49.882 [info] Got 0 sessions for user:email...
2025-10-04 23:00:49.934 [info] Getting sessions for all scopes...
2025-10-04 23:00:49.944 [info] Got 0 sessions for ...
2025-10-04 23:00:49.945 [info] Getting sessions for all scopes...
2025-10-04 23:00:49.945 [info] Got 0 sessions for ...
2025-10-04 23:00:51.057 [info] Getting sessions for user:email...
2025-10-04 23:00:51.059 [info] Got 0 sessions for user:email...
2025-10-04 23:00:51.153 [info] Getting sessions for read:user,repo,user:email,workflow...
2025-10-04 23:00:51.153 [info] Got 0 sessions for read:user,repo,user:email,workflow...
2025-10-04 23:00:53.420 [info] Getting sessions for all scopes...
2025-10-04 23:00:53.420 [info] Got 0 sessions for ...
2025-10-04 23:00:53.563 [info] Getting sessions for user:email...
2025-10-04 23:00:53.563 [info] Got 0 sessions for user:email...
2025-10-04 23:00:53.815 [info] Getting sessions for all scopes...
2025-10-04 23:00:53.815 [info] Got 0 sessions for ...
2025-10-04 23:00:53.847 [info] Getting sessions for user:email...
2025-10-04 23:00:53.847 [info] Got 0 sessions for user:email...
2025-10-04 23:00:53.874 [info] Getting sessions for all scopes...
2025-10-04 23:00:53.874 [info] Got 0 sessions for ...
2025-10-04 23:00:53.890 [info] Getting sessions for user:email...
2025-10-04 23:00:53.890 [info] Got 0 sessions for user:email...
2025-10-04 23:00:53.893 [info] Getting sessions for all scopes...
2025-10-04 23:00:53.893 [info] Got 0 sessions for ...
2025-10-04 23:00:53.896 [info] Getting sessions for user:email...
2025-10-04 23:00:53.896 [info] Got 0 sessions for user:email...
2025-10-04 23:00:53.915 [info] Getting sessions for all scopes...
2025-10-04 23:00:53.915 [info] Got 0 sessions for ...
2025-10-04 23:00:53.920 [info] Getting sessions for all scopes...
2025-10-04 23:00:53.920 [info] Got 0 sessions for ...
2025-10-04 23:00:55.834 [info] Getting sessions for read:user,repo,user:email,workflow...
2025-10-04 23:00:55.849 [info] Got 0 sessions for read:user,repo,user:email,workflow...
2025-10-04 23:01:01.202 [info] Getting sessions for read:user,repo,user:email,workflow...
2025-10-04 23:01:01.202 [info] Got 0 sessions for read:user,repo,user:email,workflow...
2025-10-04 23:01:01.207 [info] Getting sessions for read:user...
2025-10-04 23:01:01.207 [info] Got 0 sessions for read:user...
2025-10-04 23:01:01.285 [info] Getting sessions for user:email...
2025-10-04 23:01:01.285 [info] Got 0 sessions for user:email...
2025-10-04 23:01:02.467 [info] Getting sessions for read:user,repo,user:email,workflow...
2025-10-04 23:01:02.467 [info] Got 0 sessions for read:user,repo,user:email,workflow...
2025-10-04 23:01:02.482 [info] Getting sessions for read:user...
2025-10-04 23:01:02.482 [info] Got 0 sessions for read:user...
2025-10-04 23:01:02.496 [info] Getting sessions for user:email...
2025-10-04 23:01:02.496 [info] Got 0 sessions for user:email...
2025-10-04 23:01:04.135 [info] Getting sessions for read:user,repo,user:email,workflow...
2025-10-04 23:01:04.135 [info] Got 0 sessions for read:user,repo,user:email,workflow...
2025-10-04 23:01:04.155 [info] Getting sessions for read:user...
2025-10-04 23:01:04.156 [info] Got 0 sessions for read:user...
2025-10-04 23:01:04.184 [info] Getting sessions for user:email...
2025-10-04 23:01:04.184 [info] Got 0 sessions for user:email...
2025-10-04 23:01:09.424 [info] Getting sessions for read:user,repo,user:email,workflow...
2025-10-04 23:01:09.425 [info] Got 0 sessions for read:user,repo,user:email,workflow...
2025-10-04 23:01:09.434 [info] Getting sessions for read:user...
2025-10-04 23:01:09.434 [info] Got 0 sessions for read:user...
2025-10-04 23:01:09.478 [info] Getting sessions for user:email...
2025-10-04 23:01:09.478 [info] Got 0 sessions for user:email...
2025-10-04 23:01:53.948 [info] Getting sessions for read:user,repo,user:email,workflow...
2025-10-04 23:01:53.948 [info] Got 0 sessions for read:user,repo,user:email,workflow...
2025-10-04 23:01:53.957 [info] Getting sessions for read:user...
2025-10-04 23:01:53.957 [info] Got 0 sessions for read:user...
2025-10-04 23:01:53.961 [info] Getting sessions for user:email...
2025-10-04 23:01:53.961 [info] Got 0 sessions for user:email...
2025-10-04 23:02:02.502 [info] Getting sessions for read:user,repo,user:email,workflow...
2025-10-04 23:02:02.502 [info] Got 0 sessions for read:user,repo,user:email,workflow...
2025-10-04 23:02:02.681 [info] Getting sessions for read:user...
2025-10-04 23:02:02.682 [info] Got 0 sessions for read:user...
2025-10-04 23:02:02.761 [info] Getting sessions for user:email...
2025-10-04 23:02:02.762 [info] Got 0 sessions for user:email...
2025-10-04 23:02:03.293 [info] Getting sessions for read:user,repo,user:email,workflow...
2025-10-04 23:02:03.293 [info] Got 0 sessions for read:user,repo,user:email,workflow...
2025-10-04 23:02:03.321 [info] Getting sessions for read:user...
2025-10-04 23:02:03.321 [info] Got 0 sessions for read:user...
2025-10-04 23:02:03.450 [info] Getting sessions for user:email...
2025-10-04 23:02:03.450 [info] Got 0 sessions for user:email...
