2025-09-29 12:07:10.900 [info] Reading sessions from keychain...
2025-09-29 12:07:10.900 [info] Getting sessions for all scopes...
2025-09-29 12:07:13.287 [info] Got 0 sessions for ...
2025-09-29 12:07:13.291 [info] Getting sessions for all scopes...
2025-09-29 12:07:13.291 [info] Got 0 sessions for ...
2025-09-29 12:07:13.291 [info] Getting sessions for all scopes...
2025-09-29 12:07:13.292 [info] Got 0 sessions for ...
2025-09-29 12:07:13.292 [info] Getting sessions for all scopes...
2025-09-29 12:07:13.298 [info] Got 0 sessions for ...
2025-09-29 12:07:13.298 [info] Getting sessions for all scopes...
2025-09-29 12:07:13.298 [info] Got 0 sessions for ...
2025-09-29 12:07:13.299 [info] Getting sessions for all scopes...
2025-09-29 12:07:13.299 [info] Got 0 sessions for ...
2025-09-29 12:07:13.303 [info] Getting sessions for all scopes...
2025-09-29 12:07:13.303 [info] Got 0 sessions for ...
2025-09-29 12:07:17.313 [info] Getting sessions for all scopes...
2025-09-29 12:07:17.313 [info] Got 0 sessions for ...
2025-09-29 12:07:17.314 [info] Getting sessions for all scopes...
2025-09-29 12:07:17.314 [info] Got 0 sessions for ...
2025-09-29 12:07:17.315 [info] Getting sessions for all scopes...
2025-09-29 12:07:17.315 [info] Got 0 sessions for ...
2025-09-29 12:07:17.315 [info] Getting sessions for all scopes...
2025-09-29 12:07:17.315 [info] Got 0 sessions for ...
2025-09-29 12:07:17.316 [info] Getting sessions for all scopes...
2025-09-29 12:07:17.316 [info] Got 0 sessions for ...
2025-09-29 12:07:17.316 [info] Getting sessions for all scopes...
2025-09-29 12:07:17.316 [info] Got 0 sessions for ...
2025-09-29 12:07:52.768 [info] Getting sessions for read:user,repo,user:email,workflow...
2025-09-29 12:07:52.768 [info] Got 0 sessions for read:user,repo,user:email,workflow...
2025-09-29 12:07:53.673 [info] Getting sessions for all scopes...
2025-09-29 12:07:53.673 [info] Got 0 sessions for ...
2025-09-29 12:07:53.956 [info] Getting sessions for all scopes...
2025-09-29 12:07:53.956 [info] Got 0 sessions for ...
2025-09-29 12:07:54.043 [info] Getting sessions for all scopes...
2025-09-29 12:07:54.043 [info] Got 0 sessions for ...
2025-09-29 12:07:54.044 [info] Getting sessions for all scopes...
2025-09-29 12:07:54.044 [info] Got 0 sessions for ...
2025-09-29 12:07:54.045 [info] Getting sessions for all scopes...
2025-09-29 12:07:54.045 [info] Got 0 sessions for ...
2025-09-29 12:07:55.648 [info] Getting sessions for all scopes...
2025-09-29 12:07:55.648 [info] Got 0 sessions for ...
2025-09-29 12:07:55.649 [info] Getting sessions for all scopes...
2025-09-29 12:07:55.649 [info] Got 0 sessions for ...
2025-09-29 12:07:58.176 [info] Getting sessions for user:email...
2025-09-29 12:07:58.176 [info] Got 0 sessions for user:email...
2025-09-29 12:07:58.198 [info] Getting sessions for read:user,repo,user:email,workflow...
2025-09-29 12:07:58.198 [info] Got 0 sessions for read:user,repo,user:email,workflow...
2025-09-29 12:08:08.887 [info] Getting sessions for all scopes...
2025-09-29 12:08:08.887 [info] Got 0 sessions for ...
2025-09-29 12:08:08.894 [info] Getting sessions for read:user,repo,user:email,workflow...
2025-09-29 12:08:08.894 [info] Got 0 sessions for read:user,repo,user:email,workflow...
2025-09-29 12:08:10.042 [info] Getting sessions for all scopes...
2025-09-29 12:08:10.042 [info] Got 0 sessions for ...
2025-09-29 12:08:10.048 [info] Getting sessions for all scopes...
2025-09-29 12:08:10.048 [info] Got 0 sessions for ...
2025-09-29 12:08:10.687 [info] Getting sessions for read:user...
2025-09-29 12:08:10.687 [info] Got 0 sessions for read:user...
2025-09-29 12:08:10.711 [info] Getting sessions for user:email...
2025-09-29 12:08:10.712 [info] Got 0 sessions for user:email...
2025-09-29 12:08:10.790 [info] Getting sessions for all scopes...
2025-09-29 12:08:10.790 [info] Got 0 sessions for ...
2025-09-29 12:08:10.906 [info] Getting sessions for user:email...
2025-09-29 12:08:10.912 [info] Got 0 sessions for user:email...
2025-09-29 12:08:11.005 [info] Getting sessions for all scopes...
2025-09-29 12:08:11.006 [info] Got 0 sessions for ...
2025-09-29 12:08:11.006 [info] Getting sessions for all scopes...
2025-09-29 12:08:11.006 [info] Got 0 sessions for ...
2025-09-29 12:08:12.992 [info] Getting sessions for user:email...
2025-09-29 12:08:13.023 [info] Got 0 sessions for user:email...
2025-09-29 12:08:41.794 [info] Getting sessions for all scopes...
2025-09-29 12:08:41.794 [info] Got 0 sessions for ...
2025-09-29 12:08:41.798 [info] Getting sessions for user:email...
2025-09-29 12:08:41.798 [info] Got 0 sessions for user:email...
2025-09-29 12:08:41.802 [info] Getting sessions for all scopes...
2025-09-29 12:08:41.802 [info] Got 0 sessions for ...
2025-09-29 12:08:41.807 [info] Getting sessions for user:email...
2025-09-29 12:08:41.807 [info] Got 0 sessions for user:email...
2025-09-29 12:08:41.858 [info] Getting sessions for all scopes...
2025-09-29 12:08:41.859 [info] Got 0 sessions for ...
2025-09-29 12:08:41.900 [info] Getting sessions for user:email...
2025-09-29 12:08:41.900 [info] Got 0 sessions for user:email...
2025-09-29 12:08:41.923 [info] Getting sessions for all scopes...
2025-09-29 12:08:41.924 [info] Got 0 sessions for ...
2025-09-29 12:08:42.005 [info] Getting sessions for user:email...
2025-09-29 12:08:42.006 [info] Got 0 sessions for user:email...
2025-09-29 12:08:42.114 [info] Getting sessions for all scopes...
2025-09-29 12:08:42.114 [info] Got 0 sessions for ...
2025-09-29 12:08:42.121 [info] Getting sessions for all scopes...
2025-09-29 12:08:42.121 [info] Got 0 sessions for ...
2025-09-29 12:10:58.609 [info] Getting sessions for read:user,repo,user:email,workflow...
2025-09-29 12:10:58.610 [info] Got 0 sessions for read:user,repo,user:email,workflow...
2025-09-29 12:10:58.674 [info] Getting sessions for read:user...
2025-09-29 12:10:58.674 [info] Got 0 sessions for read:user...
2025-09-29 12:10:58.749 [info] Getting sessions for user:email...
2025-09-29 12:10:58.749 [info] Got 0 sessions for user:email...
2025-09-29 12:13:41.878 [info] Getting sessions for read:user,repo,user:email,workflow...
2025-09-29 12:13:41.878 [info] Got 0 sessions for read:user,repo,user:email,workflow...
2025-09-29 12:13:41.890 [info] Getting sessions for read:user...
2025-09-29 12:13:41.890 [info] Got 0 sessions for read:user...
2025-09-29 12:13:41.894 [info] Getting sessions for user:email...
2025-09-29 12:13:41.894 [info] Got 0 sessions for user:email...
2025-09-29 12:13:42.186 [info] Getting sessions for read:user,repo,user:email,workflow...
2025-09-29 12:13:42.186 [info] Got 0 sessions for read:user,repo,user:email,workflow...
2025-09-29 12:13:42.232 [info] Getting sessions for read:user...
2025-09-29 12:13:42.232 [info] Got 0 sessions for read:user...
2025-09-29 12:13:42.246 [info] Getting sessions for user:email...
2025-09-29 12:13:42.247 [info] Got 0 sessions for user:email...
2025-09-29 12:13:42.476 [info] Getting sessions for read:user,repo,user:email,workflow...
2025-09-29 12:13:42.476 [info] Got 0 sessions for read:user,repo,user:email,workflow...
2025-09-29 12:13:42.483 [info] Getting sessions for read:user...
2025-09-29 12:13:42.483 [info] Got 0 sessions for read:user...
2025-09-29 12:13:42.488 [info] Getting sessions for user:email...
2025-09-29 12:13:42.488 [info] Got 0 sessions for user:email...
2025-09-29 12:13:42.906 [info] Getting sessions for read:user,repo,user:email,workflow...
2025-09-29 12:13:42.910 [info] Got 0 sessions for read:user,repo,user:email,workflow...
2025-09-29 12:13:42.918 [info] Getting sessions for read:user...
2025-09-29 12:13:42.918 [info] Got 0 sessions for read:user...
2025-09-29 12:13:42.923 [info] Getting sessions for user:email...
2025-09-29 12:13:42.923 [info] Got 0 sessions for user:email...
2025-09-29 12:13:43.918 [info] Getting sessions for read:user,repo,user:email,workflow...
2025-09-29 12:13:43.918 [info] Got 0 sessions for read:user,repo,user:email,workflow...
2025-09-29 12:13:43.928 [info] Getting sessions for read:user...
2025-09-29 12:13:43.928 [info] Got 0 sessions for read:user...
2025-09-29 12:13:43.937 [info] Getting sessions for user:email...
2025-09-29 12:13:43.938 [info] Got 0 sessions for user:email...
2025-09-29 12:13:44.259 [info] Getting sessions for read:user,repo,user:email,workflow...
2025-09-29 12:13:44.259 [info] Got 0 sessions for read:user,repo,user:email,workflow...
2025-09-29 12:13:44.421 [info] Getting sessions for read:user...
2025-09-29 12:13:44.421 [info] Got 0 sessions for read:user...
2025-09-29 12:13:44.444 [info] Getting sessions for user:email...
2025-09-29 12:13:44.444 [info] Got 0 sessions for user:email...
2025-09-29 12:13:46.740 [info] Getting sessions for read:user,repo,user:email,workflow...
2025-09-29 12:13:46.740 [info] Got 0 sessions for read:user,repo,user:email,workflow...
2025-09-29 12:13:46.751 [info] Getting sessions for read:user...
2025-09-29 12:13:46.751 [info] Got 0 sessions for read:user...
2025-09-29 12:13:46.755 [info] Getting sessions for user:email...
2025-09-29 12:13:46.755 [info] Got 0 sessions for user:email...
2025-09-29 12:13:47.087 [info] Getting sessions for read:user,repo,user:email,workflow...
2025-09-29 12:13:47.087 [info] Got 0 sessions for read:user,repo,user:email,workflow...
2025-09-29 12:13:47.133 [info] Getting sessions for read:user...
2025-09-29 12:13:47.133 [info] Got 0 sessions for read:user...
2025-09-29 12:13:47.151 [info] Getting sessions for user:email...
2025-09-29 12:13:47.151 [info] Got 0 sessions for user:email...
2025-09-29 12:13:47.304 [info] Getting sessions for read:user,repo,user:email,workflow...
2025-09-29 12:13:47.304 [info] Got 0 sessions for read:user,repo,user:email,workflow...
2025-09-29 12:13:47.324 [info] Getting sessions for read:user...
2025-09-29 12:13:47.324 [info] Got 0 sessions for read:user...
2025-09-29 12:13:47.328 [info] Getting sessions for user:email...
2025-09-29 12:13:47.328 [info] Got 0 sessions for user:email...
2025-09-29 12:13:47.722 [info] Getting sessions for read:user,repo,user:email,workflow...
2025-09-29 12:13:47.722 [info] Got 0 sessions for read:user,repo,user:email,workflow...
2025-09-29 12:13:47.731 [info] Getting sessions for read:user...
2025-09-29 12:13:47.731 [info] Got 0 sessions for read:user...
2025-09-29 12:13:47.745 [info] Getting sessions for user:email...
2025-09-29 12:13:47.745 [info] Got 0 sessions for user:email...
2025-09-29 12:13:48.188 [info] Getting sessions for read:user,repo,user:email,workflow...
2025-09-29 12:13:48.188 [info] Got 0 sessions for read:user,repo,user:email,workflow...
2025-09-29 12:13:48.205 [info] Getting sessions for read:user...
2025-09-29 12:13:48.205 [info] Got 0 sessions for read:user...
2025-09-29 12:13:48.237 [info] Getting sessions for user:email...
2025-09-29 12:13:48.237 [info] Got 0 sessions for user:email...
2025-09-29 12:13:48.637 [info] Getting sessions for read:user,repo,user:email,workflow...
2025-09-29 12:13:48.637 [info] Got 0 sessions for read:user,repo,user:email,workflow...
2025-09-29 12:13:48.655 [info] Getting sessions for read:user...
2025-09-29 12:13:48.656 [info] Got 0 sessions for read:user...
2025-09-29 12:13:48.663 [info] Getting sessions for user:email...
2025-09-29 12:13:48.663 [info] Got 0 sessions for user:email...
2025-09-29 12:13:48.762 [info] Getting sessions for read:user,repo,user:email,workflow...
2025-09-29 12:13:48.762 [info] Got 0 sessions for read:user,repo,user:email,workflow...
2025-09-29 12:13:48.823 [info] Getting sessions for read:user...
2025-09-29 12:13:48.824 [info] Got 0 sessions for read:user...
2025-09-29 12:13:48.857 [info] Getting sessions for user:email...
2025-09-29 12:13:48.858 [info] Got 0 sessions for user:email...
