2025-09-20 20:00:02.348 [info] Reading sessions from keychain...
2025-09-20 20:00:02.348 [info] Getting sessions for all scopes...
2025-09-20 20:00:02.348 [info] Got 0 sessions for ...
2025-09-20 20:00:02.348 [info] Getting sessions for all scopes...
2025-09-20 20:00:02.348 [info] Got 0 sessions for ...
2025-09-20 20:00:02.348 [info] Getting sessions for all scopes...
2025-09-20 20:00:02.348 [info] Got 0 sessions for ...
2025-09-20 20:00:02.348 [info] Getting sessions for all scopes...
2025-09-20 20:00:02.348 [info] Got 0 sessions for ...
2025-09-20 20:00:02.348 [info] Getting sessions for all scopes...
2025-09-20 20:00:02.348 [info] Got 0 sessions for ...
2025-09-20 20:00:02.348 [info] Getting sessions for all scopes...
2025-09-20 20:00:02.348 [info] Got 0 sessions for ...
2025-09-20 20:00:02.348 [info] Getting sessions for all scopes...
2025-09-20 20:00:02.348 [info] Got 0 sessions for ...
2025-09-20 20:00:02.348 [info] Getting sessions for all scopes...
2025-09-20 20:00:02.348 [info] Got 0 sessions for ...
2025-09-20 20:00:02.348 [info] Getting sessions for all scopes...
2025-09-20 20:00:02.348 [info] Got 0 sessions for ...
2025-09-20 20:00:02.348 [info] Getting sessions for all scopes...
2025-09-20 20:00:02.348 [info] Got 0 sessions for ...
2025-09-20 20:00:02.348 [info] Getting sessions for all scopes...
2025-09-20 20:00:02.348 [info] Got 0 sessions for ...
2025-09-20 20:00:02.348 [info] Getting sessions for all scopes...
2025-09-20 20:00:02.348 [info] Got 0 sessions for ...
2025-09-20 20:00:02.348 [info] Getting sessions for all scopes...
2025-09-20 20:00:02.348 [info] Got 0 sessions for ...
2025-09-20 20:00:02.348 [info] Getting sessions for all scopes...
2025-09-20 20:00:02.348 [info] Got 0 sessions for ...
2025-09-20 20:00:02.348 [info] Getting sessions for all scopes...
2025-09-20 20:00:02.348 [info] Got 0 sessions for ...
2025-09-20 20:00:02.348 [info] Getting sessions for all scopes...
2025-09-20 20:00:02.348 [info] Got 0 sessions for ...
2025-09-20 20:00:02.348 [info] Getting sessions for all scopes...
2025-09-20 20:00:02.348 [info] Got 0 sessions for ...
2025-09-20 20:00:02.348 [info] Getting sessions for user:email...
2025-09-20 20:00:02.348 [info] Got 0 sessions for user:email...
2025-09-20 20:00:02.348 [info] Getting sessions for read:user,repo,user:email,workflow...
2025-09-20 20:00:02.348 [info] Got 0 sessions for read:user,repo,user:email,workflow...
2025-09-20 20:00:11.794 [info] Getting sessions for all scopes...
2025-09-20 20:00:11.794 [info] Got 0 sessions for ...
2025-09-20 20:00:12.221 [info] Getting sessions for all scopes...
2025-09-20 20:00:12.221 [info] Got 0 sessions for ...
2025-09-20 20:00:12.222 [info] Getting sessions for all scopes...
2025-09-20 20:00:12.222 [info] Got 0 sessions for ...
2025-09-20 20:00:12.231 [info] Getting sessions for all scopes...
2025-09-20 20:00:12.232 [info] Got 0 sessions for ...
2025-09-20 20:00:12.602 [info] Getting sessions for all scopes...
2025-09-20 20:00:12.602 [info] Got 0 sessions for ...
2025-09-20 20:00:13.313 [info] Getting sessions for all scopes...
2025-09-20 20:00:13.313 [info] Got 0 sessions for ...
2025-09-20 20:00:16.838 [info] Getting sessions for user:email...
2025-09-20 20:00:16.838 [info] Got 0 sessions for user:email...
2025-09-20 20:00:16.849 [info] Getting sessions for all scopes...
2025-09-20 20:00:16.849 [info] Got 0 sessions for ...
2025-09-20 20:00:16.885 [info] Getting sessions for read:user,repo,user:email,workflow...
2025-09-20 20:00:16.896 [info] Got 0 sessions for read:user,repo,user:email,workflow...
2025-09-20 20:00:17.105 [info] Getting sessions for all scopes...
2025-09-20 20:00:17.106 [info] Got 0 sessions for ...
2025-09-20 20:00:18.690 [info] Getting sessions for all scopes...
2025-09-20 20:00:18.691 [info] Got 0 sessions for ...
2025-09-20 20:00:18.691 [info] Getting sessions for all scopes...
2025-09-20 20:00:18.691 [info] Got 0 sessions for ...
2025-09-20 20:00:18.692 [info] Getting sessions for read:user...
2025-09-20 20:00:18.692 [info] Got 0 sessions for read:user...
2025-09-20 20:00:18.760 [info] Getting sessions for read:user,repo,user:email,workflow...
2025-09-20 20:00:18.760 [info] Got 0 sessions for read:user,repo,user:email,workflow...
2025-09-20 20:00:18.823 [info] Getting sessions for user:email...
2025-09-20 20:00:18.823 [info] Got 0 sessions for user:email...
2025-09-20 20:00:18.824 [info] Getting sessions for user:email...
2025-09-20 20:00:18.824 [info] Got 0 sessions for user:email...
2025-09-20 20:00:18.955 [info] Getting sessions for all scopes...
2025-09-20 20:00:18.956 [info] Got 0 sessions for ...
2025-09-20 20:00:19.186 [info] Getting sessions for user:email...
2025-09-20 20:00:19.186 [info] Got 0 sessions for user:email...
2025-09-20 20:00:19.419 [info] Getting sessions for all scopes...
2025-09-20 20:00:19.419 [info] Got 0 sessions for ...
2025-09-20 20:00:19.496 [info] Getting sessions for user:email...
2025-09-20 20:00:19.497 [info] Got 0 sessions for user:email...
2025-09-20 20:00:19.514 [info] Getting sessions for all scopes...
2025-09-20 20:00:19.514 [info] Got 0 sessions for ...
2025-09-20 20:00:19.518 [info] Getting sessions for user:email...
2025-09-20 20:00:19.519 [info] Got 0 sessions for user:email...
2025-09-20 20:00:19.536 [info] Getting sessions for all scopes...
2025-09-20 20:00:19.536 [info] Got 0 sessions for ...
2025-09-20 20:00:19.541 [info] Getting sessions for all scopes...
2025-09-20 20:00:19.541 [info] Got 0 sessions for ...
2025-09-20 20:02:31.792 [info] Getting sessions for read:user,repo,user:email,workflow...
2025-09-20 20:02:31.792 [info] Got 0 sessions for read:user,repo,user:email,workflow...
2025-09-20 20:02:31.993 [info] Getting sessions for read:user...
2025-09-20 20:02:31.993 [info] Got 0 sessions for read:user...
2025-09-20 20:02:32.180 [info] Getting sessions for user:email...
2025-09-20 20:02:32.180 [info] Got 0 sessions for user:email...
2025-09-20 20:02:33.967 [info] Getting sessions for read:user,repo,user:email,workflow...
2025-09-20 20:02:33.967 [info] Got 0 sessions for read:user,repo,user:email,workflow...
2025-09-20 20:02:33.970 [info] Getting sessions for read:user...
2025-09-20 20:02:33.970 [info] Got 0 sessions for read:user...
2025-09-20 20:02:33.975 [info] Getting sessions for user:email...
2025-09-20 20:02:33.975 [info] Got 0 sessions for user:email...
2025-09-20 20:23:16.773 [info] Getting sessions for read:user,repo,user:email,workflow...
2025-09-20 20:23:16.773 [info] Got 0 sessions for read:user,repo,user:email,workflow...
2025-09-20 20:23:23.983 [info] Logging in with 'any' account...
2025-09-20 20:23:23.992 [info] Logging in for the following scopes: read:user repo user:email workflow
2025-09-20 20:23:24.181 [info] Trying with local server... (read:user repo user:email workflow)
2025-09-20 20:23:32.462 [info] Exchanging code for token...
2025-09-20 20:23:33.091 [info] fetching: Electron fetch succeeded (JSON)
2025-09-20 20:23:33.091 [info] Token exchange success!
2025-09-20 20:23:33.166 [info] Getting user info...
2025-09-20 20:23:33.798 [info] Got account info!
2025-09-20 20:23:33.819 [info] Storing 1 sessions...
2025-09-20 20:23:33.832 [info] Reading sessions from keychain...
2025-09-20 20:23:33.835 [info] Stored 1 sessions!
2025-09-20 20:23:33.835 [info] Login success!
2025-09-20 20:23:33.837 [info] Got stored sessions!
2025-09-20 20:23:33.837 [info] Got 1 verified sessions.
2025-09-20 20:23:33.855 [info] Getting sessions for all scopes...
2025-09-20 20:23:33.855 [info] Got 1 sessions for ...
2025-09-20 20:23:33.881 [info] Getting sessions for all scopes...
2025-09-20 20:23:33.881 [info] Got 1 sessions for ...
2025-09-20 20:23:33.884 [info] Getting sessions for all scopes...
2025-09-20 20:23:33.884 [info] Got 1 sessions for ...
2025-09-20 20:23:33.899 [info] Getting sessions for all scopes...
2025-09-20 20:23:33.899 [info] Got 1 sessions for ...
2025-09-20 20:23:33.919 [info] Getting sessions for all scopes...
2025-09-20 20:23:33.940 [info] Got 1 sessions for ...
2025-09-20 20:23:33.941 [info] Getting sessions for all scopes...
2025-09-20 20:23:33.941 [info] Got 1 sessions for ...
2025-09-20 20:23:33.974 [info] Getting sessions for all scopes...
2025-09-20 20:23:33.975 [info] Got 1 sessions for ...
2025-09-20 20:23:34.003 [info] Getting sessions for read:user,repo,user:email,workflow...
2025-09-20 20:23:34.004 [info] Got 1 sessions for read:user,repo,user:email,workflow...
2025-09-20 20:23:34.006 [info] Getting sessions for read:user,repo,user:email,workflow...
2025-09-20 20:23:34.006 [info] Got 1 sessions for read:user,repo,user:email,workflow...
2025-09-20 20:23:34.006 [info] Getting sessions for all scopes...
2025-09-20 20:23:34.006 [info] Got 1 sessions for ...
2025-09-20 20:23:34.240 [info] Getting sessions for read:user,repo,user:email,workflow...
2025-09-20 20:23:34.244 [info] Got 1 sessions for read:user,repo,user:email,workflow...
2025-09-20 20:23:34.507 [info] Getting sessions for all scopes...
2025-09-20 20:23:34.507 [info] Got 1 sessions for ...
2025-09-20 20:23:34.719 [info] Getting sessions for read:user,repo,user:email,workflow...
2025-09-20 20:23:34.719 [info] Got 1 sessions for read:user,repo,user:email,workflow...
2025-09-20 20:23:34.727 [info] Getting sessions for all scopes...
2025-09-20 20:23:34.727 [info] Got 1 sessions for ...
2025-09-20 20:23:34.734 [info] Getting sessions for read:user,repo,user:email,workflow...
2025-09-20 20:23:34.734 [info] Got 1 sessions for read:user,repo,user:email,workflow...
2025-09-20 20:23:35.830 [info] Getting sessions for all scopes...
2025-09-20 20:23:35.830 [info] Got 1 sessions for ...
2025-09-20 20:23:35.831 [info] Getting sessions for all scopes...
2025-09-20 20:23:35.831 [info] Got 1 sessions for ...
2025-09-20 20:23:35.848 [info] Getting sessions for read:user,repo,user:email,workflow...
2025-09-20 20:23:35.848 [info] Got 1 sessions for read:user,repo,user:email,workflow...
2025-09-20 20:23:36.024 [info] Getting sessions for all scopes...
2025-09-20 20:23:36.024 [info] Got 1 sessions for ...
2025-09-20 20:23:36.061 [info] Getting sessions for read:user,repo,user:email,workflow...
2025-09-20 20:23:36.061 [info] Got 1 sessions for read:user,repo,user:email,workflow...
2025-09-20 20:23:37.385 [info] Getting sessions for all scopes...
2025-09-20 20:23:37.385 [info] Got 1 sessions for ...
2025-09-20 20:23:38.192 [info] Getting sessions for all scopes...
2025-09-20 20:23:38.192 [info] Got 1 sessions for ...
2025-09-20 20:23:38.347 [info] Getting sessions for read:user,repo,user:email,workflow...
2025-09-20 20:23:38.347 [info] Got 1 sessions for read:user,repo,user:email,workflow...
2025-09-20 20:49:36.543 [info] Getting sessions for read:user,repo,user:email,workflow...
2025-09-20 20:49:36.544 [info] Got 1 sessions for read:user,repo,user:email,workflow...
2025-09-20 22:16:52.859 [info] Getting sessions for all scopes...
2025-09-20 22:16:52.859 [info] Got 1 sessions for ...
2025-09-20 22:16:52.974 [info] Getting sessions for read:user,repo,user:email,workflow...
2025-09-20 22:16:52.974 [info] Got 1 sessions for read:user,repo,user:email,workflow...
2025-09-20 22:16:52.987 [info] Getting sessions for all scopes...
2025-09-20 22:16:52.987 [info] Got 1 sessions for ...
2025-09-20 22:16:52.989 [info] Getting sessions for read:user,repo,user:email,workflow...
2025-09-20 22:16:52.989 [info] Got 1 sessions for read:user,repo,user:email,workflow...
2025-09-20 22:16:53.682 [info] Getting sessions for all scopes...
2025-09-20 22:16:53.682 [info] Got 1 sessions for ...
2025-09-20 22:16:53.683 [info] Getting sessions for all scopes...
2025-09-20 22:16:53.683 [info] Got 1 sessions for ...
2025-09-20 22:16:53.692 [info] Getting sessions for read:user,repo,user:email,workflow...
2025-09-20 22:16:53.692 [info] Got 1 sessions for read:user,repo,user:email,workflow...
2025-09-20 22:16:53.709 [info] Getting sessions for all scopes...
2025-09-20 22:16:53.710 [info] Got 1 sessions for ...
2025-09-20 22:16:53.713 [info] Getting sessions for read:user,repo,user:email,workflow...
2025-09-20 22:16:53.713 [info] Got 1 sessions for read:user,repo,user:email,workflow...
2025-09-20 22:16:53.729 [info] Getting sessions for all scopes...
2025-09-20 22:16:53.729 [info] Got 1 sessions for ...
2025-09-20 22:16:53.731 [info] Getting sessions for read:user,repo,user:email,workflow...
2025-09-20 22:16:53.731 [info] Got 1 sessions for read:user,repo,user:email,workflow...
2025-09-20 22:16:55.262 [info] Getting sessions for all scopes...
2025-09-20 22:16:55.262 [info] Got 1 sessions for ...
2025-09-20 22:16:55.430 [info] Getting sessions for read:user,repo,user:email,workflow...
2025-09-20 22:16:55.430 [info] Got 1 sessions for read:user,repo,user:email,workflow...
2025-09-20 22:16:59.421 [info] Getting sessions for all scopes...
2025-09-20 22:16:59.421 [info] Got 1 sessions for ...
2025-09-20 22:17:00.388 [info] Getting sessions for all scopes...
2025-09-20 22:17:00.388 [info] Got 1 sessions for ...
2025-09-20 22:17:00.401 [info] Getting sessions for read:user,repo,user:email,workflow...
2025-09-20 22:17:00.401 [info] Got 1 sessions for read:user,repo,user:email,workflow...
2025-09-20 22:17:03.723 [info] Getting sessions for all scopes...
2025-09-20 22:17:03.724 [info] Got 1 sessions for ...
2025-09-20 22:17:03.798 [info] Getting sessions for read:user,repo,user:email,workflow...
2025-09-20 22:17:03.798 [info] Got 1 sessions for read:user,repo,user:email,workflow...
2025-09-20 22:17:57.405 [info] Getting sessions for all scopes...
2025-09-20 22:17:57.405 [info] Got 1 sessions for ...
2025-09-20 22:17:57.422 [info] Getting sessions for read:user,repo,user:email,workflow...
2025-09-20 22:17:57.422 [info] Got 1 sessions for read:user,repo,user:email,workflow...
2025-09-20 22:19:46.618 [info] Getting sessions for all scopes...
2025-09-20 22:19:46.618 [info] Got 1 sessions for ...
2025-09-20 22:19:46.623 [info] Getting sessions for read:user,repo,user:email,workflow...
2025-09-20 22:19:46.623 [info] Got 1 sessions for read:user,repo,user:email,workflow...
2025-09-20 22:21:00.999 [info] Getting sessions for all scopes...
2025-09-20 22:21:00.999 [info] Got 1 sessions for ...
2025-09-20 22:21:01.002 [info] Getting sessions for read:user,repo,user:email,workflow...
2025-09-20 22:21:01.002 [info] Got 1 sessions for read:user,repo,user:email,workflow...
2025-09-20 22:22:29.241 [info] Getting sessions for all scopes...
2025-09-20 22:22:29.241 [info] Got 1 sessions for ...
2025-09-20 22:22:29.286 [info] Getting sessions for read:user,repo,user:email,workflow...
2025-09-20 22:22:29.286 [info] Got 1 sessions for read:user,repo,user:email,workflow...
2025-09-20 22:24:12.592 [info] Getting sessions for all scopes...
2025-09-20 22:24:12.592 [info] Got 1 sessions for ...
2025-09-20 22:24:12.622 [info] Getting sessions for read:user,repo,user:email,workflow...
2025-09-20 22:24:12.622 [info] Got 1 sessions for read:user,repo,user:email,workflow...
2025-09-20 22:24:46.175 [info] Getting sessions for all scopes...
2025-09-20 22:24:46.175 [info] Got 1 sessions for ...
2025-09-20 22:24:46.184 [info] Getting sessions for read:user,repo,user:email,workflow...
2025-09-20 22:24:46.184 [info] Got 1 sessions for read:user,repo,user:email,workflow...
2025-09-20 22:26:13.937 [info] Getting sessions for all scopes...
2025-09-20 22:26:13.937 [info] Got 1 sessions for ...
2025-09-20 22:26:13.989 [info] Getting sessions for all scopes...
2025-09-20 22:26:13.989 [info] Got 1 sessions for ...
2025-09-20 22:26:41.182 [info] Getting sessions for all scopes...
2025-09-20 22:26:41.182 [info] Got 1 sessions for ...
2025-09-20 22:26:41.188 [info] Getting sessions for read:user,repo,user:email,workflow...
2025-09-20 22:26:41.188 [info] Got 1 sessions for read:user,repo,user:email,workflow...
2025-09-20 22:29:13.532 [info] Getting sessions for all scopes...
2025-09-20 22:29:13.532 [info] Got 1 sessions for ...
2025-09-20 22:29:13.546 [info] Getting sessions for read:user,repo,user:email,workflow...
2025-09-20 22:29:13.546 [info] Got 1 sessions for read:user,repo,user:email,workflow...
2025-09-20 22:29:16.829 [info] Getting sessions for all scopes...
2025-09-20 22:29:16.829 [info] Got 1 sessions for ...
2025-09-20 22:29:16.907 [info] Getting sessions for read:user,repo,user:email,workflow...
2025-09-20 22:29:16.907 [info] Got 1 sessions for read:user,repo,user:email,workflow...
2025-09-20 22:29:53.219 [info] Getting sessions for all scopes...
2025-09-20 22:29:53.219 [info] Got 1 sessions for ...
2025-09-20 22:29:53.260 [info] Getting sessions for read:user,repo,user:email,workflow...
2025-09-20 22:29:53.260 [info] Got 1 sessions for read:user,repo,user:email,workflow...
2025-09-20 22:30:29.414 [info] Getting sessions for all scopes...
2025-09-20 22:30:29.414 [info] Got 1 sessions for ...
2025-09-20 22:30:29.418 [info] Getting sessions for read:user,repo,user:email,workflow...
2025-09-20 22:30:29.418 [info] Got 1 sessions for read:user,repo,user:email,workflow...
2025-09-20 22:31:47.311 [info] Getting sessions for all scopes...
2025-09-20 22:31:47.311 [info] Got 1 sessions for ...
2025-09-20 22:31:47.314 [info] Getting sessions for read:user,repo,user:email,workflow...
2025-09-20 22:31:47.314 [info] Got 1 sessions for read:user,repo,user:email,workflow...
