2025-09-21 13:55:32.821 [info] Reading sessions from keychain...
2025-09-21 13:55:32.821 [info] Getting sessions for all scopes...
2025-09-21 13:55:32.821 [info] Got 0 sessions for ...
2025-09-21 13:55:32.821 [info] Getting sessions for all scopes...
2025-09-21 13:55:32.821 [info] Got 0 sessions for ...
2025-09-21 13:55:32.821 [info] Getting sessions for all scopes...
2025-09-21 13:55:32.821 [info] Got 0 sessions for ...
2025-09-21 13:55:32.821 [info] Getting sessions for all scopes...
2025-09-21 13:55:32.821 [info] Got 0 sessions for ...
2025-09-21 13:55:32.821 [info] Getting sessions for all scopes...
2025-09-21 13:55:32.821 [info] Got 0 sessions for ...
2025-09-21 13:55:32.821 [info] Getting sessions for all scopes...
2025-09-21 13:55:32.821 [info] Got 0 sessions for ...
2025-09-21 13:55:32.821 [info] Getting sessions for all scopes...
2025-09-21 13:55:32.821 [info] Got 0 sessions for ...
2025-09-21 13:55:32.821 [info] Getting sessions for all scopes...
2025-09-21 13:55:32.821 [info] Got 0 sessions for ...
2025-09-21 13:55:32.821 [info] Getting sessions for all scopes...
2025-09-21 13:55:32.821 [info] Got 0 sessions for ...
2025-09-21 13:55:32.821 [info] Getting sessions for all scopes...
2025-09-21 13:55:32.821 [info] Got 0 sessions for ...
2025-09-21 13:55:32.821 [info] Getting sessions for all scopes...
2025-09-21 13:55:32.821 [info] Got 0 sessions for ...
2025-09-21 13:55:32.821 [info] Getting sessions for all scopes...
2025-09-21 13:55:32.821 [info] Got 0 sessions for ...
2025-09-21 13:55:32.821 [info] Getting sessions for all scopes...
2025-09-21 13:55:32.821 [info] Got 0 sessions for ...
2025-09-21 13:55:32.821 [info] Getting sessions for all scopes...
2025-09-21 13:55:32.821 [info] Got 0 sessions for ...
2025-09-21 13:56:11.895 [info] Getting sessions for all scopes...
2025-09-21 13:56:11.895 [info] Got 0 sessions for ...
2025-09-21 13:56:12.009 [info] Getting sessions for all scopes...
2025-09-21 13:56:12.009 [info] Got 0 sessions for ...
2025-09-21 13:56:12.010 [info] Getting sessions for all scopes...
2025-09-21 13:56:12.010 [info] Got 0 sessions for ...
2025-09-21 13:56:12.012 [info] Getting sessions for all scopes...
2025-09-21 13:56:12.012 [info] Got 0 sessions for ...
2025-09-21 13:56:12.387 [info] Getting sessions for all scopes...
2025-09-21 13:56:12.387 [info] Got 0 sessions for ...
2025-09-21 13:56:12.390 [info] Getting sessions for all scopes...
2025-09-21 13:56:12.390 [info] Got 0 sessions for ...
2025-09-21 13:56:14.512 [info] Getting sessions for user:email...
2025-09-21 13:56:14.512 [info] Got 0 sessions for user:email...
2025-09-21 13:56:14.519 [info] Getting sessions for read:user,repo,user:email,workflow...
2025-09-21 13:56:14.519 [info] Got 0 sessions for read:user,repo,user:email,workflow...
2025-09-21 13:56:25.343 [info] Getting sessions for all scopes...
2025-09-21 13:56:25.343 [info] Got 0 sessions for ...
2025-09-21 13:56:25.666 [info] Getting sessions for read:user,repo,user:email,workflow...
2025-09-21 13:56:25.666 [info] Got 0 sessions for read:user,repo,user:email,workflow...
2025-09-21 13:56:26.949 [info] Getting sessions for all scopes...
2025-09-21 13:56:26.952 [info] Got 0 sessions for ...
2025-09-21 13:56:26.999 [info] Getting sessions for all scopes...
2025-09-21 13:56:27.024 [info] Got 0 sessions for ...
2025-09-21 13:56:27.523 [info] Getting sessions for all scopes...
2025-09-21 13:56:27.523 [info] Got 0 sessions for ...
2025-09-21 13:56:27.593 [info] Getting sessions for read:user...
2025-09-21 13:56:27.593 [info] Got 0 sessions for read:user...
2025-09-21 13:56:28.031 [info] Getting sessions for user:email...
2025-09-21 13:56:28.031 [info] Got 0 sessions for user:email...
2025-09-21 13:56:28.040 [info] Getting sessions for user:email...
2025-09-21 13:56:28.040 [info] Got 0 sessions for user:email...
2025-09-21 13:56:29.431 [info] Getting sessions for all scopes...
2025-09-21 13:56:29.432 [info] Got 0 sessions for ...
2025-09-21 13:56:29.446 [info] Getting sessions for all scopes...
2025-09-21 13:56:29.446 [info] Got 0 sessions for ...
2025-09-21 13:56:29.847 [info] Getting sessions for user:email...
2025-09-21 13:56:29.848 [info] Got 0 sessions for user:email...
2025-09-21 13:56:34.424 [info] Getting sessions for all scopes...
2025-09-21 13:56:34.424 [info] Got 0 sessions for ...
2025-09-21 13:56:34.449 [info] Getting sessions for user:email...
2025-09-21 13:56:34.449 [info] Got 0 sessions for user:email...
2025-09-21 13:56:34.458 [info] Getting sessions for all scopes...
2025-09-21 13:56:34.458 [info] Got 0 sessions for ...
2025-09-21 13:56:34.468 [info] Getting sessions for user:email...
2025-09-21 13:56:34.468 [info] Got 0 sessions for user:email...
2025-09-21 13:56:34.535 [info] Getting sessions for all scopes...
2025-09-21 13:56:34.535 [info] Got 0 sessions for ...
2025-09-21 13:56:34.732 [info] Getting sessions for user:email...
2025-09-21 13:56:34.732 [info] Got 0 sessions for user:email...
2025-09-21 13:56:34.888 [info] Getting sessions for all scopes...
2025-09-21 13:56:34.888 [info] Got 0 sessions for ...
2025-09-21 13:56:34.890 [info] Getting sessions for user:email...
2025-09-21 13:56:34.891 [info] Got 0 sessions for user:email...
2025-09-21 13:56:34.953 [info] Getting sessions for all scopes...
2025-09-21 13:56:34.953 [info] Got 0 sessions for ...
2025-09-21 13:56:34.961 [info] Getting sessions for all scopes...
2025-09-21 13:56:34.961 [info] Got 0 sessions for ...
