2025-09-28 23:36:57.382 [info] Reading sessions from keychain...
2025-09-28 23:36:57.384 [info] Getting sessions for all scopes...
2025-09-28 23:36:59.568 [info] Got 0 sessions for ...
2025-09-28 23:36:59.568 [info] Getting sessions for all scopes...
2025-09-28 23:36:59.568 [info] Got 0 sessions for ...
2025-09-28 23:36:59.574 [info] Getting sessions for all scopes...
2025-09-28 23:36:59.574 [info] Got 0 sessions for ...
2025-09-28 23:36:59.574 [info] Getting sessions for all scopes...
2025-09-28 23:36:59.574 [info] Got 0 sessions for ...
2025-09-28 23:36:59.574 [info] Getting sessions for all scopes...
2025-09-28 23:36:59.574 [info] Got 0 sessions for ...
2025-09-28 23:36:59.575 [info] Getting sessions for all scopes...
2025-09-28 23:36:59.575 [info] Got 0 sessions for ...
2025-09-28 23:36:59.575 [info] Getting sessions for all scopes...
2025-09-28 23:36:59.575 [info] Got 0 sessions for ...
2025-09-28 23:37:01.619 [info] Getting sessions for all scopes...
2025-09-28 23:37:01.619 [info] Got 0 sessions for ...
2025-09-28 23:37:01.622 [info] Getting sessions for all scopes...
2025-09-28 23:37:01.622 [info] Got 0 sessions for ...
2025-09-28 23:37:01.624 [info] Getting sessions for all scopes...
2025-09-28 23:37:01.631 [info] Got 0 sessions for ...
2025-09-28 23:37:01.633 [info] Getting sessions for all scopes...
2025-09-28 23:37:01.634 [info] Got 0 sessions for ...
2025-09-28 23:37:01.635 [info] Getting sessions for all scopes...
2025-09-28 23:37:01.635 [info] Got 0 sessions for ...
2025-09-28 23:37:01.636 [info] Getting sessions for all scopes...
2025-09-28 23:37:01.637 [info] Got 0 sessions for ...
2025-09-28 23:37:14.376 [info] Getting sessions for read:user,repo,user:email,workflow...
2025-09-28 23:37:14.376 [info] Got 0 sessions for read:user,repo,user:email,workflow...
2025-09-28 23:37:14.590 [info] Getting sessions for all scopes...
2025-09-28 23:37:14.590 [info] Got 0 sessions for ...
2025-09-28 23:37:14.637 [info] Getting sessions for all scopes...
2025-09-28 23:37:14.638 [info] Got 0 sessions for ...
2025-09-28 23:37:14.675 [info] Getting sessions for all scopes...
2025-09-28 23:37:14.676 [info] Got 0 sessions for ...
2025-09-28 23:37:14.676 [info] Getting sessions for all scopes...
2025-09-28 23:37:14.676 [info] Got 0 sessions for ...
2025-09-28 23:37:14.677 [info] Getting sessions for all scopes...
2025-09-28 23:37:14.677 [info] Got 0 sessions for ...
2025-09-28 23:37:15.108 [info] Getting sessions for all scopes...
2025-09-28 23:37:15.108 [info] Got 0 sessions for ...
2025-09-28 23:37:15.108 [info] Getting sessions for all scopes...
2025-09-28 23:37:15.108 [info] Got 0 sessions for ...
2025-09-28 23:37:17.103 [info] Getting sessions for user:email...
2025-09-28 23:37:17.103 [info] Got 0 sessions for user:email...
2025-09-28 23:37:17.104 [info] Getting sessions for read:user,repo,user:email,workflow...
2025-09-28 23:37:17.104 [info] Got 0 sessions for read:user,repo,user:email,workflow...
2025-09-28 23:37:20.468 [info] Getting sessions for all scopes...
2025-09-28 23:37:20.468 [info] Got 0 sessions for ...
2025-09-28 23:37:22.553 [info] Getting sessions for read:user,repo,user:email,workflow...
2025-09-28 23:37:22.553 [info] Got 0 sessions for read:user,repo,user:email,workflow...
2025-09-28 23:37:22.558 [info] Getting sessions for all scopes...
2025-09-28 23:37:22.558 [info] Got 0 sessions for ...
2025-09-28 23:37:22.559 [info] Getting sessions for all scopes...
2025-09-28 23:37:22.559 [info] Got 0 sessions for ...
2025-09-28 23:37:22.633 [info] Getting sessions for read:user...
2025-09-28 23:37:22.633 [info] Got 0 sessions for read:user...
2025-09-28 23:37:22.634 [info] Getting sessions for all scopes...
2025-09-28 23:37:22.634 [info] Got 0 sessions for ...
2025-09-28 23:37:22.662 [info] Getting sessions for user:email...
2025-09-28 23:37:22.662 [info] Got 0 sessions for user:email...
2025-09-28 23:37:22.771 [info] Getting sessions for user:email...
2025-09-28 23:37:22.771 [info] Got 0 sessions for user:email...
2025-09-28 23:37:22.773 [info] Getting sessions for all scopes...
2025-09-28 23:37:22.773 [info] Got 0 sessions for ...
2025-09-28 23:37:22.775 [info] Getting sessions for all scopes...
2025-09-28 23:37:22.775 [info] Got 0 sessions for ...
2025-09-28 23:37:23.256 [info] Getting sessions for user:email...
2025-09-28 23:37:23.257 [info] Got 0 sessions for user:email...
2025-09-28 23:37:30.138 [info] Getting sessions for all scopes...
2025-09-28 23:37:30.138 [info] Got 0 sessions for ...
2025-09-28 23:37:30.177 [info] Getting sessions for user:email...
2025-09-28 23:37:30.177 [info] Got 0 sessions for user:email...
2025-09-28 23:37:30.205 [info] Getting sessions for all scopes...
2025-09-28 23:37:30.205 [info] Got 0 sessions for ...
2025-09-28 23:37:30.225 [info] Getting sessions for user:email...
2025-09-28 23:37:30.225 [info] Got 0 sessions for user:email...
2025-09-28 23:37:30.333 [info] Getting sessions for all scopes...
2025-09-28 23:37:30.333 [info] Got 0 sessions for ...
2025-09-28 23:37:30.409 [info] Getting sessions for user:email...
2025-09-28 23:37:30.409 [info] Got 0 sessions for user:email...
2025-09-28 23:37:30.433 [info] Getting sessions for all scopes...
2025-09-28 23:37:30.433 [info] Got 0 sessions for ...
2025-09-28 23:37:30.444 [info] Getting sessions for user:email...
2025-09-28 23:37:30.444 [info] Got 0 sessions for user:email...
2025-09-28 23:37:30.616 [info] Getting sessions for all scopes...
2025-09-28 23:37:30.616 [info] Got 0 sessions for ...
2025-09-28 23:37:30.711 [info] Getting sessions for all scopes...
2025-09-28 23:37:30.711 [info] Got 0 sessions for ...
