2025-10-04 23:00:22.076 [info] [getSessions] [all] starting
2025-10-04 23:00:22.076 [info] [getSessions] [all] returned 0 session(s)
2025-10-04 23:00:22.076 [info] [getSessions] [all] starting
2025-10-04 23:00:22.076 [info] [getSessions] [all] returned 0 session(s)
2025-10-04 23:00:22.076 [info] [getSessions] [all] starting
2025-10-04 23:00:22.076 [info] [getSessions] [all] returned 0 session(s)
2025-10-04 23:00:22.077 [info] [getSessions] [all] starting
2025-10-04 23:00:22.077 [info] [getSessions] [all] returned 0 session(s)
2025-10-04 23:00:22.096 [info] [getSessions] [499b84ac-1321-427f-aa17-267ca6975798/.default offline_access] starting
2025-10-04 23:00:22.096 [info] [aebc6443-996d-45c2-90f0-388ff96faa56] Native Broker is only available on Windows
2025-10-04 23:00:27.029 [info] [getSessions] [499b84ac-1321-427f-aa17-267ca6975798/.default offline_access] returned 0 session(s)
2025-10-04 23:23:42.501 [info] [aebc6443-996d-45c2-90f0-388ff96faa56] Native Broker is only available on Windows
2025-10-04 23:23:52.321 [info] [getSessions] [all] starting
2025-10-04 23:23:52.321 [info] [getSessions] [all] returned 0 session(s)
2025-10-04 23:23:52.323 [info] [getSessions] [all] starting
2025-10-04 23:23:52.323 [info] [getSessions] [all] returned 0 session(s)
2025-10-04 23:23:52.324 [info] [getSessions] [all] starting
2025-10-04 23:23:52.324 [info] [getSessions] [all] returned 0 session(s)
2025-10-04 23:23:52.325 [info] [getSessions] [all] starting
2025-10-04 23:23:52.325 [info] [getSessions] [all] returned 0 session(s)
