2025-09-28 23:16:11.552 [info] Reading sessions from keychain...
2025-09-28 23:16:11.552 [info] Getting sessions for all scopes...
2025-09-28 23:16:12.437 [info] Got 0 sessions for ...
2025-09-28 23:16:12.440 [info] Getting sessions for all scopes...
2025-09-28 23:16:12.440 [info] Got 0 sessions for ...
2025-09-28 23:16:12.443 [info] Getting sessions for all scopes...
2025-09-28 23:16:12.443 [info] Got 0 sessions for ...
2025-09-28 23:16:12.444 [info] Getting sessions for all scopes...
2025-09-28 23:16:12.444 [info] Got 0 sessions for ...
2025-09-28 23:16:12.444 [info] Getting sessions for all scopes...
2025-09-28 23:16:12.444 [info] Got 0 sessions for ...
2025-09-28 23:16:12.444 [info] Getting sessions for all scopes...
2025-09-28 23:16:12.444 [info] Got 0 sessions for ...
2025-09-28 23:16:12.444 [info] Getting sessions for all scopes...
2025-09-28 23:16:12.444 [info] Got 0 sessions for ...
2025-09-28 23:16:13.920 [info] Getting sessions for all scopes...
2025-09-28 23:16:13.920 [info] Got 0 sessions for ...
2025-09-28 23:16:13.934 [info] Getting sessions for all scopes...
2025-09-28 23:16:13.934 [info] Got 0 sessions for ...
2025-09-28 23:16:13.934 [info] Getting sessions for all scopes...
2025-09-28 23:16:13.934 [info] Got 0 sessions for ...
2025-09-28 23:16:13.937 [info] Getting sessions for all scopes...
2025-09-28 23:16:13.938 [info] Got 0 sessions for ...
2025-09-28 23:16:13.938 [info] Getting sessions for all scopes...
2025-09-28 23:16:13.938 [info] Got 0 sessions for ...
2025-09-28 23:16:13.939 [info] Getting sessions for all scopes...
2025-09-28 23:16:13.939 [info] Got 0 sessions for ...
2025-09-28 23:16:29.359 [info] Getting sessions for read:user,repo,user:email,workflow...
2025-09-28 23:16:29.360 [info] Got 0 sessions for read:user,repo,user:email,workflow...
2025-09-28 23:16:29.672 [info] Getting sessions for all scopes...
2025-09-28 23:16:29.672 [info] Got 0 sessions for ...
2025-09-28 23:16:29.739 [info] Getting sessions for all scopes...
2025-09-28 23:16:29.739 [info] Got 0 sessions for ...
2025-09-28 23:16:29.820 [info] Getting sessions for all scopes...
2025-09-28 23:16:29.820 [info] Got 0 sessions for ...
2025-09-28 23:16:29.822 [info] Getting sessions for all scopes...
2025-09-28 23:16:29.822 [info] Got 0 sessions for ...
2025-09-28 23:16:29.825 [info] Getting sessions for all scopes...
2025-09-28 23:16:29.825 [info] Got 0 sessions for ...
2025-09-28 23:16:30.184 [info] Getting sessions for all scopes...
2025-09-28 23:16:30.184 [info] Got 0 sessions for ...
2025-09-28 23:16:30.185 [info] Getting sessions for all scopes...
2025-09-28 23:16:30.185 [info] Got 0 sessions for ...
2025-09-28 23:16:32.178 [info] Getting sessions for user:email...
2025-09-28 23:16:32.178 [info] Got 0 sessions for user:email...
2025-09-28 23:16:32.179 [info] Getting sessions for read:user,repo,user:email,workflow...
2025-09-28 23:16:32.179 [info] Got 0 sessions for read:user,repo,user:email,workflow...
2025-09-28 23:16:34.114 [info] Getting sessions for all scopes...
2025-09-28 23:16:34.114 [info] Got 0 sessions for ...
2025-09-28 23:16:34.137 [info] Getting sessions for read:user,repo,user:email,workflow...
2025-09-28 23:16:34.137 [info] Got 0 sessions for read:user,repo,user:email,workflow...
2025-09-28 23:16:34.225 [info] Getting sessions for all scopes...
2025-09-28 23:16:34.225 [info] Got 0 sessions for ...
2025-09-28 23:16:34.664 [info] Getting sessions for read:user...
2025-09-28 23:16:34.664 [info] Got 0 sessions for read:user...
2025-09-28 23:16:34.671 [info] Getting sessions for all scopes...
2025-09-28 23:16:34.671 [info] Got 0 sessions for ...
2025-09-28 23:16:35.021 [info] Getting sessions for all scopes...
2025-09-28 23:16:35.021 [info] Got 0 sessions for ...
2025-09-28 23:16:35.288 [info] Getting sessions for user:email...
2025-09-28 23:16:35.288 [info] Got 0 sessions for user:email...
2025-09-28 23:16:35.291 [info] Getting sessions for user:email...
2025-09-28 23:16:35.291 [info] Got 0 sessions for user:email...
2025-09-28 23:16:36.246 [info] Getting sessions for all scopes...
2025-09-28 23:16:36.246 [info] Got 0 sessions for ...
2025-09-28 23:16:36.251 [info] Getting sessions for all scopes...
2025-09-28 23:16:36.251 [info] Got 0 sessions for ...
2025-09-28 23:16:36.788 [info] Getting sessions for user:email...
2025-09-28 23:16:36.788 [info] Got 0 sessions for user:email...
2025-09-28 23:17:05.124 [info] Getting sessions for all scopes...
2025-09-28 23:17:05.125 [info] Got 0 sessions for ...
2025-09-28 23:17:05.166 [info] Getting sessions for user:email...
2025-09-28 23:17:05.166 [info] Got 0 sessions for user:email...
2025-09-28 23:17:05.172 [info] Getting sessions for all scopes...
2025-09-28 23:17:05.172 [info] Got 0 sessions for ...
2025-09-28 23:17:05.177 [info] Getting sessions for user:email...
2025-09-28 23:17:05.177 [info] Got 0 sessions for user:email...
2025-09-28 23:17:05.241 [info] Getting sessions for all scopes...
2025-09-28 23:17:05.241 [info] Got 0 sessions for ...
2025-09-28 23:17:05.267 [info] Getting sessions for user:email...
2025-09-28 23:17:05.267 [info] Got 0 sessions for user:email...
2025-09-28 23:17:05.286 [info] Getting sessions for all scopes...
2025-09-28 23:17:05.286 [info] Got 0 sessions for ...
2025-09-28 23:17:05.289 [info] Getting sessions for user:email...
2025-09-28 23:17:05.289 [info] Got 0 sessions for user:email...
2025-09-28 23:17:05.337 [info] Getting sessions for all scopes...
2025-09-28 23:17:05.337 [info] Got 0 sessions for ...
2025-09-28 23:17:05.371 [info] Getting sessions for all scopes...
2025-09-28 23:17:05.371 [info] Got 0 sessions for ...
