2025-10-01 19:39:05.963 [info] Reading sessions from keychain...
2025-10-01 19:39:05.963 [info] Getting sessions for all scopes...
2025-10-01 19:39:06.282 [info] Got 0 sessions for ...
2025-10-01 19:39:06.283 [info] Getting sessions for all scopes...
2025-10-01 19:39:06.283 [info] Got 0 sessions for ...
2025-10-01 19:39:06.283 [info] Getting sessions for all scopes...
2025-10-01 19:39:06.283 [info] Got 0 sessions for ...
2025-10-01 19:39:06.283 [info] Getting sessions for all scopes...
2025-10-01 19:39:06.283 [info] Got 0 sessions for ...
2025-10-01 19:39:06.283 [info] Getting sessions for all scopes...
2025-10-01 19:39:06.283 [info] Got 0 sessions for ...
2025-10-01 19:39:06.290 [info] Getting sessions for all scopes...
2025-10-01 19:39:06.290 [info] Got 0 sessions for ...
2025-10-01 19:39:06.290 [info] Getting sessions for all scopes...
2025-10-01 19:39:06.290 [info] Got 0 sessions for ...
2025-10-01 19:39:06.834 [info] Getting sessions for all scopes...
2025-10-01 19:39:06.834 [info] Got 0 sessions for ...
2025-10-01 19:39:06.841 [info] Getting sessions for all scopes...
2025-10-01 19:39:06.841 [info] Got 0 sessions for ...
2025-10-01 19:39:06.848 [info] Getting sessions for all scopes...
2025-10-01 19:39:06.848 [info] Got 0 sessions for ...
2025-10-01 19:39:06.855 [info] Getting sessions for all scopes...
2025-10-01 19:39:06.856 [info] Got 0 sessions for ...
2025-10-01 19:39:06.856 [info] Getting sessions for all scopes...
2025-10-01 19:39:06.856 [info] Got 0 sessions for ...
2025-10-01 19:39:06.861 [info] Getting sessions for all scopes...
2025-10-01 19:39:06.861 [info] Got 0 sessions for ...
2025-10-01 19:39:23.318 [info] Getting sessions for read:user,repo,user:email,workflow...
2025-10-01 19:39:23.319 [info] Got 0 sessions for read:user,repo,user:email,workflow...
2025-10-01 19:39:23.515 [info] Getting sessions for all scopes...
2025-10-01 19:39:23.515 [info] Got 0 sessions for ...
2025-10-01 19:39:23.635 [info] Getting sessions for all scopes...
2025-10-01 19:39:23.635 [info] Got 0 sessions for ...
2025-10-01 19:39:23.691 [info] Getting sessions for all scopes...
2025-10-01 19:39:23.693 [info] Got 0 sessions for ...
2025-10-01 19:39:23.699 [info] Getting sessions for all scopes...
2025-10-01 19:39:23.699 [info] Got 0 sessions for ...
2025-10-01 19:39:23.702 [info] Getting sessions for all scopes...
2025-10-01 19:39:23.702 [info] Got 0 sessions for ...
2025-10-01 19:39:24.292 [info] Getting sessions for all scopes...
2025-10-01 19:39:24.292 [info] Got 0 sessions for ...
2025-10-01 19:39:24.292 [info] Getting sessions for all scopes...
2025-10-01 19:39:24.292 [info] Got 0 sessions for ...
2025-10-01 19:39:24.916 [info] Getting sessions for user:email...
2025-10-01 19:39:24.916 [info] Got 0 sessions for user:email...
2025-10-01 19:39:24.917 [info] Getting sessions for read:user,repo,user:email,workflow...
2025-10-01 19:39:24.917 [info] Got 0 sessions for read:user,repo,user:email,workflow...
2025-10-01 19:39:27.362 [info] Getting sessions for all scopes...
2025-10-01 19:39:27.362 [info] Got 0 sessions for ...
2025-10-01 19:39:27.404 [info] Getting sessions for read:user,repo,user:email,workflow...
2025-10-01 19:39:27.404 [info] Got 0 sessions for read:user,repo,user:email,workflow...
2025-10-01 19:39:27.678 [info] Getting sessions for all scopes...
2025-10-01 19:39:27.678 [info] Got 0 sessions for ...
2025-10-01 19:39:28.755 [info] Getting sessions for read:user...
2025-10-01 19:39:28.755 [info] Got 0 sessions for read:user...
2025-10-01 19:39:28.812 [info] Getting sessions for all scopes...
2025-10-01 19:39:28.812 [info] Got 0 sessions for ...
2025-10-01 19:39:29.019 [info] Getting sessions for all scopes...
2025-10-01 19:39:29.019 [info] Got 0 sessions for ...
2025-10-01 19:39:29.179 [info] Getting sessions for user:email...
2025-10-01 19:39:29.179 [info] Got 0 sessions for user:email...
2025-10-01 19:39:29.186 [info] Getting sessions for user:email...
2025-10-01 19:39:29.186 [info] Got 0 sessions for user:email...
2025-10-01 19:39:29.455 [info] Getting sessions for all scopes...
2025-10-01 19:39:29.456 [info] Got 0 sessions for ...
2025-10-01 19:39:29.456 [info] Getting sessions for all scopes...
2025-10-01 19:39:29.456 [info] Got 0 sessions for ...
2025-10-01 19:39:29.459 [info] Getting sessions for user:email...
2025-10-01 19:39:29.459 [info] Got 0 sessions for user:email...
2025-10-01 19:39:53.609 [info] Reading sessions from keychain...
2025-10-01 19:39:53.609 [info] Getting sessions for all scopes...
2025-10-01 19:39:53.609 [info] Got 0 sessions for ...
2025-10-01 19:39:53.609 [info] Getting sessions for all scopes...
2025-10-01 19:39:53.609 [info] Got 0 sessions for ...
2025-10-01 19:39:53.609 [info] Getting sessions for all scopes...
2025-10-01 19:39:53.609 [info] Got 0 sessions for ...
2025-10-01 19:39:53.609 [info] Getting sessions for all scopes...
2025-10-01 19:39:53.609 [info] Got 0 sessions for ...
2025-10-01 19:39:53.609 [info] Getting sessions for all scopes...
2025-10-01 19:39:53.609 [info] Got 0 sessions for ...
2025-10-01 19:39:53.609 [info] Getting sessions for all scopes...
2025-10-01 19:39:53.609 [info] Got 0 sessions for ...
2025-10-01 19:39:53.609 [info] Getting sessions for all scopes...
2025-10-01 19:39:53.609 [info] Got 0 sessions for ...
2025-10-01 19:39:53.609 [info] Getting sessions for all scopes...
2025-10-01 19:39:53.609 [info] Got 0 sessions for ...
2025-10-01 19:39:53.609 [info] Getting sessions for all scopes...
2025-10-01 19:39:53.609 [info] Got 0 sessions for ...
2025-10-01 19:39:53.609 [info] Getting sessions for all scopes...
2025-10-01 19:39:53.609 [info] Got 0 sessions for ...
2025-10-01 19:39:53.609 [info] Getting sessions for all scopes...
2025-10-01 19:39:53.609 [info] Got 0 sessions for ...
2025-10-01 19:39:53.609 [info] Getting sessions for all scopes...
2025-10-01 19:39:53.609 [info] Got 0 sessions for ...
2025-10-01 19:39:53.609 [info] Getting sessions for all scopes...
2025-10-01 19:39:53.609 [info] Got 0 sessions for ...
2025-10-01 19:39:53.609 [info] Getting sessions for all scopes...
2025-10-01 19:39:53.609 [info] Got 0 sessions for ...
2025-10-01 19:39:53.609 [info] Getting sessions for all scopes...
2025-10-01 19:39:53.609 [info] Got 0 sessions for ...
2025-10-01 19:39:53.610 [info] Getting sessions for all scopes...
2025-10-01 19:39:53.610 [info] Got 0 sessions for ...
2025-10-01 19:39:53.610 [info] Getting sessions for all scopes...
2025-10-01 19:39:53.610 [info] Got 0 sessions for ...
2025-10-01 19:39:53.610 [info] Getting sessions for user:email...
2025-10-01 19:39:53.610 [info] Got 0 sessions for user:email...
2025-10-01 19:39:53.610 [info] Getting sessions for read:user,repo,user:email,workflow...
2025-10-01 19:39:53.610 [info] Got 0 sessions for read:user,repo,user:email,workflow...
2025-10-01 19:39:53.610 [info] Getting sessions for all scopes...
2025-10-01 19:39:53.610 [info] Got 0 sessions for ...
2025-10-01 19:39:55.111 [info] Getting sessions for all scopes...
2025-10-01 19:39:55.111 [info] Got 0 sessions for ...
2025-10-01 19:40:02.840 [info] Getting sessions for all scopes...
2025-10-01 19:40:02.840 [info] Got 0 sessions for ...
2025-10-01 19:40:02.841 [info] Getting sessions for all scopes...
2025-10-01 19:40:02.841 [info] Got 0 sessions for ...
2025-10-01 19:40:02.842 [info] Getting sessions for all scopes...
2025-10-01 19:40:02.842 [info] Got 0 sessions for ...
2025-10-01 19:40:03.078 [info] Getting sessions for user:email...
2025-10-01 19:40:03.078 [info] Got 0 sessions for user:email...
2025-10-01 19:40:03.303 [info] Getting sessions for all scopes...
2025-10-01 19:40:03.304 [info] Got 0 sessions for ...
2025-10-01 19:40:03.756 [info] Getting sessions for all scopes...
2025-10-01 19:40:03.756 [info] Got 0 sessions for ...
2025-10-01 19:40:03.758 [info] Getting sessions for all scopes...
2025-10-01 19:40:03.758 [info] Got 0 sessions for ...
2025-10-01 19:40:04.932 [info] Getting sessions for user:email...
2025-10-01 19:40:04.932 [info] Got 0 sessions for user:email...
2025-10-01 19:40:04.934 [info] Getting sessions for all scopes...
2025-10-01 19:40:04.934 [info] Got 0 sessions for ...
2025-10-01 19:40:04.936 [info] Getting sessions for read:user,repo,user:email,workflow...
2025-10-01 19:40:04.936 [info] Got 0 sessions for read:user,repo,user:email,workflow...
2025-10-01 19:40:05.061 [info] Getting sessions for all scopes...
2025-10-01 19:40:05.062 [info] Got 0 sessions for ...
2025-10-01 19:40:05.062 [info] Getting sessions for all scopes...
2025-10-01 19:40:05.062 [info] Got 0 sessions for ...
2025-10-01 19:40:05.097 [info] Getting sessions for read:user...
2025-10-01 19:40:05.097 [info] Got 0 sessions for read:user...
2025-10-01 19:40:05.107 [info] Getting sessions for user:email...
2025-10-01 19:40:05.107 [info] Got 0 sessions for user:email...
2025-10-01 19:40:05.111 [info] Getting sessions for user:email...
2025-10-01 19:40:05.111 [info] Got 0 sessions for user:email...
2025-10-01 19:40:08.545 [info] Getting sessions for all scopes...
2025-10-01 19:40:08.545 [info] Got 0 sessions for ...
2025-10-01 19:40:08.564 [info] Getting sessions for user:email...
2025-10-01 19:40:08.564 [info] Got 0 sessions for user:email...
2025-10-01 19:40:08.567 [info] Getting sessions for all scopes...
2025-10-01 19:40:08.567 [info] Got 0 sessions for ...
2025-10-01 19:40:08.572 [info] Getting sessions for user:email...
2025-10-01 19:40:08.572 [info] Got 0 sessions for user:email...
2025-10-01 19:40:08.703 [info] Getting sessions for all scopes...
2025-10-01 19:40:08.703 [info] Got 0 sessions for ...
2025-10-01 19:40:08.730 [info] Getting sessions for user:email...
2025-10-01 19:40:08.730 [info] Got 0 sessions for user:email...
2025-10-01 19:40:08.738 [info] Getting sessions for all scopes...
2025-10-01 19:40:08.739 [info] Got 0 sessions for ...
2025-10-01 19:40:08.755 [info] Getting sessions for user:email...
2025-10-01 19:40:08.755 [info] Got 0 sessions for user:email...
2025-10-01 19:40:08.780 [info] Getting sessions for all scopes...
2025-10-01 19:40:08.781 [info] Got 0 sessions for ...
2025-10-01 19:40:08.783 [info] Getting sessions for all scopes...
2025-10-01 19:40:08.783 [info] Got 0 sessions for ...
2025-10-01 19:40:15.454 [info] Getting sessions for read:user,repo,user:email,workflow...
2025-10-01 19:40:15.454 [info] Got 0 sessions for read:user,repo,user:email,workflow...
2025-10-01 19:40:15.468 [info] Getting sessions for read:user...
2025-10-01 19:40:15.468 [info] Got 0 sessions for read:user...
2025-10-01 19:40:15.471 [info] Getting sessions for user:email...
2025-10-01 19:40:15.471 [info] Got 0 sessions for user:email...
2025-10-01 19:41:07.779 [info] Reading sessions from keychain...
2025-10-01 19:41:07.779 [info] Getting sessions for all scopes...
2025-10-01 19:41:07.779 [info] Got 0 sessions for ...
2025-10-01 19:41:07.779 [info] Getting sessions for all scopes...
2025-10-01 19:41:07.779 [info] Got 0 sessions for ...
2025-10-01 19:41:07.779 [info] Getting sessions for all scopes...
2025-10-01 19:41:07.779 [info] Got 0 sessions for ...
2025-10-01 19:41:07.779 [info] Getting sessions for all scopes...
2025-10-01 19:41:07.779 [info] Got 0 sessions for ...
2025-10-01 19:41:07.779 [info] Getting sessions for all scopes...
2025-10-01 19:41:07.779 [info] Got 0 sessions for ...
2025-10-01 19:41:07.779 [info] Getting sessions for all scopes...
2025-10-01 19:41:07.780 [info] Got 0 sessions for ...
2025-10-01 19:41:07.780 [info] Getting sessions for all scopes...
2025-10-01 19:41:07.780 [info] Got 0 sessions for ...
2025-10-01 19:41:07.780 [info] Getting sessions for all scopes...
2025-10-01 19:41:07.780 [info] Got 0 sessions for ...
2025-10-01 19:41:07.780 [info] Getting sessions for all scopes...
2025-10-01 19:41:07.780 [info] Got 0 sessions for ...
2025-10-01 19:41:07.780 [info] Getting sessions for all scopes...
2025-10-01 19:41:07.780 [info] Got 0 sessions for ...
2025-10-01 19:41:07.780 [info] Getting sessions for all scopes...
2025-10-01 19:41:07.780 [info] Got 0 sessions for ...
2025-10-01 19:41:07.780 [info] Getting sessions for all scopes...
2025-10-01 19:41:07.780 [info] Got 0 sessions for ...
2025-10-01 19:41:07.780 [info] Getting sessions for all scopes...
2025-10-01 19:41:07.780 [info] Got 0 sessions for ...
2025-10-01 19:41:07.780 [info] Getting sessions for all scopes...
2025-10-01 19:41:07.780 [info] Got 0 sessions for ...
2025-10-01 19:41:07.780 [info] Getting sessions for all scopes...
2025-10-01 19:41:07.780 [info] Got 0 sessions for ...
2025-10-01 19:41:07.781 [info] Getting sessions for all scopes...
2025-10-01 19:41:07.781 [info] Got 0 sessions for ...
2025-10-01 19:41:07.781 [info] Getting sessions for all scopes...
2025-10-01 19:41:07.781 [info] Got 0 sessions for ...
2025-10-01 19:41:07.781 [info] Getting sessions for all scopes...
2025-10-01 19:41:07.781 [info] Got 0 sessions for ...
2025-10-01 19:41:07.781 [info] Getting sessions for user:email...
2025-10-01 19:41:07.781 [info] Got 0 sessions for user:email...
2025-10-01 19:41:07.781 [info] Getting sessions for read:user,repo,user:email,workflow...
2025-10-01 19:41:07.781 [info] Got 0 sessions for read:user,repo,user:email,workflow...
2025-10-01 19:41:07.875 [info] Getting sessions for all scopes...
2025-10-01 19:41:07.875 [info] Got 0 sessions for ...
2025-10-01 19:41:07.877 [info] Getting sessions for all scopes...
2025-10-01 19:41:07.877 [info] Got 0 sessions for ...
2025-10-01 19:41:07.879 [info] Getting sessions for all scopes...
2025-10-01 19:41:07.879 [info] Got 0 sessions for ...
2025-10-01 19:41:08.709 [info] Getting sessions for all scopes...
2025-10-01 19:41:08.709 [info] Got 0 sessions for ...
2025-10-01 19:41:17.466 [info] Getting sessions for all scopes...
2025-10-01 19:41:17.466 [info] Got 0 sessions for ...
2025-10-01 19:41:17.504 [info] Getting sessions for user:email...
2025-10-01 19:41:17.504 [info] Got 0 sessions for user:email...
2025-10-01 19:41:21.322 [info] Getting sessions for all scopes...
2025-10-01 19:41:21.322 [info] Got 0 sessions for ...
2025-10-01 19:41:21.323 [info] Getting sessions for all scopes...
2025-10-01 19:41:21.323 [info] Got 0 sessions for ...
2025-10-01 19:41:24.374 [info] Getting sessions for all scopes...
2025-10-01 19:41:24.374 [info] Got 0 sessions for ...
2025-10-01 19:41:24.380 [info] Getting sessions for read:user,repo,user:email,workflow...
2025-10-01 19:41:24.380 [info] Got 0 sessions for read:user,repo,user:email,workflow...
2025-10-01 19:41:24.393 [info] Getting sessions for user:email...
2025-10-01 19:41:24.393 [info] Got 0 sessions for user:email...
2025-10-01 19:41:24.593 [info] Getting sessions for all scopes...
2025-10-01 19:41:24.593 [info] Got 0 sessions for ...
2025-10-01 19:41:25.092 [info] Getting sessions for read:user...
2025-10-01 19:41:25.092 [info] Got 0 sessions for read:user...
2025-10-01 19:41:25.092 [info] Getting sessions for all scopes...
2025-10-01 19:41:25.092 [info] Got 0 sessions for ...
2025-10-01 19:41:25.268 [info] Getting sessions for read:user,repo,user:email,workflow...
2025-10-01 19:41:25.268 [info] Got 0 sessions for read:user,repo,user:email,workflow...
2025-10-01 19:41:25.554 [info] Getting sessions for user:email...
2025-10-01 19:41:25.554 [info] Got 0 sessions for user:email...
2025-10-01 19:41:25.555 [info] Getting sessions for user:email...
2025-10-01 19:41:25.555 [info] Got 0 sessions for user:email...
2025-10-01 19:41:25.948 [info] Getting sessions for read:user,repo,user:email,workflow...
2025-10-01 19:41:25.948 [info] Got 0 sessions for read:user,repo,user:email,workflow...
2025-10-01 19:41:25.951 [info] Getting sessions for all scopes...
2025-10-01 19:41:25.951 [info] Got 0 sessions for ...
2025-10-01 19:41:26.605 [info] Getting sessions for user:email...
2025-10-01 19:41:26.605 [info] Got 0 sessions for user:email...
2025-10-01 19:41:26.944 [info] Getting sessions for all scopes...
2025-10-01 19:41:26.944 [info] Got 0 sessions for ...
2025-10-01 19:41:27.000 [info] Getting sessions for user:email...
2025-10-01 19:41:27.000 [info] Got 0 sessions for user:email...
2025-10-01 19:41:27.097 [info] Getting sessions for all scopes...
2025-10-01 19:41:27.097 [info] Got 0 sessions for ...
2025-10-01 19:41:27.144 [info] Getting sessions for all scopes...
2025-10-01 19:41:27.144 [info] Got 0 sessions for ...
2025-10-01 19:44:23.606 [info] Getting sessions for read:user,repo,user:email,workflow...
2025-10-01 19:44:23.606 [info] Got 0 sessions for read:user,repo,user:email,workflow...
2025-10-01 19:44:25.925 [info] Logging in with 'any' account...
2025-10-01 19:44:25.925 [info] Logging in for the following scopes: read:user repo user:email workflow
2025-10-01 19:44:26.176 [info] Trying with local server... (read:user repo user:email workflow)
2025-10-01 19:44:37.183 [info] Exchanging code for token...
2025-10-01 19:44:38.060 [info] fetching: Electron fetch succeeded (JSON)
2025-10-01 19:44:38.060 [info] Token exchange success!
2025-10-01 19:44:38.067 [info] Getting user info...
2025-10-01 19:44:39.277 [info] Got account info!
2025-10-01 19:44:39.279 [info] Storing 1 sessions...
2025-10-01 19:44:39.303 [info] Reading sessions from keychain...
2025-10-01 19:44:39.304 [info] Stored 1 sessions!
2025-10-01 19:44:39.304 [info] Login success!
2025-10-01 19:44:39.312 [info] Got stored sessions!
2025-10-01 19:44:39.312 [info] Got 1 verified sessions.
2025-10-01 19:44:39.318 [info] Getting sessions for all scopes...
2025-10-01 19:44:39.318 [info] Got 1 sessions for ...
2025-10-01 19:44:39.336 [info] Getting sessions for all scopes...
2025-10-01 19:44:39.336 [info] Got 1 sessions for ...
2025-10-01 19:44:39.339 [info] Getting sessions for all scopes...
2025-10-01 19:44:39.339 [info] Got 1 sessions for ...
2025-10-01 19:44:39.343 [info] Getting sessions for all scopes...
2025-10-01 19:44:39.343 [info] Got 1 sessions for ...
2025-10-01 19:44:39.351 [info] Getting sessions for all scopes...
2025-10-01 19:44:39.355 [info] Got 1 sessions for ...
2025-10-01 19:44:39.356 [info] Getting sessions for all scopes...
2025-10-01 19:44:39.356 [info] Got 1 sessions for ...
2025-10-01 19:44:39.357 [info] Getting sessions for all scopes...
2025-10-01 19:44:39.357 [info] Got 1 sessions for ...
2025-10-01 19:44:39.363 [info] Getting sessions for read:user,repo,user:email,workflow...
2025-10-01 19:44:39.363 [info] Got 1 sessions for read:user,repo,user:email,workflow...
2025-10-01 19:44:39.368 [info] Getting sessions for read:user,repo,user:email,workflow...
2025-10-01 19:44:39.368 [info] Got 1 sessions for read:user,repo,user:email,workflow...
2025-10-01 19:44:39.369 [info] Getting sessions for all scopes...
2025-10-01 19:44:39.369 [info] Got 1 sessions for ...
2025-10-01 19:44:39.545 [info] Getting sessions for read:user,repo,user:email,workflow...
2025-10-01 19:44:39.545 [info] Got 1 sessions for read:user,repo,user:email,workflow...
2025-10-01 19:44:40.147 [info] Getting sessions for all scopes...
2025-10-01 19:44:40.147 [info] Got 1 sessions for ...
2025-10-01 19:44:40.180 [info] Getting sessions for read:user,repo,user:email,workflow...
2025-10-01 19:44:40.180 [info] Got 1 sessions for read:user,repo,user:email,workflow...
2025-10-01 19:44:40.190 [info] Getting sessions for all scopes...
2025-10-01 19:44:40.190 [info] Got 1 sessions for ...
2025-10-01 19:44:40.194 [info] Getting sessions for read:user,repo,user:email,workflow...
2025-10-01 19:44:40.194 [info] Got 1 sessions for read:user,repo,user:email,workflow...
2025-10-01 19:44:41.154 [info] Getting sessions for all scopes...
2025-10-01 19:44:41.154 [info] Got 1 sessions for ...
2025-10-01 19:44:41.916 [info] Getting sessions for all scopes...
2025-10-01 19:44:41.917 [info] Got 1 sessions for ...
2025-10-01 19:44:42.528 [info] Getting sessions for read:user,repo,user:email,workflow...
2025-10-01 19:44:42.528 [info] Got 1 sessions for read:user,repo,user:email,workflow...
2025-10-01 19:44:42.977 [info] Getting sessions for all scopes...
2025-10-01 19:44:42.977 [info] Got 1 sessions for ...
2025-10-01 19:44:43.135 [info] Getting sessions for read:user,repo,user:email,workflow...
2025-10-01 19:44:43.136 [info] Got 1 sessions for read:user,repo,user:email,workflow...
2025-10-01 19:44:43.941 [info] Getting sessions for all scopes...
2025-10-01 19:44:43.941 [info] Got 1 sessions for ...
2025-10-01 19:44:44.187 [info] Getting sessions for all scopes...
2025-10-01 19:44:44.187 [info] Got 1 sessions for ...
2025-10-01 19:44:44.291 [info] Getting sessions for read:user,repo,user:email,workflow...
2025-10-01 19:44:44.291 [info] Got 1 sessions for read:user,repo,user:email,workflow...
