2025-10-03 10:51:29.825 [info] Reading sessions from keychain...
2025-10-03 10:51:29.826 [info] Getting sessions for all scopes...
2025-10-03 10:51:29.826 [info] Got 0 sessions for ...
2025-10-03 10:51:29.826 [info] Getting sessions for all scopes...
2025-10-03 10:51:29.826 [info] Got 0 sessions for ...
2025-10-03 10:51:29.826 [info] Getting sessions for all scopes...
2025-10-03 10:51:29.826 [info] Got 0 sessions for ...
2025-10-03 10:51:29.826 [info] Getting sessions for all scopes...
2025-10-03 10:51:29.826 [info] Got 0 sessions for ...
2025-10-03 10:51:29.826 [info] Getting sessions for all scopes...
2025-10-03 10:51:29.826 [info] Got 0 sessions for ...
2025-10-03 10:51:29.826 [info] Getting sessions for all scopes...
2025-10-03 10:51:29.826 [info] Got 0 sessions for ...
2025-10-03 10:51:29.826 [info] Getting sessions for all scopes...
2025-10-03 10:51:29.826 [info] Got 0 sessions for ...
2025-10-03 10:51:29.826 [info] Getting sessions for all scopes...
2025-10-03 10:51:29.826 [info] Got 0 sessions for ...
2025-10-03 10:51:29.826 [info] Getting sessions for all scopes...
2025-10-03 10:51:29.826 [info] Got 0 sessions for ...
2025-10-03 10:51:29.826 [info] Getting sessions for all scopes...
2025-10-03 10:51:29.826 [info] Got 0 sessions for ...
2025-10-03 10:51:29.826 [info] Getting sessions for all scopes...
2025-10-03 10:51:29.826 [info] Got 0 sessions for ...
2025-10-03 10:51:29.826 [info] Getting sessions for all scopes...
2025-10-03 10:51:29.826 [info] Got 0 sessions for ...
2025-10-03 10:51:29.826 [info] Getting sessions for all scopes...
2025-10-03 10:51:29.826 [info] Got 0 sessions for ...
2025-10-03 10:51:29.826 [info] Getting sessions for all scopes...
2025-10-03 10:51:29.826 [info] Got 0 sessions for ...
2025-10-03 10:51:29.826 [info] Getting sessions for all scopes...
2025-10-03 10:51:29.826 [info] Got 0 sessions for ...
2025-10-03 10:51:29.826 [info] Getting sessions for all scopes...
2025-10-03 10:51:29.826 [info] Got 0 sessions for ...
2025-10-03 10:51:29.826 [info] Getting sessions for all scopes...
2025-10-03 10:51:29.826 [info] Got 0 sessions for ...
2025-10-03 10:51:29.826 [info] Getting sessions for all scopes...
2025-10-03 10:51:29.826 [info] Got 0 sessions for ...
2025-10-03 10:51:29.826 [info] Getting sessions for all scopes...
2025-10-03 10:51:29.826 [info] Got 0 sessions for ...
2025-10-03 10:51:29.826 [info] Getting sessions for all scopes...
2025-10-03 10:51:29.826 [info] Got 0 sessions for ...
2025-10-03 10:51:29.826 [info] Getting sessions for all scopes...
2025-10-03 10:51:29.826 [info] Got 0 sessions for ...
2025-10-03 10:51:29.826 [info] Getting sessions for user:email...
2025-10-03 10:51:29.826 [info] Got 0 sessions for user:email...
2025-10-03 10:51:29.826 [info] Getting sessions for read:user,repo,user:email,workflow...
2025-10-03 10:51:29.826 [info] Got 0 sessions for read:user,repo,user:email,workflow...
2025-10-03 10:51:31.912 [info] Getting sessions for all scopes...
2025-10-03 10:51:31.933 [info] Got 0 sessions for ...
2025-10-03 10:51:31.999 [info] Getting sessions for read:user,repo,user:email,workflow...
2025-10-03 10:51:31.999 [info] Got 0 sessions for read:user,repo,user:email,workflow...
2025-10-03 10:51:32.010 [info] Getting sessions for all scopes...
2025-10-03 10:51:32.010 [info] Got 0 sessions for ...
2025-10-03 10:51:36.819 [info] Getting sessions for all scopes...
2025-10-03 10:51:36.819 [info] Got 0 sessions for ...
2025-10-03 10:51:37.084 [info] Getting sessions for read:user...
2025-10-03 10:51:37.084 [info] Got 0 sessions for read:user...
2025-10-03 10:51:37.084 [info] Getting sessions for user:email...
2025-10-03 10:51:37.084 [info] Got 0 sessions for user:email...
2025-10-03 10:51:37.117 [info] Getting sessions for all scopes...
2025-10-03 10:51:37.117 [info] Got 0 sessions for ...
2025-10-03 10:51:37.751 [info] Getting sessions for read:user,repo,user:email,workflow...
2025-10-03 10:51:37.751 [info] Got 0 sessions for read:user,repo,user:email,workflow...
2025-10-03 10:51:38.115 [info] Getting sessions for user:email...
2025-10-03 10:51:38.115 [info] Got 0 sessions for user:email...
2025-10-03 10:51:38.120 [info] Getting sessions for all scopes...
2025-10-03 10:51:38.120 [info] Got 0 sessions for ...
2025-10-03 10:51:38.121 [info] Getting sessions for all scopes...
2025-10-03 10:51:38.121 [info] Got 0 sessions for ...
2025-10-03 10:51:38.464 [info] Getting sessions for user:email...
2025-10-03 10:51:38.465 [info] Got 0 sessions for user:email...
2025-10-03 10:51:42.438 [info] Getting sessions for all scopes...
2025-10-03 10:51:42.441 [info] Got 0 sessions for ...
2025-10-03 10:51:42.464 [info] Getting sessions for user:email...
2025-10-03 10:51:42.464 [info] Got 0 sessions for user:email...
2025-10-03 10:51:42.925 [info] Getting sessions for all scopes...
2025-10-03 10:51:42.925 [info] Got 0 sessions for ...
2025-10-03 10:51:42.961 [info] Getting sessions for user:email...
2025-10-03 10:51:42.962 [info] Got 0 sessions for user:email...
2025-10-03 10:51:43.010 [info] Getting sessions for all scopes...
2025-10-03 10:51:43.010 [info] Got 0 sessions for ...
2025-10-03 10:51:43.040 [info] Getting sessions for user:email...
2025-10-03 10:51:43.040 [info] Got 0 sessions for user:email...
2025-10-03 10:51:43.056 [info] Getting sessions for all scopes...
2025-10-03 10:51:43.056 [info] Got 0 sessions for ...
2025-10-03 10:51:43.071 [info] Getting sessions for user:email...
2025-10-03 10:51:43.071 [info] Got 0 sessions for user:email...
2025-10-03 10:51:43.125 [info] Getting sessions for all scopes...
2025-10-03 10:51:43.125 [info] Got 0 sessions for ...
2025-10-03 10:51:43.143 [info] Getting sessions for all scopes...
2025-10-03 10:51:43.143 [info] Got 0 sessions for ...
