2025-09-29 12:05:05.675 [info] Reading sessions from keychain...
2025-09-29 12:05:05.739 [info] Getting sessions for all scopes...
2025-09-29 12:05:08.173 [info] Got 0 sessions for ...
2025-09-29 12:05:08.174 [info] Getting sessions for all scopes...
2025-09-29 12:05:08.174 [info] Got 0 sessions for ...
2025-09-29 12:05:08.216 [info] Getting sessions for all scopes...
2025-09-29 12:05:08.216 [info] Got 0 sessions for ...
2025-09-29 12:05:08.216 [info] Getting sessions for all scopes...
2025-09-29 12:05:08.216 [info] Got 0 sessions for ...
2025-09-29 12:05:08.217 [info] Getting sessions for all scopes...
2025-09-29 12:05:08.217 [info] Got 0 sessions for ...
2025-09-29 12:05:08.217 [info] Getting sessions for all scopes...
2025-09-29 12:05:08.217 [info] Got 0 sessions for ...
2025-09-29 12:05:08.217 [info] Getting sessions for all scopes...
2025-09-29 12:05:08.217 [info] Got 0 sessions for ...
2025-09-29 12:05:09.969 [info] Getting sessions for all scopes...
2025-09-29 12:05:09.969 [info] Got 0 sessions for ...
2025-09-29 12:05:09.971 [info] Getting sessions for all scopes...
2025-09-29 12:05:09.971 [info] Got 0 sessions for ...
2025-09-29 12:05:09.972 [info] Getting sessions for all scopes...
2025-09-29 12:05:09.972 [info] Got 0 sessions for ...
2025-09-29 12:05:09.972 [info] Getting sessions for all scopes...
2025-09-29 12:05:09.972 [info] Got 0 sessions for ...
2025-09-29 12:05:09.973 [info] Getting sessions for all scopes...
2025-09-29 12:05:09.973 [info] Got 0 sessions for ...
2025-09-29 12:05:09.973 [info] Getting sessions for all scopes...
2025-09-29 12:05:09.973 [info] Got 0 sessions for ...
2025-09-29 12:05:50.651 [info] Getting sessions for read:user,repo,user:email,workflow...
2025-09-29 12:05:50.652 [info] Got 0 sessions for read:user,repo,user:email,workflow...
2025-09-29 12:05:51.381 [info] Getting sessions for all scopes...
2025-09-29 12:05:51.381 [info] Got 0 sessions for ...
2025-09-29 12:05:51.582 [info] Getting sessions for all scopes...
2025-09-29 12:05:51.582 [info] Got 0 sessions for ...
2025-09-29 12:05:51.937 [info] Getting sessions for all scopes...
2025-09-29 12:05:51.937 [info] Got 0 sessions for ...
2025-09-29 12:05:51.941 [info] Getting sessions for all scopes...
2025-09-29 12:05:51.941 [info] Got 0 sessions for ...
2025-09-29 12:05:51.942 [info] Getting sessions for all scopes...
2025-09-29 12:05:51.942 [info] Got 0 sessions for ...
2025-09-29 12:05:53.475 [info] Getting sessions for all scopes...
2025-09-29 12:05:53.475 [info] Got 0 sessions for ...
2025-09-29 12:05:53.476 [info] Getting sessions for all scopes...
2025-09-29 12:05:53.476 [info] Got 0 sessions for ...
2025-09-29 12:06:02.564 [info] Getting sessions for read:user,repo,user:email,workflow...
2025-09-29 12:06:02.564 [info] Got 0 sessions for read:user,repo,user:email,workflow...
2025-09-29 12:06:08.133 [info] Getting sessions for all scopes...
2025-09-29 12:06:08.133 [info] Got 0 sessions for ...
2025-09-29 12:06:08.149 [info] Getting sessions for read:user,repo,user:email,workflow...
2025-09-29 12:06:08.150 [info] Got 0 sessions for read:user,repo,user:email,workflow...
2025-09-29 12:06:08.154 [info] Getting sessions for user:email...
2025-09-29 12:06:08.155 [info] Got 0 sessions for user:email...
2025-09-29 12:06:08.158 [info] Getting sessions for read:user,repo,user:email,workflow...
2025-09-29 12:06:08.158 [info] Got 0 sessions for read:user,repo,user:email,workflow...
2025-09-29 12:06:08.730 [info] Getting sessions for all scopes...
2025-09-29 12:06:08.730 [info] Got 0 sessions for ...
2025-09-29 12:06:09.738 [info] Getting sessions for read:user...
2025-09-29 12:06:09.739 [info] Got 0 sessions for read:user...
2025-09-29 12:06:11.452 [info] Getting sessions for all scopes...
2025-09-29 12:06:11.453 [info] Got 0 sessions for ...
2025-09-29 12:06:11.674 [info] Getting sessions for user:email...
2025-09-29 12:06:11.674 [info] Got 0 sessions for user:email...
2025-09-29 12:06:11.847 [info] Getting sessions for user:email...
2025-09-29 12:06:11.848 [info] Got 0 sessions for user:email...
2025-09-29 12:06:11.913 [info] Getting sessions for all scopes...
2025-09-29 12:06:11.913 [info] Got 0 sessions for ...
2025-09-29 12:06:13.063 [info] Getting sessions for all scopes...
2025-09-29 12:06:13.063 [info] Got 0 sessions for ...
2025-09-29 12:06:13.072 [info] Getting sessions for all scopes...
2025-09-29 12:06:13.072 [info] Got 0 sessions for ...
2025-09-29 12:06:13.117 [info] Getting sessions for user:email...
2025-09-29 12:06:13.117 [info] Got 0 sessions for user:email...
2025-09-29 12:06:25.219 [info] Getting sessions for all scopes...
2025-09-29 12:06:25.220 [info] Got 0 sessions for ...
2025-09-29 12:06:25.547 [info] Getting sessions for user:email...
2025-09-29 12:06:25.547 [info] Got 0 sessions for user:email...
2025-09-29 12:06:25.584 [info] Getting sessions for all scopes...
2025-09-29 12:06:25.584 [info] Got 0 sessions for ...
2025-09-29 12:06:25.621 [info] Getting sessions for user:email...
2025-09-29 12:06:25.627 [info] Got 0 sessions for user:email...
2025-09-29 12:06:26.170 [info] Getting sessions for all scopes...
2025-09-29 12:06:26.170 [info] Got 0 sessions for ...
2025-09-29 12:06:26.247 [info] Getting sessions for user:email...
2025-09-29 12:06:26.247 [info] Got 0 sessions for user:email...
2025-09-29 12:06:26.289 [info] Getting sessions for all scopes...
2025-09-29 12:06:26.289 [info] Got 0 sessions for ...
2025-09-29 12:06:26.304 [info] Getting sessions for user:email...
2025-09-29 12:06:26.304 [info] Got 0 sessions for user:email...
2025-09-29 12:06:26.374 [info] Getting sessions for all scopes...
2025-09-29 12:06:26.374 [info] Got 0 sessions for ...
2025-09-29 12:06:26.395 [info] Getting sessions for all scopes...
2025-09-29 12:06:26.395 [info] Got 0 sessions for ...
