2025-09-29 12:05:12.463 [info] [main] Log level: Info
2025-09-29 12:05:12.463 [info] [main] Validating found git in: "git"
2025-09-29 12:05:12.463 [info] [main] Using git "2.39.5" from "git"
2025-09-29 12:05:12.463 [info] [Model][doInitialScan] Initial repository scan started
2025-09-29 12:05:12.463 [info] > git rev-parse --show-toplevel [51ms]
2025-09-29 12:05:12.463 [info] > git rev-parse --git-dir --git-common-dir --show-superproject-working-tree [409ms]
2025-09-29 12:05:12.463 [info] [Model][openRepository] Opened repository (path): /home/as4454508/Abhay/web design/HTML-CSE11
2025-09-29 12:05:12.463 [info] [Model][openRepository] Opened repository (real path): /home/as4454508/Abhay/web design/HTML-CSE11
2025-09-29 12:05:12.463 [info] [Model][openRepository] Opened repository (kind): repository
2025-09-29 12:05:12.707 [info] > git rev-parse --show-toplevel [174ms]
2025-09-29 12:05:12.821 [info] [Model][doInitialScan] Initial repository scan completed - repositories (1), closed repositories (0), parent repositories (0), unsafe repositories (0)
2025-09-29 12:05:13.347 [info] > git config --get commit.template [478ms]
2025-09-29 12:05:13.509 [info] > git for-each-ref --format=%(refname)%00%(upstream:short)%00%(objectname)%00%(upstream:track)%00%(upstream:remotename)%00%(upstream:remoteref) refs/heads/main refs/remotes/main [102ms]
2025-09-29 12:05:13.694 [info] > git for-each-ref --sort -committerdate --format %(refname)%00%(objectname)%00%(*objectname) [30ms]
2025-09-29 12:05:13.865 [info] > git status -z -uall [247ms]
2025-09-29 12:05:14.023 [info] > git for-each-ref --format=%(refname)%00%(upstream:short)%00%(objectname)%00%(upstream:track)%00%(upstream:remotename)%00%(upstream:remoteref) refs/heads/main refs/remotes/main [35ms]
2025-09-29 12:05:14.282 [info] > git config --get --local branch.main.vscode-merge-base [107ms]
2025-09-29 12:05:14.400 [info] > git config --get commit.template [128ms]
2025-09-29 12:05:14.418 [info] > git for-each-ref --format=%(refname)%00%(upstream:short)%00%(objectname)%00%(upstream:track)%00%(upstream:remotename)%00%(upstream:remoteref) refs/heads/main refs/remotes/main [35ms]
2025-09-29 12:05:14.422 [info] > git for-each-ref --format=%(refname)%00%(upstream:short)%00%(objectname)%00%(upstream:track)%00%(upstream:remotename)%00%(upstream:remoteref) refs/heads/origin/main refs/remotes/origin/main [80ms]
2025-09-29 12:05:14.500 [info] > git merge-base refs/heads/main refs/remotes/origin/main [42ms]
2025-09-29 12:05:14.795 [info] > git status -z -uall [116ms]
2025-09-29 12:05:14.801 [info] > git diff --name-status -z --diff-filter=ADMR 4d60aafb14400be95916825349acb578dd9c32c1...refs/remotes/origin/main [213ms]
2025-09-29 12:05:50.463 [info] > git for-each-ref --sort -committerdate --format %(refname)%00%(objectname)%00%(*objectname) [35693ms]
2025-09-29 12:05:54.042 [info] > git check-ignore -v -z --stdin [722ms]
2025-09-29 12:05:54.047 [info] > git log --format=%H%n%aN%n%aE%n%at%n%ct%n%P%n%D%n%B -z --shortstat --diff-merges=first-parent -n50 --skip=0 --topo-order --decorate=full --stdin [1715ms]
2025-09-29 12:06:07.962 [info] > git show --textconv :My  Semantic web page.html  [5460ms]
2025-09-29 12:06:08.031 [info] > git ls-files --stage -- My  Semantic web page.html  [5410ms]
2025-09-29 12:06:08.696 [info] > git cat-file -s ab23087b77f66412e123f134836ee5aec2d80fcf [591ms]
2025-09-29 12:06:11.654 [info] > git log --format=%H%n%aN%n%aE%n%at%n%ct%n%P%n%D%n%B -z --shortstat --diff-merges=first-parent -n50 --skip=0 --topo-order --decorate=full --stdin [309ms]
