2025-09-20 16:51:32.194 [info] Reading sessions from keychain...
2025-09-20 16:51:32.194 [info] Getting sessions for all scopes...
2025-09-20 16:51:32.194 [info] Got 0 sessions for ...
2025-09-20 16:51:32.194 [info] Getting sessions for all scopes...
2025-09-20 16:51:32.194 [info] Got 0 sessions for ...
2025-09-20 16:51:32.194 [info] Getting sessions for all scopes...
2025-09-20 16:51:32.194 [info] Got 0 sessions for ...
2025-09-20 16:51:32.194 [info] Getting sessions for all scopes...
2025-09-20 16:51:32.194 [info] Got 0 sessions for ...
2025-09-20 16:51:32.194 [info] Getting sessions for all scopes...
2025-09-20 16:51:32.194 [info] Got 0 sessions for ...
2025-09-20 16:51:32.194 [info] Getting sessions for all scopes...
2025-09-20 16:51:32.194 [info] Got 0 sessions for ...
2025-09-20 16:51:32.194 [info] Getting sessions for all scopes...
2025-09-20 16:51:32.194 [info] Got 0 sessions for ...
2025-09-20 16:51:32.194 [info] Getting sessions for all scopes...
2025-09-20 16:51:32.194 [info] Got 0 sessions for ...
2025-09-20 16:51:32.194 [info] Getting sessions for all scopes...
2025-09-20 16:51:32.194 [info] Got 0 sessions for ...
2025-09-20 16:51:32.194 [info] Getting sessions for all scopes...
2025-09-20 16:51:32.194 [info] Got 0 sessions for ...
2025-09-20 16:51:32.195 [info] Getting sessions for all scopes...
2025-09-20 16:51:32.195 [info] Got 0 sessions for ...
2025-09-20 16:51:32.711 [info] Getting sessions for all scopes...
2025-09-20 16:51:32.711 [info] Got 0 sessions for ...
2025-09-20 16:51:32.715 [info] Getting sessions for all scopes...
2025-09-20 16:51:32.715 [info] Got 0 sessions for ...
2025-09-20 16:51:32.717 [info] Getting sessions for all scopes...
2025-09-20 16:51:32.718 [info] Got 0 sessions for ...
2025-09-20 16:51:32.718 [info] Getting sessions for all scopes...
2025-09-20 16:51:32.718 [info] Got 0 sessions for ...
2025-09-20 16:51:32.720 [info] Getting sessions for all scopes...
2025-09-20 16:51:32.720 [info] Got 0 sessions for ...
2025-09-20 16:51:32.721 [info] Getting sessions for all scopes...
2025-09-20 16:51:32.721 [info] Got 0 sessions for ...
2025-09-20 16:51:33.337 [info] Getting sessions for user:email...
2025-09-20 16:51:33.337 [info] Got 0 sessions for user:email...
2025-09-20 16:51:33.341 [info] Getting sessions for read:user,repo,user:email,workflow...
2025-09-20 16:51:33.341 [info] Got 0 sessions for read:user,repo,user:email,workflow...
2025-09-20 16:51:34.130 [info] Getting sessions for all scopes...
2025-09-20 16:51:34.130 [info] Got 0 sessions for ...
2025-09-20 16:51:34.912 [info] Getting sessions for all scopes...
2025-09-20 16:51:34.912 [info] Got 0 sessions for ...
2025-09-20 16:51:44.169 [info] Getting sessions for all scopes...
2025-09-20 16:51:44.169 [info] Got 0 sessions for ...
2025-09-20 16:51:44.170 [info] Getting sessions for all scopes...
2025-09-20 16:51:44.170 [info] Got 0 sessions for ...
2025-09-20 16:51:44.170 [info] Getting sessions for all scopes...
2025-09-20 16:51:44.170 [info] Got 0 sessions for ...
