2025-10-02 17:55:26.427 [info] [main] Log level: Info
2025-10-02 17:55:26.427 [info] [main] Validating found git in: "git"
2025-10-02 17:55:26.427 [info] [main] Using git "2.39.5" from "git"
2025-10-02 17:55:26.427 [info] [Model][doInitialScan] Initial repository scan started
2025-10-02 17:55:26.427 [info] > git rev-parse --show-toplevel [413ms]
2025-10-02 17:55:26.427 [info] > git rev-parse --git-dir --git-common-dir --show-superproject-working-tree [179ms]
2025-10-02 17:55:26.427 [info] [Model][openRepository] Opened repository (path): /home/as4454508/experiment1/experiment1-abhay15032008
2025-10-02 17:55:26.427 [info] [Model][openRepository] Opened repository (real path): /home/as4454508/experiment1/experiment1-abhay15032008
2025-10-02 17:55:26.427 [info] [Model][openRepository] Opened repository (kind): repository
2025-10-02 17:55:26.427 [info] [Model][doInitialScan] Initial repository scan completed - repositories (1), closed repositories (0), parent repositories (0), unsafe repositories (0)
2025-10-02 17:55:26.427 [info] > git config --get commit.template [1045ms]
2025-10-02 17:55:26.630 [info] > git for-each-ref --format=%(refname)%00%(upstream:short)%00%(objectname)%00%(upstream:track)%00%(upstream:remotename)%00%(upstream:remoteref) refs/heads/main refs/remotes/main [102ms]
2025-10-02 17:55:26.970 [warning] [Git][revParse] Unable to read file: ENOENT: no such file or directory, open '/home/as4454508/experiment1/experiment1-abhay15032008/.git/refs/remotes/origin/main'
2025-10-02 17:55:28.149 [info] > git check-ignore -v -z --stdin [225ms]
2025-10-02 17:55:28.160 [info] > git rev-parse refs/remotes/origin/main [1194ms]
2025-10-02 17:55:28.359 [info] > git status -z -uall [152ms]
2025-10-02 17:55:28.363 [info] > git for-each-ref --sort -committerdate --format %(refname)%00%(objectname)%00%(*objectname) [78ms]
2025-10-02 17:55:29.023 [info] > git show --textconv :index.html [488ms]
2025-10-02 17:55:29.054 [info] > git ls-files --stage -- index.html [394ms]
2025-10-02 17:55:29.074 [info] > git for-each-ref --format=%(refname)%00%(upstream:short)%00%(objectname)%00%(upstream:track)%00%(upstream:remotename)%00%(upstream:remoteref) refs/heads/main refs/remotes/main [632ms]
2025-10-02 17:55:29.148 [info] > git config --get --local branch.main.vscode-merge-base [51ms]
2025-10-02 17:55:29.415 [info] > git cat-file -s e38d35eff59d4d4c8004ca9fed457d5f27c0867c [345ms]
2025-10-02 17:55:29.421 [info] > git config --get commit.template [397ms]
2025-10-02 17:55:29.959 [info] > git for-each-ref --format=%(refname)%00%(upstream:short)%00%(objectname)%00%(upstream:track)%00%(upstream:remotename)%00%(upstream:remoteref) refs/heads/origin/main refs/remotes/origin/main [545ms]
2025-10-02 17:55:30.483 [info] > git merge-base refs/heads/main refs/remotes/origin/main [348ms]
2025-10-02 17:55:30.613 [info] > git for-each-ref --format=%(refname)%00%(upstream:short)%00%(objectname)%00%(upstream:track)%00%(upstream:remotename)%00%(upstream:remoteref) refs/heads/main refs/remotes/main [688ms]
2025-10-02 17:55:30.766 [warning] [Git][revParse] Unable to read file: ENOENT: no such file or directory, open '/home/as4454508/experiment1/experiment1-abhay15032008/.git/refs/remotes/origin/main'
2025-10-02 17:55:30.767 [info] > git diff --name-status -z --diff-filter=ADMR 698624304ebf173df1d8057c244b44ed0e6a350d...refs/remotes/origin/main [154ms]
2025-10-02 17:55:30.883 [info] > git rev-parse refs/remotes/origin/main [117ms]
2025-10-02 17:55:31.602 [info] > git status -z -uall [700ms]
2025-10-02 17:55:31.602 [info] > git for-each-ref --sort -committerdate --format %(refname)%00%(objectname)%00%(*objectname) [669ms]
2025-10-02 17:55:31.678 [info] > git blame --root --incremental 7f85c8c3150a9500b9136687172b25642228cf44 -- index.html [10ms]
2025-10-02 17:56:21.908 [info] > git config --get commit.template [13ms]
2025-10-02 17:56:22.152 [info] > git for-each-ref --format=%(refname)%00%(upstream:short)%00%(objectname)%00%(upstream:track)%00%(upstream:remotename)%00%(upstream:remoteref) refs/heads/main refs/remotes/main [143ms]
2025-10-02 17:56:22.540 [info] > git status -z -uall [79ms]
2025-10-02 17:56:22.541 [info] > git for-each-ref --sort -committerdate --format %(refname)%00%(objectname)%00%(*objectname) [29ms]
2025-10-02 17:56:22.620 [info] > git merge-base refs/heads/main refs/remotes/origin/main [10ms]
2025-10-02 17:56:22.754 [info] > git diff --name-status -z --diff-filter=ADMR 7f85c8c3150a9500b9136687172b25642228cf44...refs/remotes/origin/main [13ms]
2025-10-02 17:56:25.941 [info] > git config --get commit.template [6ms]
2025-10-02 17:56:25.941 [info] > git ls-files --stage -- index.html [43ms]
2025-10-02 17:56:26.023 [info] > git cat-file -s e38d35eff59d4d4c8004ca9fed457d5f27c0867c [38ms]
2025-10-02 17:56:26.032 [info] > git for-each-ref --format=%(refname)%00%(upstream:short)%00%(objectname)%00%(upstream:track)%00%(upstream:remotename)%00%(upstream:remoteref) refs/heads/main refs/remotes/main [12ms]
2025-10-02 17:56:26.107 [info] > git status -z -uall [36ms]
2025-10-02 17:56:26.163 [info] > git for-each-ref --sort -committerdate --format %(refname)%00%(objectname)%00%(*objectname) [59ms]
2025-10-02 17:56:26.190 [info] > git show --textconv :index.html [34ms]
