2025-10-01 19:39:09.389 [info] [main] Log level: Info
2025-10-01 19:39:09.389 [info] [main] Validating found git in: "git"
2025-10-01 19:39:09.389 [info] [main] Using git "2.39.5" from "git"
2025-10-01 19:39:09.389 [info] [Model][doInitialScan] Initial repository scan started
2025-10-01 19:39:09.389 [info] > git rev-parse --show-toplevel [13ms]
2025-10-01 19:39:09.389 [info] > git rev-parse --git-dir --git-common-dir --show-superproject-working-tree [132ms]
2025-10-01 19:39:09.389 [info] [Model][openRepository] Opened repository (path): /home/as4454508/Abhay/web design/HTML-CSE11
2025-10-01 19:39:09.389 [info] [Model][openRepository] Opened repository (real path): /home/as4454508/Abhay/web design/HTML-CSE11
2025-10-01 19:39:09.389 [info] [Model][openRepository] Opened repository (kind): repository
2025-10-01 19:39:09.389 [info] > git rev-parse --show-toplevel [13ms]
2025-10-01 19:39:09.389 [info] [Model][doInitialScan] Initial repository scan completed - repositories (1), closed repositories (0), parent repositories (0), unsafe repositories (0)
2025-10-01 19:39:09.392 [info] > git config --get commit.template [59ms]
2025-10-01 19:39:09.392 [info] > git for-each-ref --format=%(refname)%00%(upstream:short)%00%(objectname)%00%(upstream:track)%00%(upstream:remotename)%00%(upstream:remoteref) refs/heads/main refs/remotes/main [193ms]
2025-10-01 19:39:09.392 [info] > git status -z -uall [60ms]
2025-10-01 19:39:09.392 [info] > git for-each-ref --sort -committerdate --format %(refname)%00%(objectname)%00%(*objectname) [18ms]
2025-10-01 19:39:09.392 [info] > git for-each-ref --format=%(refname)%00%(upstream:short)%00%(objectname)%00%(upstream:track)%00%(upstream:remotename)%00%(upstream:remoteref) refs/heads/main refs/remotes/main [87ms]
2025-10-01 19:39:09.393 [info] > git config --get commit.template [51ms]
2025-10-01 19:39:09.393 [info] > git config --get --local branch.main.vscode-merge-base [15ms]
2025-10-01 19:39:09.393 [info] > git for-each-ref --format=%(refname)%00%(upstream:short)%00%(objectname)%00%(upstream:track)%00%(upstream:remotename)%00%(upstream:remoteref) refs/heads/origin/main refs/remotes/origin/main [35ms]
2025-10-01 19:39:09.393 [info] > git for-each-ref --format=%(refname)%00%(upstream:short)%00%(objectname)%00%(upstream:track)%00%(upstream:remotename)%00%(upstream:remoteref) refs/heads/main refs/remotes/main [71ms]
2025-10-01 19:39:09.393 [info] > git merge-base refs/heads/main refs/remotes/origin/main [19ms]
2025-10-01 19:39:09.393 [info] > git status -z -uall [31ms]
2025-10-01 19:39:09.393 [info] > git diff --name-status -z --diff-filter=ADMR 9c224110a0b27596327b077f5067876648e76903...refs/remotes/origin/main [65ms]
2025-10-01 19:39:09.393 [info] > git for-each-ref --sort -committerdate --format %(refname)%00%(objectname)%00%(*objectname) [21ms]
2025-10-01 19:39:24.596 [info] > git check-ignore -v -z --stdin [465ms]
2025-10-01 19:39:25.712 [info] > git show --textconv :text formatting examples.html [828ms]
2025-10-01 19:39:25.717 [info] > git ls-files --stage -- text formatting examples.html [812ms]
2025-10-01 19:39:25.748 [info] > git cat-file -s 10da0afe7452de343ae6a47331f4534eb6c7d335 [17ms]
2025-10-01 19:39:28.878 [info] > git blame --root --incremental 9c224110a0b27596327b077f5067876648e76903 -- text formatting examples.html [24ms]
2025-10-01 19:39:55.004 [info] [main] Log level: Info
2025-10-01 19:39:55.004 [info] [main] Validating found git in: "git"
2025-10-01 19:39:55.004 [info] [main] Using git "2.39.5" from "git"
2025-10-01 19:39:55.004 [info] [Model][doInitialScan] Initial repository scan started
2025-10-01 19:39:55.004 [info] > git rev-parse --show-toplevel [53ms]
2025-10-01 19:39:55.004 [info] > git rev-parse --git-dir --git-common-dir --show-superproject-working-tree [458ms]
2025-10-01 19:39:55.004 [info] [Model][openRepository] Opened repository (path): /home/as4454508/Abhay
2025-10-01 19:39:55.004 [info] [Model][openRepository] Opened repository (real path): /home/as4454508/Abhay
2025-10-01 19:39:55.004 [info] [Model][openRepository] Opened repository (kind): submodule
2025-10-01 19:39:55.004 [info] > git rev-parse --show-toplevel [194ms]
2025-10-01 19:39:55.004 [info] [Model][doInitialScan] Initial repository scan completed - repositories (1), closed repositories (0), parent repositories (0), unsafe repositories (0)
2025-10-01 19:39:55.004 [info] > git config --get commit.template [243ms]
2025-10-01 19:39:55.033 [info] [Git][getRemotes] No remotes found in the git config file
2025-10-01 19:39:55.045 [info] > git rev-parse --show-toplevel [30ms]
2025-10-01 19:39:55.048 [info] > git for-each-ref --format=%(refname)%00%(upstream:short)%00%(objectname)%00%(upstream:track)%00%(upstream:remotename)%00%(upstream:remoteref) refs/heads/master refs/remotes/master [18ms]
2025-10-01 19:39:55.104 [info] > git status -z -uall [40ms]
2025-10-01 19:39:55.116 [info] > git for-each-ref --sort -committerdate --format %(refname)%00%(objectname)%00%(*objectname) [16ms]
2025-10-01 19:40:02.093 [info] > git for-each-ref --format=%(refname)%00%(upstream:short)%00%(objectname)%00%(upstream:track)%00%(upstream:remotename)%00%(upstream:remoteref) refs/heads/master refs/remotes/master [6936ms]
2025-10-01 19:40:02.863 [info] > git config --get --local branch.master.vscode-merge-base [753ms]
2025-10-01 19:40:02.864 [warning] [Git][config] git config failed: Failed to execute git
2025-10-01 19:40:02.881 [info] > git config --get commit.template [858ms]
2025-10-01 19:40:03.233 [info] > git check-ignore -v -z --stdin [334ms]
2025-10-01 19:40:03.235 [info] > git reflog master --grep-reflog=branch: Created from *. [355ms]
2025-10-01 19:40:03.294 [info] [Git][getRemotes] No remotes found in the git config file
2025-10-01 19:40:03.726 [info] > git for-each-ref --format=%(refname)%00%(upstream:short)%00%(objectname)%00%(upstream:track)%00%(upstream:remotename)%00%(upstream:remoteref) refs/heads/master refs/remotes/master [433ms]
2025-10-01 19:40:03.763 [info] > git status -z -uall [24ms]
2025-10-01 19:40:03.764 [info] > git for-each-ref --sort -committerdate --format %(refname)%00%(objectname)%00%(*objectname) [11ms]
2025-10-01 19:41:08.110 [info] [main] Log level: Info
2025-10-01 19:41:08.110 [info] [main] Validating found git in: "git"
2025-10-01 19:41:08.110 [info] [main] Using git "2.39.5" from "git"
2025-10-01 19:41:08.110 [info] [Model][doInitialScan] Initial repository scan started
2025-10-01 19:41:08.110 [info] > git rev-parse --show-toplevel [43ms]
2025-10-01 19:41:08.158 [info] > git rev-parse --git-dir --git-common-dir --show-superproject-working-tree [33ms]
2025-10-01 19:41:08.197 [info] [Model][openRepository] Opened repository (path): /home/as4454508/Abhay/web design
2025-10-01 19:41:08.198 [info] [Model][openRepository] Opened repository (real path): /home/as4454508/Abhay/web design
2025-10-01 19:41:08.198 [info] [Model][openRepository] Opened repository (kind): repository
2025-10-01 19:41:08.649 [info] > git rev-parse --show-toplevel [407ms]
2025-10-01 19:41:08.656 [info] > git config --get commit.template [422ms]
2025-10-01 19:41:16.855 [info] > git rev-parse --git-dir --git-common-dir --show-superproject-working-tree [8085ms]
2025-10-01 19:41:16.870 [info] [Model][openRepository] Opened repository (path): /home/as4454508/Abhay/web design/HTML-CSE11
2025-10-01 19:41:16.870 [info] [Model][openRepository] Opened repository (real path): /home/as4454508/Abhay/web design/HTML-CSE11
2025-10-01 19:41:16.870 [info] [Model][openRepository] Opened repository (kind): repository
2025-10-01 19:41:16.878 [info] [Model][doInitialScan] Initial repository scan completed - repositories (2), closed repositories (0), parent repositories (0), unsafe repositories (0)
2025-10-01 19:41:17.421 [info] > git check-ignore -v -z --stdin [524ms]
2025-10-01 19:41:17.428 [info] > git for-each-ref --format=%(refname)%00%(upstream:short)%00%(objectname)%00%(upstream:track)%00%(upstream:remotename)%00%(upstream:remoteref) refs/heads/main refs/remotes/main [579ms]
2025-10-01 19:41:17.856 [info] > git config --get commit.template [453ms]
2025-10-01 19:41:20.150 [info] > git check-ignore -v -z --stdin [238ms]
2025-10-01 19:41:20.171 [info] > git status -z -uall [149ms]
2025-10-01 19:41:20.172 [info] > git for-each-ref --format=%(refname)%00%(upstream:short)%00%(objectname)%00%(upstream:track)%00%(upstream:remotename)%00%(upstream:remoteref) refs/heads/main refs/remotes/main [531ms]
2025-10-01 19:41:23.203 [info] > git for-each-ref --sort -committerdate --format %(refname)%00%(objectname)%00%(*objectname) [3088ms]
2025-10-01 19:41:24.328 [info] > git for-each-ref --format=%(refname)%00%(upstream:short)%00%(objectname)%00%(upstream:track)%00%(upstream:remotename)%00%(upstream:remoteref) refs/heads/main refs/remotes/main [880ms]
2025-10-01 19:41:24.415 [info] > git config --get --local branch.main.vscode-merge-base [58ms]
2025-10-01 19:41:24.479 [info] > git config --get commit.template [530ms]
2025-10-01 19:41:24.759 [info] > git show --textconv :list.html [214ms]
2025-10-01 19:41:24.760 [info] > git status -z -uall [109ms]
2025-10-01 19:41:24.760 [info] > git ls-files --stage -- list.html [179ms]
2025-10-01 19:41:24.849 [info] > git for-each-ref --format=%(refname)%00%(upstream:short)%00%(objectname)%00%(upstream:track)%00%(upstream:remotename)%00%(upstream:remoteref) refs/heads/origin/main refs/remotes/origin/main [377ms]
2025-10-01 19:41:24.947 [info] > git merge-base refs/heads/main refs/remotes/origin/main [68ms]
2025-10-01 19:41:24.970 [info] > git cat-file -s 3ebd7abbbb60706632e770167e951e9f851d04cb [130ms]
2025-10-01 19:41:24.976 [info] > git for-each-ref --sort -committerdate --format %(refname)%00%(objectname)%00%(*objectname) [289ms]
2025-10-01 19:41:25.148 [info] > git for-each-ref --format=%(refname)%00%(upstream:short)%00%(objectname)%00%(upstream:track)%00%(upstream:remotename)%00%(upstream:remoteref) refs/heads/main refs/remotes/main [87ms]
2025-10-01 19:41:25.203 [info] > git diff --name-status -z --diff-filter=ADMR 83c16a49ef216d457f6fc50f704b5b905aafdb88...refs/remotes/origin/main [233ms]
2025-10-01 19:41:25.216 [info] > git for-each-ref --format=%(refname)%00%(upstream:short)%00%(objectname)%00%(upstream:track)%00%(upstream:remotename)%00%(upstream:remoteref) refs/heads/main refs/remotes/main [284ms]
2025-10-01 19:41:25.288 [info] > git config --get --local branch.main.vscode-merge-base [85ms]
2025-10-01 19:41:25.348 [info] > git config --get commit.template [205ms]
2025-10-01 19:41:25.364 [info] > git for-each-ref --format=%(refname)%00%(upstream:short)%00%(objectname)%00%(upstream:track)%00%(upstream:remotename)%00%(upstream:remoteref) refs/heads/origin/main refs/remotes/origin/main [17ms]
2025-10-01 19:41:25.679 [info] > git status -z -uall [56ms]
2025-10-01 19:41:25.679 [info] > git for-each-ref --format=%(refname)%00%(upstream:short)%00%(objectname)%00%(upstream:track)%00%(upstream:remotename)%00%(upstream:remoteref) refs/heads/main refs/remotes/main [160ms]
2025-10-01 19:41:25.682 [info] > git merge-base refs/heads/main refs/remotes/origin/main [243ms]
2025-10-01 19:41:25.777 [info] > git diff --name-status -z --diff-filter=ADMR 9c224110a0b27596327b077f5067876648e76903...refs/remotes/origin/main [37ms]
2025-10-01 19:41:25.783 [info] > git for-each-ref --sort -committerdate --format %(refname)%00%(objectname)%00%(*objectname) [110ms]
2025-10-01 19:41:26.049 [info] > git status -z -uall [53ms]
2025-10-01 19:41:26.555 [info] > git for-each-ref --sort -committerdate --format %(refname)%00%(objectname)%00%(*objectname) [519ms]
2025-10-01 19:42:04.260 [info] > git config --get commit.template [22ms]
2025-10-01 19:42:04.311 [info] > git for-each-ref --format=%(refname)%00%(upstream:short)%00%(objectname)%00%(upstream:track)%00%(upstream:remotename)%00%(upstream:remoteref) refs/heads/main refs/remotes/main [5ms]
2025-10-01 19:42:04.427 [info] > git for-each-ref --sort -committerdate --format %(refname)%00%(objectname)%00%(*objectname) [9ms]
2025-10-01 19:42:04.432 [info] > git status -z -uall [67ms]
2025-10-01 19:42:05.383 [info] > git ls-files --stage -- list.html [6ms]
2025-10-01 19:42:05.410 [info] > git cat-file -s 3ebd7abbbb60706632e770167e951e9f851d04cb [5ms]
2025-10-01 19:42:05.443 [info] > git show --textconv :list.html [4ms]
2025-10-01 19:42:55.276 [info] > git config --get commit.template [29ms]
2025-10-01 19:42:55.280 [info] > git for-each-ref --format=%(refname)%00%(upstream:short)%00%(objectname)%00%(upstream:track)%00%(upstream:remotename)%00%(upstream:remoteref) refs/heads/main refs/remotes/main [10ms]
2025-10-01 19:42:55.355 [info] > git status -z -uall [40ms]
2025-10-01 19:42:55.355 [info] > git for-each-ref --sort -committerdate --format %(refname)%00%(objectname)%00%(*objectname) [9ms]
2025-10-01 19:42:55.720 [info] > git show --textconv HEAD:list.html [26ms]
2025-10-01 19:42:55.725 [info] > git ls-tree -l HEAD -- list.html [7ms]
2025-10-01 19:42:56.545 [info] > git ls-files --stage -- list.html [49ms]
2025-10-01 19:42:56.589 [info] > git ls-tree -l HEAD -- list.html [53ms]
2025-10-01 19:42:56.593 [info] > git cat-file -s 6fb35b7c41cf0e95ce9c67a8187b109d057f8d5d [8ms]
2025-10-01 19:42:56.659 [info] > git show --textconv HEAD:list.html [26ms]
2025-10-01 19:42:56.661 [info] > git show --textconv :list.html [4ms]
2025-10-01 19:43:18.090 [info] > git config --get commit.template [5ms]
2025-10-01 19:43:18.126 [info] > git for-each-ref --format=%(refname)%00%(upstream:short)%00%(objectname)%00%(upstream:track)%00%(upstream:remotename)%00%(upstream:remoteref) refs/heads/main refs/remotes/main [3ms]
2025-10-01 19:43:18.200 [info] > git status -z -uall [41ms]
2025-10-01 19:43:18.206 [info] > git for-each-ref --sort -committerdate --format %(refname)%00%(objectname)%00%(*objectname) [12ms]
2025-10-01 19:43:36.149 [info] > git config --get commit.template [7ms]
2025-10-01 19:43:36.200 [info] > git for-each-ref --format=%(refname)%00%(upstream:short)%00%(objectname)%00%(upstream:track)%00%(upstream:remotename)%00%(upstream:remoteref) refs/heads/main refs/remotes/main [12ms]
2025-10-01 19:43:36.269 [info] > git status -z -uall [26ms]
2025-10-01 19:43:36.277 [info] > git for-each-ref --sort -committerdate --format %(refname)%00%(objectname)%00%(*objectname) [11ms]
2025-10-01 19:44:12.950 [info] > git for-each-ref --format=%(refname)%00%(upstream:short)%00%(objectname)%00%(upstream:track)%00%(upstream:remotename)%00%(upstream:remoteref) refs/heads/main refs/remotes/main [41ms]
2025-10-01 19:44:12.952 [info] > git config --get commit.template [80ms]
2025-10-01 19:44:13.021 [info] > git status -z -uall [37ms]
2025-10-01 19:44:13.026 [info] > git for-each-ref --sort -committerdate --format %(refname)%00%(objectname)%00%(*objectname) [8ms]
2025-10-01 19:44:13.089 [info] > git merge-base refs/heads/main refs/remotes/origin/main [20ms]
2025-10-01 19:44:13.133 [info] > git diff --name-status -z --diff-filter=ADMR 9c224110a0b27596327b077f5067876648e76903...refs/remotes/origin/main [7ms]
2025-10-01 19:44:14.067 [info] > git ls-files --stage -- list.html [4ms]
2025-10-01 19:44:14.103 [info] > git cat-file -s 6fb35b7c41cf0e95ce9c67a8187b109d057f8d5d [2ms]
2025-10-01 19:44:14.150 [info] > git show --textconv :list.html [1ms]
2025-10-01 19:44:42.291 [info] > git config --get commit.template [31ms]
2025-10-01 19:44:42.408 [info] > git for-each-ref --format=%(refname)%00%(upstream:short)%00%(objectname)%00%(upstream:track)%00%(upstream:remotename)%00%(upstream:remoteref) refs/heads/main refs/remotes/main [20ms]
2025-10-01 19:44:42.468 [info] > git status -z -uall [37ms]
2025-10-01 19:44:42.471 [info] > git for-each-ref --sort -committerdate --format %(refname)%00%(objectname)%00%(*objectname) [17ms]
2025-10-01 19:44:42.535 [info] > git merge-base refs/heads/main refs/remotes/origin/main [28ms]
2025-10-01 19:44:42.838 [info] > git diff --name-status -z --diff-filter=ADMR c2f2c6cfc1b80758f40d3e4d5a1a669e04148ab0...refs/remotes/origin/main [284ms]
2025-10-01 19:44:50.440 [info] > git config --get commit.template [14ms]
2025-10-01 19:44:50.532 [info] > git ls-files --stage -- list.html [29ms]
2025-10-01 19:44:50.576 [info] > git cat-file -s 6fb35b7c41cf0e95ce9c67a8187b109d057f8d5d [16ms]
2025-10-01 19:44:50.582 [info] > git for-each-ref --format=%(refname)%00%(upstream:short)%00%(objectname)%00%(upstream:track)%00%(upstream:remotename)%00%(upstream:remoteref) refs/heads/main refs/remotes/main [58ms]
2025-10-01 19:44:50.755 [info] > git show --textconv :list.html [102ms]
2025-10-01 19:44:50.755 [info] > git status -z -uall [41ms]
2025-10-01 19:44:50.758 [info] > git for-each-ref --sort -committerdate --format %(refname)%00%(objectname)%00%(*objectname) [10ms]
