2025-10-02 12:59:15.945 [info] [main] Log level: Info
2025-10-02 12:59:15.945 [info] [main] Validating found git in: "git"
2025-10-02 12:59:15.945 [info] [main] Using git "2.39.5" from "git"
2025-10-02 12:59:15.945 [info] [Model][doInitialScan] Initial repository scan started
2025-10-02 12:59:15.945 [info] > git rev-parse --show-toplevel [364ms]
2025-10-02 12:59:15.945 [info] > git rev-parse --git-dir --git-common-dir --show-superproject-working-tree [518ms]
2025-10-02 12:59:15.945 [info] [Model][openRepository] Opened repository (path): /home/as4454508/experiment1/experiment1-abhay15032008
2025-10-02 12:59:15.945 [info] [Model][openRepository] Opened repository (real path): /home/as4454508/experiment1/experiment1-abhay15032008
2025-10-02 12:59:15.945 [info] [Model][openRepository] Opened repository (kind): repository
2025-10-02 12:59:15.945 [info] [Model][doInitialScan] Initial repository scan completed - repositories (1), closed repositories (0), parent repositories (0), unsafe repositories (0)
2025-10-02 12:59:16.007 [info] > git config --get commit.template [10855ms]
2025-10-02 12:59:16.853 [info] > git check-ignore -v -z --stdin [246ms]
2025-10-02 12:59:16.860 [info] > git for-each-ref --format=%(refname)%00%(upstream:short)%00%(objectname)%00%(upstream:track)%00%(upstream:remotename)%00%(upstream:remoteref) refs/heads/main refs/remotes/main [161ms]
2025-10-02 12:59:18.901 [warning] [Git][revParse] Unable to read file: ENOENT: no such file or directory, open '/home/as4454508/experiment1/experiment1-abhay15032008/.git/refs/remotes/origin/main'
2025-10-02 12:59:18.969 [info] > git rev-parse refs/remotes/origin/main [67ms]
2025-10-02 12:59:20.379 [info] > git status -z -uall [1386ms]
2025-10-02 12:59:20.380 [info] > git for-each-ref --sort -committerdate --format %(refname)%00%(objectname)%00%(*objectname) [1353ms]
2025-10-02 12:59:20.745 [info] > git for-each-ref --format=%(refname)%00%(upstream:short)%00%(objectname)%00%(upstream:track)%00%(upstream:remotename)%00%(upstream:remoteref) refs/heads/main refs/remotes/main [217ms]
2025-10-02 12:59:21.023 [info] > git config --get --local branch.main.vscode-merge-base [237ms]
2025-10-02 12:59:21.023 [warning] [Git][config] git config failed: Failed to execute git
2025-10-02 12:59:21.141 [info] > git config --get commit.template [413ms]
2025-10-02 12:59:21.331 [info] > git reflog main --grep-reflog=branch: Created from *. [191ms]
2025-10-02 12:59:21.359 [info] > git symbolic-ref --short refs/remotes/origin/HEAD [5ms]
2025-10-02 12:59:21.377 [info] > git for-each-ref --format=%(refname)%00%(upstream:short)%00%(objectname)%00%(upstream:track)%00%(upstream:remotename)%00%(upstream:remoteref) refs/heads/main refs/remotes/main [69ms]
2025-10-02 12:59:21.387 [info] > git for-each-ref --format=%(refname)%00%(upstream:short)%00%(objectname)%00%(upstream:track)%00%(upstream:remotename)%00%(upstream:remoteref) refs/heads/origin/main refs/remotes/origin/main [11ms]
2025-10-02 12:59:21.469 [warning] [Git][revParse] Unable to read file: ENOENT: no such file or directory, open '/home/as4454508/experiment1/experiment1-abhay15032008/.git/refs/remotes/origin/main'
2025-10-02 12:59:21.526 [info] > git rev-parse refs/remotes/origin/main [57ms]
2025-10-02 12:59:21.567 [info] > git config --add --local branch.main.vscode-merge-base origin/main [161ms]
2025-10-02 12:59:21.570 [info] > git for-each-ref --sort -committerdate --format %(refname)%00%(objectname)%00%(*objectname) [3ms] (cancelled)
2025-10-02 12:59:21.600 [info] > git status -z -uall [57ms] (cancelled)
2025-10-02 12:59:21.612 [info] > git config --get commit.template [13ms]
2025-10-02 12:59:21.640 [info] > git for-each-ref --format=%(refname)%00%(upstream:short)%00%(objectname)%00%(upstream:track)%00%(upstream:remotename)%00%(upstream:remoteref) refs/heads/main refs/remotes/main [7ms]
2025-10-02 12:59:21.807 [warning] [Git][revParse] Unable to read file: ENOENT: no such file or directory, open '/home/as4454508/experiment1/experiment1-abhay15032008/.git/refs/remotes/origin/main'
2025-10-02 12:59:21.823 [info] > git rev-parse refs/remotes/origin/main [16ms]
2025-10-02 12:59:21.867 [info] > git status -z -uall [26ms]
2025-10-02 12:59:21.879 [info] > git for-each-ref --sort -committerdate --format %(refname)%00%(objectname)%00%(*objectname) [15ms]
2025-10-02 12:59:21.934 [info] > git merge-base refs/heads/main refs/remotes/origin/main [32ms]
2025-10-02 12:59:21.958 [info] > git merge-base refs/heads/main refs/remotes/origin/main [35ms]
2025-10-02 12:59:21.980 [info] > git diff --name-status -z --diff-filter=ADMR 698624304ebf173df1d8057c244b44ed0e6a350d...refs/remotes/origin/main [26ms]
2025-10-02 12:59:21.989 [info] > git diff --name-status -z --diff-filter=ADMR 698624304ebf173df1d8057c244b44ed0e6a350d...refs/remotes/origin/main [11ms]
2025-10-02 12:59:43.279 [info] > git check-ignore -v -z --stdin [458ms]
2025-10-02 12:59:43.290 [info] > git config --get commit.template [11ms]
2025-10-02 12:59:43.320 [info] > git for-each-ref --format=%(refname)%00%(upstream:short)%00%(objectname)%00%(upstream:track)%00%(upstream:remotename)%00%(upstream:remoteref) refs/heads/main refs/remotes/main [12ms]
2025-10-02 12:59:43.344 [warning] [Git][revParse] Unable to read file: ENOENT: no such file or directory, open '/home/as4454508/experiment1/experiment1-abhay15032008/.git/refs/remotes/origin/main'
2025-10-02 12:59:43.348 [info] > git rev-parse refs/remotes/origin/main [4ms]
2025-10-02 12:59:43.500 [info] > git status -z -uall [51ms]
2025-10-02 12:59:43.502 [info] > git for-each-ref --sort -committerdate --format %(refname)%00%(objectname)%00%(*objectname) [8ms]
2025-10-02 13:02:01.812 [info] > git config --get commit.template [40ms]
2025-10-02 13:02:01.817 [info] > git for-each-ref --format=%(refname)%00%(upstream:short)%00%(objectname)%00%(upstream:track)%00%(upstream:remotename)%00%(upstream:remoteref) refs/heads/main refs/remotes/main [14ms]
2025-10-02 13:02:01.840 [warning] [Git][revParse] Unable to read file: ENOENT: no such file or directory, open '/home/as4454508/experiment1/experiment1-abhay15032008/.git/refs/remotes/origin/main'
2025-10-02 13:02:01.843 [info] > git rev-parse refs/remotes/origin/main [2ms]
2025-10-02 13:02:01.892 [info] > git status -z -uall [32ms]
2025-10-02 13:02:01.905 [info] > git for-each-ref --sort -committerdate --format %(refname)%00%(objectname)%00%(*objectname) [15ms]
2025-10-02 13:38:38.351 [info] > git config --get commit.template [42ms]
2025-10-02 13:38:38.359 [info] > git for-each-ref --format=%(refname)%00%(upstream:short)%00%(objectname)%00%(upstream:track)%00%(upstream:remotename)%00%(upstream:remoteref) refs/heads/main refs/remotes/main [15ms]
2025-10-02 13:38:38.425 [warning] [Git][revParse] Unable to read file: ENOENT: no such file or directory, open '/home/as4454508/experiment1/experiment1-abhay15032008/.git/refs/remotes/origin/main'
2025-10-02 13:38:38.434 [info] > git rev-parse refs/remotes/origin/main [10ms]
2025-10-02 13:38:38.528 [info] > git status -z -uall [47ms]
2025-10-02 13:38:38.532 [info] > git for-each-ref --sort -committerdate --format %(refname)%00%(objectname)%00%(*objectname) [18ms]
2025-10-02 13:48:04.219 [info] > git config --get commit.template [15ms]
2025-10-02 13:48:04.276 [info] > git for-each-ref --format=%(refname)%00%(upstream:short)%00%(objectname)%00%(upstream:track)%00%(upstream:remotename)%00%(upstream:remoteref) refs/heads/main refs/remotes/main [13ms]
2025-10-02 13:48:04.308 [warning] [Git][revParse] Unable to read file: ENOENT: no such file or directory, open '/home/as4454508/experiment1/experiment1-abhay15032008/.git/refs/remotes/origin/main'
2025-10-02 13:48:04.314 [info] > git rev-parse refs/remotes/origin/main [7ms]
2025-10-02 13:48:04.369 [info] > git status -z -uall [29ms]
2025-10-02 13:48:04.386 [info] > git for-each-ref --sort -committerdate --format %(refname)%00%(objectname)%00%(*objectname) [19ms]
2025-10-02 13:48:31.348 [info] > git config --get commit.template [19ms]
2025-10-02 13:48:31.391 [info] > git for-each-ref --format=%(refname)%00%(upstream:short)%00%(objectname)%00%(upstream:track)%00%(upstream:remotename)%00%(upstream:remoteref) refs/heads/main refs/remotes/main [4ms]
2025-10-02 13:48:31.426 [warning] [Git][revParse] Unable to read file: ENOENT: no such file or directory, open '/home/as4454508/experiment1/experiment1-abhay15032008/.git/refs/remotes/origin/main'
2025-10-02 13:48:31.430 [info] > git rev-parse refs/remotes/origin/main [4ms]
2025-10-02 13:48:31.495 [info] > git status -z -uall [37ms]
2025-10-02 13:48:31.499 [info] > git for-each-ref --sort -committerdate --format %(refname)%00%(objectname)%00%(*objectname) [7ms]
2025-10-02 13:48:57.691 [info] > git for-each-ref --format=%(refname)%00%(upstream:short)%00%(objectname)%00%(upstream:track)%00%(upstream:remotename)%00%(upstream:remoteref) refs/heads/main refs/remotes/main [16ms]
2025-10-02 13:48:57.694 [info] > git config --get commit.template [80ms]
2025-10-02 13:48:57.790 [warning] [Git][revParse] Unable to read file: ENOENT: no such file or directory, open '/home/as4454508/experiment1/experiment1-abhay15032008/.git/refs/remotes/origin/main'
2025-10-02 13:48:57.815 [info] > git rev-parse refs/remotes/origin/main [25ms]
2025-10-02 13:48:57.992 [info] > git status -z -uall [83ms]
2025-10-02 13:48:57.998 [info] > git for-each-ref --sort -committerdate --format %(refname)%00%(objectname)%00%(*objectname) [10ms]
2025-10-02 13:57:12.364 [info] > git config --get commit.template [75ms]
2025-10-02 13:57:12.384 [info] > git for-each-ref --format=%(refname)%00%(upstream:short)%00%(objectname)%00%(upstream:track)%00%(upstream:remotename)%00%(upstream:remoteref) refs/heads/main refs/remotes/main [26ms]
2025-10-02 13:57:12.457 [warning] [Git][revParse] Unable to read file: ENOENT: no such file or directory, open '/home/as4454508/experiment1/experiment1-abhay15032008/.git/refs/remotes/origin/main'
2025-10-02 13:57:12.474 [info] > git rev-parse refs/remotes/origin/main [17ms]
2025-10-02 13:57:12.594 [info] > git status -z -uall [66ms]
2025-10-02 13:57:12.604 [info] > git for-each-ref --sort -committerdate --format %(refname)%00%(objectname)%00%(*objectname) [12ms]
2025-10-02 13:59:06.066 [info] > git config --get commit.template [24ms]
2025-10-02 13:59:06.071 [info] > git for-each-ref --format=%(refname)%00%(upstream:short)%00%(objectname)%00%(upstream:track)%00%(upstream:remotename)%00%(upstream:remoteref) refs/heads/main refs/remotes/main [9ms]
2025-10-02 13:59:06.093 [warning] [Git][revParse] Unable to read file: ENOENT: no such file or directory, open '/home/as4454508/experiment1/experiment1-abhay15032008/.git/refs/remotes/origin/main'
2025-10-02 13:59:06.096 [info] > git rev-parse refs/remotes/origin/main [3ms]
2025-10-02 13:59:06.159 [info] > git status -z -uall [38ms]
2025-10-02 13:59:06.163 [info] > git for-each-ref --sort -committerdate --format %(refname)%00%(objectname)%00%(*objectname) [10ms]
2025-10-02 14:00:18.802 [info] > git config --get commit.template [48ms]
2025-10-02 14:00:18.808 [info] > git for-each-ref --format=%(refname)%00%(upstream:short)%00%(objectname)%00%(upstream:track)%00%(upstream:remotename)%00%(upstream:remoteref) refs/heads/main refs/remotes/main [14ms]
2025-10-02 14:00:18.843 [warning] [Git][revParse] Unable to read file: ENOENT: no such file or directory, open '/home/as4454508/experiment1/experiment1-abhay15032008/.git/refs/remotes/origin/main'
2025-10-02 14:00:18.859 [info] > git rev-parse refs/remotes/origin/main [16ms]
2025-10-02 14:00:18.955 [info] > git status -z -uall [56ms]
2025-10-02 14:00:18.962 [info] > git for-each-ref --sort -committerdate --format %(refname)%00%(objectname)%00%(*objectname) [25ms]
2025-10-02 14:04:28.172 [info] > git config --get commit.template [34ms]
2025-10-02 14:04:28.176 [info] > git for-each-ref --format=%(refname)%00%(upstream:short)%00%(objectname)%00%(upstream:track)%00%(upstream:remotename)%00%(upstream:remoteref) refs/heads/main refs/remotes/main [14ms]
2025-10-02 14:04:28.205 [warning] [Git][revParse] Unable to read file: ENOENT: no such file or directory, open '/home/as4454508/experiment1/experiment1-abhay15032008/.git/refs/remotes/origin/main'
2025-10-02 14:04:28.221 [info] > git rev-parse refs/remotes/origin/main [17ms]
2025-10-02 14:04:28.325 [info] > git status -z -uall [56ms]
2025-10-02 14:04:28.333 [info] > git for-each-ref --sort -committerdate --format %(refname)%00%(objectname)%00%(*objectname) [16ms]
2025-10-02 14:06:40.796 [info] > git config --get commit.template [22ms]
2025-10-02 14:06:40.841 [info] > git for-each-ref --format=%(refname)%00%(upstream:short)%00%(objectname)%00%(upstream:track)%00%(upstream:remotename)%00%(upstream:remoteref) refs/heads/main refs/remotes/main [12ms]
2025-10-02 14:06:40.868 [warning] [Git][revParse] Unable to read file: ENOENT: no such file or directory, open '/home/as4454508/experiment1/experiment1-abhay15032008/.git/refs/remotes/origin/main'
2025-10-02 14:06:40.873 [info] > git rev-parse refs/remotes/origin/main [5ms]
2025-10-02 14:06:40.921 [info] > git status -z -uall [32ms]
2025-10-02 14:06:40.926 [info] > git for-each-ref --sort -committerdate --format %(refname)%00%(objectname)%00%(*objectname) [6ms]
2025-10-02 14:07:50.183 [info] > git config --get commit.template [51ms]
2025-10-02 14:07:50.196 [info] > git for-each-ref --format=%(refname)%00%(upstream:short)%00%(objectname)%00%(upstream:track)%00%(upstream:remotename)%00%(upstream:remoteref) refs/heads/main refs/remotes/main [26ms]
2025-10-02 14:07:50.234 [warning] [Git][revParse] Unable to read file: ENOENT: no such file or directory, open '/home/as4454508/experiment1/experiment1-abhay15032008/.git/refs/remotes/origin/main'
2025-10-02 14:07:50.243 [info] > git rev-parse refs/remotes/origin/main [9ms]
2025-10-02 14:07:50.334 [info] > git status -z -uall [51ms]
2025-10-02 14:07:50.365 [info] > git for-each-ref --sort -committerdate --format %(refname)%00%(objectname)%00%(*objectname) [33ms]
2025-10-02 14:08:25.941 [info] > git config --get commit.template [10ms]
2025-10-02 14:08:26.003 [info] > git for-each-ref --format=%(refname)%00%(upstream:short)%00%(objectname)%00%(upstream:track)%00%(upstream:remotename)%00%(upstream:remoteref) refs/heads/main refs/remotes/main [6ms]
2025-10-02 14:08:26.027 [warning] [Git][revParse] Unable to read file: ENOENT: no such file or directory, open '/home/as4454508/experiment1/experiment1-abhay15032008/.git/refs/remotes/origin/main'
2025-10-02 14:08:26.031 [info] > git rev-parse refs/remotes/origin/main [4ms]
2025-10-02 14:08:26.078 [info] > git status -z -uall [30ms]
2025-10-02 14:08:26.081 [info] > git for-each-ref --sort -committerdate --format %(refname)%00%(objectname)%00%(*objectname) [9ms]
2025-10-02 14:12:29.525 [info] > git config --get commit.template [44ms]
2025-10-02 14:12:29.528 [info] > git for-each-ref --format=%(refname)%00%(upstream:short)%00%(objectname)%00%(upstream:track)%00%(upstream:remotename)%00%(upstream:remoteref) refs/heads/main refs/remotes/main [9ms]
2025-10-02 14:12:29.560 [warning] [Git][revParse] Unable to read file: ENOENT: no such file or directory, open '/home/as4454508/experiment1/experiment1-abhay15032008/.git/refs/remotes/origin/main'
2025-10-02 14:12:29.565 [info] > git rev-parse refs/remotes/origin/main [5ms]
2025-10-02 14:12:29.625 [info] > git status -z -uall [37ms]
2025-10-02 14:12:29.636 [info] > git for-each-ref --sort -committerdate --format %(refname)%00%(objectname)%00%(*objectname) [16ms]
2025-10-02 14:14:32.311 [info] > git config --get commit.template [40ms]
2025-10-02 14:14:32.313 [info] > git for-each-ref --format=%(refname)%00%(upstream:short)%00%(objectname)%00%(upstream:track)%00%(upstream:remotename)%00%(upstream:remoteref) refs/heads/main refs/remotes/main [15ms]
2025-10-02 14:14:32.373 [warning] [Git][revParse] Unable to read file: ENOENT: no such file or directory, open '/home/as4454508/experiment1/experiment1-abhay15032008/.git/refs/remotes/origin/main'
2025-10-02 14:14:32.374 [info] > git rev-parse refs/remotes/origin/main [2ms]
2025-10-02 14:14:32.444 [info] > git status -z -uall [39ms]
2025-10-02 14:14:32.448 [info] > git for-each-ref --sort -committerdate --format %(refname)%00%(objectname)%00%(*objectname) [7ms]
2025-10-02 14:15:22.415 [info] > git config --get commit.template [23ms]
2025-10-02 14:15:22.418 [info] > git for-each-ref --format=%(refname)%00%(upstream:short)%00%(objectname)%00%(upstream:track)%00%(upstream:remotename)%00%(upstream:remoteref) refs/heads/main refs/remotes/main [4ms]
2025-10-02 14:15:22.441 [warning] [Git][revParse] Unable to read file: ENOENT: no such file or directory, open '/home/as4454508/experiment1/experiment1-abhay15032008/.git/refs/remotes/origin/main'
2025-10-02 14:15:22.443 [info] > git rev-parse refs/remotes/origin/main [2ms]
2025-10-02 14:15:22.490 [info] > git status -z -uall [30ms]
2025-10-02 14:15:22.522 [info] > git for-each-ref --sort -committerdate --format %(refname)%00%(objectname)%00%(*objectname) [33ms]
2025-10-02 14:15:30.877 [info] > git config --get commit.template [12ms]
2025-10-02 14:15:30.922 [info] > git for-each-ref --format=%(refname)%00%(upstream:short)%00%(objectname)%00%(upstream:track)%00%(upstream:remotename)%00%(upstream:remoteref) refs/heads/main refs/remotes/main [11ms]
2025-10-02 14:15:30.972 [warning] [Git][revParse] Unable to read file: ENOENT: no such file or directory, open '/home/as4454508/experiment1/experiment1-abhay15032008/.git/refs/remotes/origin/main'
2025-10-02 14:15:30.980 [info] > git rev-parse refs/remotes/origin/main [8ms]
2025-10-02 14:15:31.080 [info] > git status -z -uall [68ms]
2025-10-02 14:15:31.081 [info] > git for-each-ref --sort -committerdate --format %(refname)%00%(objectname)%00%(*objectname) [9ms]
2025-10-02 14:15:31.814 [info] > git show --textconv :index.html [244ms]
2025-10-02 14:15:31.814 [info] > git show --textconv HEAD:index.html [125ms]
2025-10-02 14:15:31.814 [info] > git ls-files --stage -- index.html [51ms]
2025-10-02 14:15:31.915 [info] > git hash-object -t tree /dev/null [12ms]
2025-10-02 14:15:31.916 [warning] [GitFileSystemProvider][readFile] File not found - git:/home/as4454508/experiment1/experiment1-abhay15032008/index.html.git?%7B%22path%22%3A%22%2Fhome%2Fas4454508%2Fexperiment1%2Fexperiment1-abhay15032008%2Findex.html%22%2C%22ref%22%3A%22HEAD%22%7D
2025-10-02 14:15:31.951 [info] > git cat-file -s e38d35eff59d4d4c8004ca9fed457d5f27c0867c [81ms]
2025-10-02 14:15:31.952 [info] > git ls-tree -l HEAD -- index.html [150ms]
2025-10-02 14:15:31.953 [warning] [GitFileSystemProvider][stat] File not found - git:/home/as4454508/experiment1/experiment1-abhay15032008/index.html.git?%7B%22path%22%3A%22%2Fhome%2Fas4454508%2Fexperiment1%2Fexperiment1-abhay15032008%2Findex.html%22%2C%22ref%22%3A%22HEAD%22%7D
2025-10-02 14:15:32.045 [info] > git ls-files --stage -- index.html [9ms]
2025-10-02 14:15:32.127 [info] > git cat-file -s e38d35eff59d4d4c8004ca9fed457d5f27c0867c [12ms]
2025-10-02 14:15:32.230 [info] > git blame --root --incremental 698624304ebf173df1d8057c244b44ed0e6a350d -- index.html [34ms]
2025-10-02 14:15:32.230 [info] fatal: no such path index.html in 698624304ebf173df1d8057c244b44ed0e6a350d
2025-10-02 14:15:32.238 [info] > git show --textconv :index.html [15ms]
2025-10-02 14:15:47.803 [info] > git config --get commit.template [52ms]
2025-10-02 14:15:47.835 [info] > git for-each-ref --format=%(refname)%00%(upstream:short)%00%(objectname)%00%(upstream:track)%00%(upstream:remotename)%00%(upstream:remoteref) refs/heads/main refs/remotes/main [42ms]
2025-10-02 14:15:47.998 [warning] [Git][revParse] Unable to read file: ENOENT: no such file or directory, open '/home/as4454508/experiment1/experiment1-abhay15032008/.git/refs/remotes/origin/main'
2025-10-02 14:15:48.001 [info] > git rev-parse refs/remotes/origin/main [2ms]
2025-10-02 14:15:48.084 [info] > git status -z -uall [37ms]
2025-10-02 14:15:48.085 [info] > git for-each-ref --sort -committerdate --format %(refname)%00%(objectname)%00%(*objectname) [5ms]
2025-10-02 14:15:48.226 [info] > git merge-base refs/heads/main refs/remotes/origin/main [65ms]
2025-10-02 14:15:48.288 [info] > git blame --root --incremental 7f85c8c3150a9500b9136687172b25642228cf44 -- index.html [165ms]
2025-10-02 14:15:48.360 [info] > git diff --name-status -z --diff-filter=ADMR 698624304ebf173df1d8057c244b44ed0e6a350d...refs/remotes/origin/main [73ms]
2025-10-02 14:15:48.364 [info] > git config --get commit.template [140ms]
2025-10-02 14:15:48.427 [info] > git for-each-ref --format=%(refname)%00%(upstream:short)%00%(objectname)%00%(upstream:track)%00%(upstream:remotename)%00%(upstream:remoteref) refs/heads/main refs/remotes/main [38ms]
2025-10-02 14:15:48.429 [info] > git ls-files --stage -- index.html [4ms]
2025-10-02 14:15:48.508 [warning] [Git][revParse] Unable to read file: ENOENT: no such file or directory, open '/home/as4454508/experiment1/experiment1-abhay15032008/.git/refs/remotes/origin/main'
2025-10-02 14:15:48.558 [info] > git rev-parse refs/remotes/origin/main [50ms]
2025-10-02 14:15:48.686 [info] > git cat-file -s e38d35eff59d4d4c8004ca9fed457d5f27c0867c [227ms]
2025-10-02 14:15:48.744 [info] > git status -z -uall [107ms]
2025-10-02 14:15:48.744 [info] > git for-each-ref --sort -committerdate --format %(refname)%00%(objectname)%00%(*objectname) [59ms]
2025-10-02 14:15:49.003 [info] > git show --textconv :index.html [8ms]
