2025-09-21 13:57:03.875 [info] Reading sessions from keychain...
2025-09-21 13:57:03.875 [info] Getting sessions for all scopes...
2025-09-21 13:57:03.875 [info] Got 0 sessions for ...
2025-09-21 13:57:03.875 [info] Getting sessions for all scopes...
2025-09-21 13:57:03.875 [info] Got 0 sessions for ...
2025-09-21 13:57:03.875 [info] Getting sessions for all scopes...
2025-09-21 13:57:03.875 [info] Got 0 sessions for ...
2025-09-21 13:57:03.875 [info] Getting sessions for all scopes...
2025-09-21 13:57:03.875 [info] Got 0 sessions for ...
2025-09-21 13:57:03.875 [info] Getting sessions for all scopes...
2025-09-21 13:57:03.875 [info] Got 0 sessions for ...
2025-09-21 13:57:03.875 [info] Getting sessions for all scopes...
2025-09-21 13:57:03.875 [info] Got 0 sessions for ...
2025-09-21 13:57:03.875 [info] Getting sessions for all scopes...
2025-09-21 13:57:03.875 [info] Got 0 sessions for ...
2025-09-21 13:57:03.875 [info] Getting sessions for all scopes...
2025-09-21 13:57:03.875 [info] Got 0 sessions for ...
2025-09-21 13:57:03.885 [info] Getting sessions for all scopes...
2025-09-21 13:57:03.885 [info] Got 0 sessions for ...
2025-09-21 13:57:03.885 [info] Getting sessions for all scopes...
2025-09-21 13:57:03.885 [info] Got 0 sessions for ...
2025-09-21 13:57:03.885 [info] Getting sessions for all scopes...
2025-09-21 13:57:03.885 [info] Got 0 sessions for ...
2025-09-21 13:57:03.885 [info] Getting sessions for all scopes...
2025-09-21 13:57:03.886 [info] Got 0 sessions for ...
2025-09-21 13:57:03.886 [info] Getting sessions for all scopes...
2025-09-21 13:57:03.886 [info] Got 0 sessions for ...
2025-09-21 13:57:03.886 [info] Getting sessions for all scopes...
2025-09-21 13:57:03.886 [info] Got 0 sessions for ...
2025-09-21 13:57:03.886 [info] Getting sessions for all scopes...
2025-09-21 13:57:03.886 [info] Got 0 sessions for ...
2025-09-21 13:57:03.886 [info] Getting sessions for all scopes...
2025-09-21 13:57:03.886 [info] Got 0 sessions for ...
2025-09-21 13:57:03.886 [info] Getting sessions for all scopes...
2025-09-21 13:57:03.886 [info] Got 0 sessions for ...
2025-09-21 13:57:03.886 [info] Getting sessions for all scopes...
2025-09-21 13:57:03.886 [info] Got 0 sessions for ...
2025-09-21 13:57:03.886 [info] Getting sessions for all scopes...
2025-09-21 13:57:03.886 [info] Got 0 sessions for ...
2025-09-21 13:57:03.886 [info] Getting sessions for all scopes...
2025-09-21 13:57:03.886 [info] Got 0 sessions for ...
2025-09-21 13:57:03.886 [info] Getting sessions for user:email...
2025-09-21 13:57:03.886 [info] Got 0 sessions for user:email...
2025-09-21 13:57:03.886 [info] Getting sessions for read:user,repo,user:email,workflow...
2025-09-21 13:57:03.886 [info] Got 0 sessions for read:user,repo,user:email,workflow...
2025-09-21 13:57:13.457 [info] Getting sessions for all scopes...
2025-09-21 13:57:13.457 [info] Got 0 sessions for ...
2025-09-21 13:57:13.461 [info] Getting sessions for read:user,repo,user:email,workflow...
2025-09-21 13:57:13.461 [info] Got 0 sessions for read:user,repo,user:email,workflow...
2025-09-21 13:57:13.482 [info] Getting sessions for all scopes...
2025-09-21 13:57:13.482 [info] Got 0 sessions for ...
2025-09-21 13:57:14.021 [info] Getting sessions for all scopes...
2025-09-21 13:57:14.021 [info] Got 0 sessions for ...
2025-09-21 13:57:14.778 [info] Getting sessions for read:user...
2025-09-21 13:57:14.778 [info] Got 0 sessions for read:user...
2025-09-21 13:57:14.778 [info] Getting sessions for user:email...
2025-09-21 13:57:14.778 [info] Got 0 sessions for user:email...
2025-09-21 13:57:16.095 [info] Getting sessions for all scopes...
2025-09-21 13:57:16.095 [info] Got 0 sessions for ...
2025-09-21 13:57:16.133 [info] Getting sessions for read:user,repo,user:email,workflow...
2025-09-21 13:57:16.133 [info] Got 0 sessions for read:user,repo,user:email,workflow...
2025-09-21 13:57:16.326 [info] Getting sessions for user:email...
2025-09-21 13:57:16.329 [info] Got 0 sessions for user:email...
2025-09-21 13:57:16.330 [info] Getting sessions for all scopes...
2025-09-21 13:57:16.330 [info] Got 0 sessions for ...
2025-09-21 13:57:16.356 [info] Getting sessions for all scopes...
2025-09-21 13:57:16.356 [info] Got 0 sessions for ...
2025-09-21 13:57:18.192 [info] Getting sessions for user:email...
2025-09-21 13:57:18.192 [info] Got 0 sessions for user:email...
2025-09-21 13:57:54.144 [info] Getting sessions for all scopes...
2025-09-21 13:57:54.145 [info] Got 0 sessions for ...
2025-09-21 13:57:54.355 [info] Getting sessions for user:email...
2025-09-21 13:57:54.355 [info] Got 0 sessions for user:email...
2025-09-21 13:57:54.501 [info] Getting sessions for all scopes...
2025-09-21 13:57:54.502 [info] Got 0 sessions for ...
2025-09-21 13:57:54.533 [info] Getting sessions for user:email...
2025-09-21 13:57:54.533 [info] Got 0 sessions for user:email...
2025-09-21 13:57:54.678 [info] Getting sessions for all scopes...
2025-09-21 13:57:54.678 [info] Got 0 sessions for ...
2025-09-21 13:57:54.762 [info] Getting sessions for user:email...
2025-09-21 13:57:54.762 [info] Got 0 sessions for user:email...
2025-09-21 13:57:54.831 [info] Getting sessions for all scopes...
2025-09-21 13:57:54.831 [info] Got 0 sessions for ...
2025-09-21 13:57:54.901 [info] Getting sessions for user:email...
2025-09-21 13:57:54.901 [info] Got 0 sessions for user:email...
2025-09-21 13:57:55.223 [info] Getting sessions for all scopes...
2025-09-21 13:57:55.224 [info] Got 0 sessions for ...
2025-09-21 13:57:55.454 [info] Getting sessions for all scopes...
2025-09-21 13:57:55.454 [info] Got 0 sessions for ...
2025-09-21 13:58:19.399 [info] Getting sessions for read:user,repo,user:email,workflow...
2025-09-21 13:58:19.399 [info] Got 0 sessions for read:user,repo,user:email,workflow...
