2025-10-04 23:00:22.182 [info] [main] Log level: Info
2025-10-04 23:00:22.182 [info] [main] Validating found git in: "git"
2025-10-04 23:00:22.182 [info] [main] Using git "2.39.5" from "git"
2025-10-04 23:00:22.182 [info] [Model][doInitialScan] Initial repository scan started
2025-10-04 23:00:22.182 [info] > git rev-parse --show-toplevel [547ms]
2025-10-04 23:00:22.182 [info] > git rev-parse --git-dir --git-common-dir --show-superproject-working-tree [211ms]
2025-10-04 23:00:22.182 [info] [Model][openRepository] Opened repository (path): /home/as4454508/experiment/experiment-2-abhay15032008
2025-10-04 23:00:22.182 [info] [Model][openRepository] Opened repository (real path): /home/as4454508/experiment/experiment-2-abhay15032008
2025-10-04 23:00:22.182 [info] [Model][openRepository] Opened repository (kind): repository
2025-10-04 23:00:22.182 [info] [Model][doInitialScan] Initial repository scan completed - repositories (1), closed repositories (0), parent repositories (0), unsafe repositories (0)
2025-10-04 23:00:22.199 [info] > git config --get commit.template [711ms]
2025-10-04 23:00:22.436 [info] > git for-each-ref --format=%(refname)%00%(upstream:short)%00%(objectname)%00%(upstream:track)%00%(upstream:remotename)%00%(upstream:remoteref) refs/heads/main refs/remotes/main [56ms]
2025-10-04 23:00:22.759 [warning] [Git][revParse] Unable to read file: ENOENT: no such file or directory, open '/home/as4454508/experiment/experiment-2-abhay15032008/.git/refs/remotes/origin/main'
2025-10-04 23:00:22.778 [info] > git show --textconv :index.html [216ms]
2025-10-04 23:00:23.346 [info] > git check-ignore -v -z --stdin [129ms]
2025-10-04 23:00:23.362 [info] > git hash-object -t tree /dev/null [374ms]
2025-10-04 23:00:23.362 [warning] [GitFileSystemProvider][readFile] File not found - git:/home/as4454508/experiment/experiment-2-abhay15032008/index.html.git?%7B%22path%22%3A%22%2Fhome%2Fas4454508%2Fexperiment%2Fexperiment-2-abhay15032008%2Findex.html%22%2C%22ref%22%3A%22%22%7D
2025-10-04 23:00:23.365 [info] > git rev-parse refs/remotes/origin/main [606ms]
2025-10-04 23:00:23.539 [info] > git ls-files --stage -- index.html [869ms]
2025-10-04 23:00:23.559 [warning] [GitFileSystemProvider][stat] File not found - git:/home/as4454508/experiment/experiment-2-abhay15032008/index.html.git?%7B%22path%22%3A%22%2Fhome%2Fas4454508%2Fexperiment%2Fexperiment-2-abhay15032008%2Findex.html%22%2C%22ref%22%3A%22%22%7D
2025-10-04 23:00:23.651 [info] > git status -z -uall [208ms]
2025-10-04 23:00:23.651 [info] > git for-each-ref --sort -committerdate --format %(refname)%00%(objectname)%00%(*objectname) [113ms]
2025-10-04 23:00:24.453 [info] > git for-each-ref --format=%(refname)%00%(upstream:short)%00%(objectname)%00%(upstream:track)%00%(upstream:remotename)%00%(upstream:remoteref) refs/heads/main refs/remotes/main [349ms]
2025-10-04 23:00:25.017 [info] > git config --get --local branch.main.vscode-merge-base [417ms]
2025-10-04 23:00:25.104 [info] > git config --get commit.template [679ms]
2025-10-04 23:00:25.132 [info] > git for-each-ref --format=%(refname)%00%(upstream:short)%00%(objectname)%00%(upstream:track)%00%(upstream:remotename)%00%(upstream:remoteref) refs/heads/origin/main refs/remotes/origin/main [40ms]
2025-10-04 23:00:26.889 [info] > git merge-base refs/heads/main refs/remotes/origin/main [1278ms]
2025-10-04 23:00:27.045 [info] > git diff --name-status -z --diff-filter=ADMR 486577dbd91c1ce3b35608a3c8a0f06bbb7a6335...refs/remotes/origin/main [75ms]
2025-10-04 23:00:27.047 [info] > git for-each-ref --format=%(refname)%00%(upstream:short)%00%(objectname)%00%(upstream:track)%00%(upstream:remotename)%00%(upstream:remoteref) refs/heads/main refs/remotes/main [282ms]
2025-10-04 23:00:27.190 [warning] [Git][revParse] Unable to read file: ENOENT: no such file or directory, open '/home/as4454508/experiment/experiment-2-abhay15032008/.git/refs/remotes/origin/main'
2025-10-04 23:00:27.215 [info] > git rev-parse refs/remotes/origin/main [22ms]
2025-10-04 23:00:27.520 [info] > git status -z -uall [196ms]
2025-10-04 23:00:27.609 [info] > git for-each-ref --sort -committerdate --format %(refname)%00%(objectname)%00%(*objectname) [188ms]
2025-10-04 23:00:42.000 [info] > git config --get commit.template [9ms]
2025-10-04 23:00:42.047 [info] > git for-each-ref --format=%(refname)%00%(upstream:short)%00%(objectname)%00%(upstream:track)%00%(upstream:remotename)%00%(upstream:remoteref) refs/heads/main refs/remotes/main [10ms]
2025-10-04 23:00:42.128 [warning] [Git][revParse] Unable to read file: ENOENT: no such file or directory, open '/home/as4454508/experiment/experiment-2-abhay15032008/.git/refs/remotes/origin/main'
2025-10-04 23:00:42.163 [info] > git rev-parse refs/remotes/origin/main [34ms]
2025-10-04 23:00:42.395 [info] > git status -z -uall [155ms]
2025-10-04 23:00:42.395 [info] > git for-each-ref --sort -committerdate --format %(refname)%00%(objectname)%00%(*objectname) [4ms]
2025-10-04 23:02:38.977 [info] > git config --get commit.template [35ms]
2025-10-04 23:02:38.986 [info] > git for-each-ref --format=%(refname)%00%(upstream:short)%00%(objectname)%00%(upstream:track)%00%(upstream:remotename)%00%(upstream:remoteref) refs/heads/main refs/remotes/main [18ms]
2025-10-04 23:02:39.004 [warning] [Git][revParse] Unable to read file: ENOENT: no such file or directory, open '/home/as4454508/experiment/experiment-2-abhay15032008/.git/refs/remotes/origin/main'
2025-10-04 23:02:39.007 [info] > git rev-parse refs/remotes/origin/main [3ms]
2025-10-04 23:02:39.059 [info] > git status -z -uall [32ms]
2025-10-04 23:02:39.076 [info] > git for-each-ref --sort -committerdate --format %(refname)%00%(objectname)%00%(*objectname) [23ms]
2025-10-04 23:03:10.418 [info] > git config --get commit.template [3ms]
2025-10-04 23:03:10.460 [info] > git for-each-ref --format=%(refname)%00%(upstream:short)%00%(objectname)%00%(upstream:track)%00%(upstream:remotename)%00%(upstream:remoteref) refs/heads/main refs/remotes/main [4ms]
2025-10-04 23:03:10.529 [warning] [Git][revParse] Unable to read file: ENOENT: no such file or directory, open '/home/as4454508/experiment/experiment-2-abhay15032008/.git/refs/remotes/origin/main'
2025-10-04 23:03:10.540 [info] > git rev-parse refs/remotes/origin/main [11ms]
2025-10-04 23:03:10.646 [info] > git status -z -uall [43ms]
2025-10-04 23:03:10.657 [info] > git for-each-ref --sort -committerdate --format %(refname)%00%(objectname)%00%(*objectname) [16ms]
2025-10-04 23:07:09.357 [info] > git config --get commit.template [34ms]
2025-10-04 23:07:09.364 [info] > git for-each-ref --format=%(refname)%00%(upstream:short)%00%(objectname)%00%(upstream:track)%00%(upstream:remotename)%00%(upstream:remoteref) refs/heads/main refs/remotes/main [18ms]
2025-10-04 23:07:09.392 [warning] [Git][revParse] Unable to read file: ENOENT: no such file or directory, open '/home/as4454508/experiment/experiment-2-abhay15032008/.git/refs/remotes/origin/main'
2025-10-04 23:07:09.398 [info] > git rev-parse refs/remotes/origin/main [6ms]
2025-10-04 23:07:09.456 [info] > git status -z -uall [38ms]
2025-10-04 23:07:09.461 [info] > git for-each-ref --sort -committerdate --format %(refname)%00%(objectname)%00%(*objectname) [9ms]
2025-10-04 23:13:25.693 [info] > git config --get commit.template [57ms]
2025-10-04 23:13:25.697 [info] > git for-each-ref --format=%(refname)%00%(upstream:short)%00%(objectname)%00%(upstream:track)%00%(upstream:remotename)%00%(upstream:remoteref) refs/heads/main refs/remotes/main [19ms]
2025-10-04 23:13:25.726 [warning] [Git][revParse] Unable to read file: ENOENT: no such file or directory, open '/home/as4454508/experiment/experiment-2-abhay15032008/.git/refs/remotes/origin/main'
2025-10-04 23:13:25.733 [info] > git rev-parse refs/remotes/origin/main [7ms]
2025-10-04 23:13:25.791 [info] > git status -z -uall [40ms]
2025-10-04 23:13:25.814 [info] > git for-each-ref --sort -committerdate --format %(refname)%00%(objectname)%00%(*objectname) [27ms]
2025-10-04 23:14:45.478 [info] > git config --get commit.template [49ms]
2025-10-04 23:14:45.482 [info] > git for-each-ref --format=%(refname)%00%(upstream:short)%00%(objectname)%00%(upstream:track)%00%(upstream:remotename)%00%(upstream:remoteref) refs/heads/main refs/remotes/main [5ms]
2025-10-04 23:14:45.511 [warning] [Git][revParse] Unable to read file: ENOENT: no such file or directory, open '/home/as4454508/experiment/experiment-2-abhay15032008/.git/refs/remotes/origin/main'
2025-10-04 23:14:45.514 [info] > git rev-parse refs/remotes/origin/main [4ms]
2025-10-04 23:14:45.592 [info] > git status -z -uall [49ms]
2025-10-04 23:14:45.600 [info] > git for-each-ref --sort -committerdate --format %(refname)%00%(objectname)%00%(*objectname) [14ms]
2025-10-04 23:15:47.091 [info] > git config --get commit.template [7ms]
2025-10-04 23:15:47.130 [info] > git for-each-ref --format=%(refname)%00%(upstream:short)%00%(objectname)%00%(upstream:track)%00%(upstream:remotename)%00%(upstream:remoteref) refs/heads/main refs/remotes/main [8ms]
2025-10-04 23:15:47.179 [warning] [Git][revParse] Unable to read file: ENOENT: no such file or directory, open '/home/as4454508/experiment/experiment-2-abhay15032008/.git/refs/remotes/origin/main'
2025-10-04 23:15:47.185 [info] > git rev-parse refs/remotes/origin/main [7ms]
2025-10-04 23:15:47.239 [info] > git status -z -uall [27ms]
2025-10-04 23:15:47.246 [info] > git for-each-ref --sort -committerdate --format %(refname)%00%(objectname)%00%(*objectname) [12ms]
2025-10-04 23:21:57.750 [info] > git config --get commit.template [34ms]
2025-10-04 23:21:57.753 [info] > git for-each-ref --format=%(refname)%00%(upstream:short)%00%(objectname)%00%(upstream:track)%00%(upstream:remotename)%00%(upstream:remoteref) refs/heads/main refs/remotes/main [9ms]
2025-10-04 23:21:57.773 [warning] [Git][revParse] Unable to read file: ENOENT: no such file or directory, open '/home/as4454508/experiment/experiment-2-abhay15032008/.git/refs/remotes/origin/main'
2025-10-04 23:21:57.778 [info] > git rev-parse refs/remotes/origin/main [8ms]
2025-10-04 23:21:57.820 [info] > git status -z -uall [25ms]
2025-10-04 23:21:57.826 [info] > git for-each-ref --sort -committerdate --format %(refname)%00%(objectname)%00%(*objectname) [7ms]
2025-10-04 23:22:20.157 [info] > git config --get commit.template [68ms]
2025-10-04 23:22:20.171 [info] > git for-each-ref --format=%(refname)%00%(upstream:short)%00%(objectname)%00%(upstream:track)%00%(upstream:remotename)%00%(upstream:remoteref) refs/heads/main refs/remotes/main [31ms]
2025-10-04 23:22:20.221 [warning] [Git][revParse] Unable to read file: ENOENT: no such file or directory, open '/home/as4454508/experiment/experiment-2-abhay15032008/.git/refs/remotes/origin/main'
2025-10-04 23:22:20.224 [info] > git rev-parse refs/remotes/origin/main [3ms]
2025-10-04 23:22:20.312 [info] > git status -z -uall [54ms]
2025-10-04 23:22:20.312 [info] > git for-each-ref --sort -committerdate --format %(refname)%00%(objectname)%00%(*objectname) [6ms]
2025-10-04 23:22:20.790 [info] > git show --textconv :index.html [85ms]
2025-10-04 23:22:20.790 [info] > git show --textconv HEAD:index.html [67ms]
2025-10-04 23:22:20.791 [info] > git ls-files --stage -- index.html [49ms]
2025-10-04 23:22:20.812 [warning] [GitFileSystemProvider][readFile] File not found - git:/home/as4454508/experiment/experiment-2-abhay15032008/index.html.git?%7B%22path%22%3A%22%2Fhome%2Fas4454508%2Fexperiment%2Fexperiment-2-abhay15032008%2Findex.html%22%2C%22ref%22%3A%22HEAD%22%7D
2025-10-04 23:22:20.825 [info] > git cat-file -s 7e240914726792126dfcc5eb11a589d0b1b47fae [18ms]
2025-10-04 23:22:20.829 [info] > git ls-tree -l HEAD -- index.html [55ms]
2025-10-04 23:22:20.831 [warning] [GitFileSystemProvider][stat] File not found - git:/home/as4454508/experiment/experiment-2-abhay15032008/index.html.git?%7B%22path%22%3A%22%2Fhome%2Fas4454508%2Fexperiment%2Fexperiment-2-abhay15032008%2Findex.html%22%2C%22ref%22%3A%22HEAD%22%7D
2025-10-04 23:22:20.976 [info] > git blame --root --incremental 486577dbd91c1ce3b35608a3c8a0f06bbb7a6335 -- index.html [8ms]
2025-10-04 23:22:20.976 [info] fatal: no such path index.html in 486577dbd91c1ce3b35608a3c8a0f06bbb7a6335
2025-10-04 23:22:41.199 [info] > git config --get commit.template [21ms]
2025-10-04 23:22:41.244 [info] > git for-each-ref --format=%(refname)%00%(upstream:short)%00%(objectname)%00%(upstream:track)%00%(upstream:remotename)%00%(upstream:remoteref) refs/heads/main refs/remotes/main [7ms]
2025-10-04 23:22:41.277 [warning] [Git][revParse] Unable to read file: ENOENT: no such file or directory, open '/home/as4454508/experiment/experiment-2-abhay15032008/.git/refs/remotes/origin/main'
2025-10-04 23:22:41.289 [info] > git rev-parse refs/remotes/origin/main [12ms]
2025-10-04 23:22:41.353 [info] > git status -z -uall [33ms]
2025-10-04 23:22:41.357 [info] > git for-each-ref --sort -committerdate --format %(refname)%00%(objectname)%00%(*objectname) [6ms]
2025-10-04 23:22:41.438 [info] > git merge-base refs/heads/main refs/remotes/origin/main [21ms]
2025-10-04 23:22:41.465 [info] > git blame --root --incremental 7a415387453b21540b194adaa9c0eaa7db23d5ff -- index.html [83ms]
2025-10-04 23:22:41.479 [info] > git diff --name-status -z --diff-filter=ADMR 486577dbd91c1ce3b35608a3c8a0f06bbb7a6335...refs/remotes/origin/main [14ms]
2025-10-04 23:22:58.858 [info] > git ls-files --stage -- index.html [18ms]
2025-10-04 23:22:58.886 [info] > git config --get commit.template [119ms]
2025-10-04 23:22:59.077 [info] > git cat-file -s 7e240914726792126dfcc5eb11a589d0b1b47fae [192ms]
2025-10-04 23:22:59.089 [info] > git for-each-ref --format=%(refname)%00%(upstream:short)%00%(objectname)%00%(upstream:track)%00%(upstream:remotename)%00%(upstream:remoteref) refs/heads/main refs/remotes/main [88ms]
2025-10-04 23:22:59.126 [warning] [Git][revParse] Unable to read file: ENOENT: no such file or directory, open '/home/as4454508/experiment/experiment-2-abhay15032008/.git/refs/remotes/origin/main'
2025-10-04 23:22:59.141 [info] > git rev-parse refs/remotes/origin/main [11ms]
2025-10-04 23:22:59.305 [info] > git status -z -uall [105ms]
2025-10-04 23:22:59.384 [info] > git for-each-ref --sort -committerdate --format %(refname)%00%(objectname)%00%(*objectname) [92ms]
2025-10-04 23:22:59.412 [info] > git show --textconv :index.html [33ms]
2025-10-04 23:23:06.543 [info] > git config --get commit.template [11ms]
2025-10-04 23:23:06.633 [info] > git for-each-ref --format=%(refname)%00%(upstream:short)%00%(objectname)%00%(upstream:track)%00%(upstream:remotename)%00%(upstream:remoteref) refs/heads/main refs/remotes/main [27ms]
2025-10-04 23:23:06.676 [warning] [Git][revParse] Unable to read file: ENOENT: no such file or directory, open '/home/as4454508/experiment/experiment-2-abhay15032008/.git/refs/remotes/origin/main'
2025-10-04 23:23:06.685 [info] > git rev-parse refs/remotes/origin/main [9ms]
2025-10-04 23:23:06.747 [info] > git status -z -uall [39ms]
2025-10-04 23:23:06.751 [info] > git for-each-ref --sort -committerdate --format %(refname)%00%(objectname)%00%(*objectname) [9ms]
2025-10-04 23:23:50.662 [info] [main] Log level: Info
2025-10-04 23:23:50.662 [info] [main] Validating found git in: "git"
2025-10-04 23:23:50.662 [info] [main] Using git "2.39.5" from "git"
2025-10-04 23:23:50.662 [info] [Model][doInitialScan] Initial repository scan started
2025-10-04 23:23:50.662 [info] > git rev-parse --show-toplevel [402ms]
2025-10-04 23:23:51.218 [info] > git rev-parse --git-dir --git-common-dir --show-superproject-working-tree [1010ms]
2025-10-04 23:23:51.290 [info] [Model][openRepository] Opened repository (path): /home/as4454508/experiment/experiment-2-abhay15032008
2025-10-04 23:23:51.290 [info] [Model][openRepository] Opened repository (real path): /home/as4454508/experiment/experiment-2-abhay15032008
2025-10-04 23:23:51.290 [info] [Model][openRepository] Opened repository (kind): repository
2025-10-04 23:23:51.320 [info] [Model][doInitialScan] Initial repository scan completed - repositories (1), closed repositories (0), parent repositories (0), unsafe repositories (0)
2025-10-04 23:23:52.296 [info] > git config --get commit.template [848ms]
2025-10-04 23:23:55.497 [info] > git check-ignore -v -z --stdin [1664ms]
2025-10-04 23:23:55.502 [info] > git for-each-ref --format=%(refname)%00%(upstream:short)%00%(objectname)%00%(upstream:track)%00%(upstream:remotename)%00%(upstream:remoteref) refs/heads/main refs/remotes/main [1609ms]
2025-10-04 23:23:55.595 [warning] [Git][revParse] Unable to read file: ENOENT: no such file or directory, open '/home/as4454508/experiment/experiment-2-abhay15032008/.git/refs/remotes/origin/main'
2025-10-04 23:23:55.730 [info] > git show --textconv :index.html [62ms]
2025-10-04 23:23:55.732 [info] > git ls-files --stage -- index.html [31ms]
2025-10-04 23:23:55.766 [info] > git rev-parse refs/remotes/origin/main [170ms]
2025-10-04 23:23:55.842 [info] > git status -z -uall [54ms]
2025-10-04 23:23:55.844 [info] > git for-each-ref --sort -committerdate --format %(refname)%00%(objectname)%00%(*objectname) [24ms]
2025-10-04 23:23:55.954 [info] > git cat-file -s 7e240914726792126dfcc5eb11a589d0b1b47fae [197ms]
2025-10-04 23:23:56.060 [info] > git for-each-ref --format=%(refname)%00%(upstream:short)%00%(objectname)%00%(upstream:track)%00%(upstream:remotename)%00%(upstream:remoteref) refs/heads/main refs/remotes/main [141ms]
2025-10-04 23:23:56.153 [info] > git config --get commit.template [102ms]
2025-10-04 23:23:56.487 [info] > git config --get --local branch.main.vscode-merge-base [361ms]
2025-10-04 23:23:56.548 [info] > git for-each-ref --format=%(refname)%00%(upstream:short)%00%(objectname)%00%(upstream:track)%00%(upstream:remotename)%00%(upstream:remoteref) refs/heads/main refs/remotes/main [16ms]
2025-10-04 23:23:56.549 [info] > git for-each-ref --format=%(refname)%00%(upstream:short)%00%(objectname)%00%(upstream:track)%00%(upstream:remotename)%00%(upstream:remoteref) refs/heads/origin/main refs/remotes/origin/main [42ms]
2025-10-04 23:23:56.612 [warning] [Git][revParse] Unable to read file: ENOENT: no such file or directory, open '/home/as4454508/experiment/experiment-2-abhay15032008/.git/refs/remotes/origin/main'
2025-10-04 23:23:56.633 [info] > git rev-parse refs/remotes/origin/main [21ms]
2025-10-04 23:23:56.692 [info] > git merge-base refs/heads/main refs/remotes/origin/main [106ms]
2025-10-04 23:23:56.728 [info] > git status -z -uall [70ms]
2025-10-04 23:23:56.733 [info] > git for-each-ref --sort -committerdate --format %(refname)%00%(objectname)%00%(*objectname) [42ms]
2025-10-04 23:23:56.802 [info] > git diff --name-status -z --diff-filter=ADMR 486577dbd91c1ce3b35608a3c8a0f06bbb7a6335...refs/remotes/origin/main [85ms]
2025-10-04 23:23:56.850 [info] > git merge-base refs/heads/main refs/remotes/origin/main [63ms]
2025-10-04 23:23:56.891 [info] > git blame --root --incremental 7a415387453b21540b194adaa9c0eaa7db23d5ff -- index.html [42ms]
2025-10-04 23:23:56.911 [info] > git diff --name-status -z --diff-filter=ADMR 486577dbd91c1ce3b35608a3c8a0f06bbb7a6335...refs/remotes/origin/main [24ms]
2025-10-04 23:26:19.238 [info] > git config --get commit.template [11ms]
2025-10-04 23:26:19.277 [info] > git for-each-ref --format=%(refname)%00%(upstream:short)%00%(objectname)%00%(upstream:track)%00%(upstream:remotename)%00%(upstream:remoteref) refs/heads/main refs/remotes/main [8ms]
2025-10-04 23:26:19.296 [warning] [Git][revParse] Unable to read file: ENOENT: no such file or directory, open '/home/as4454508/experiment/experiment-2-abhay15032008/.git/refs/remotes/origin/main'
2025-10-04 23:26:19.299 [info] > git rev-parse refs/remotes/origin/main [3ms]
2025-10-04 23:26:19.340 [info] > git status -z -uall [23ms]
2025-10-04 23:26:19.348 [info] > git for-each-ref --sort -committerdate --format %(refname)%00%(objectname)%00%(*objectname) [9ms]
2025-10-04 23:26:33.265 [info] > git for-each-ref --format=%(refname)%00%(upstream:short)%00%(objectname)%00%(upstream:track)%00%(upstream:remotename)%00%(upstream:remoteref) refs/heads/main refs/remotes/main [13ms]
2025-10-04 23:26:33.266 [info] > git config --get commit.template [38ms]
2025-10-04 23:26:33.292 [warning] [Git][revParse] Unable to read file: ENOENT: no such file or directory, open '/home/as4454508/experiment/experiment-2-abhay15032008/.git/refs/remotes/origin/main'
2025-10-04 23:26:33.297 [info] > git rev-parse refs/remotes/origin/main [5ms]
2025-10-04 23:26:33.342 [info] > git status -z -uall [28ms]
2025-10-04 23:26:33.343 [info] > git for-each-ref --sort -committerdate --format %(refname)%00%(objectname)%00%(*objectname) [4ms]
2025-10-04 23:26:33.396 [info] > git ls-files --stage -- index.html [8ms]
2025-10-04 23:26:33.419 [info] > git cat-file -s 7e240914726792126dfcc5eb11a589d0b1b47fae [5ms]
2025-10-04 23:26:33.455 [info] > git show --textconv :index.html [5ms]
2025-10-04 23:29:07.245 [info] > git clone https://github.com/ABES-Engineering-college1/experiment-2-abhay15032008.git /home/as4454508/experiment/experiment-2-abhay15032008-1 --progress --recursive [106660ms]
2025-10-04 23:29:07.249 [info] Cloning into '/home/as4454508/experiment/experiment-2-abhay15032008-1'...
remote: Invalid username or token. Password authentication is not supported for Git operations.
fatal: Authentication failed for 'https://github.com/ABES-Engineering-college1/experiment-2-abhay15032008.git/'
2025-10-04 23:31:36.381 [info] > git config --get commit.template [7ms]
2025-10-04 23:31:36.426 [info] > git for-each-ref --format=%(refname)%00%(upstream:short)%00%(objectname)%00%(upstream:track)%00%(upstream:remotename)%00%(upstream:remoteref) refs/heads/main refs/remotes/main [16ms]
2025-10-04 23:31:36.453 [warning] [Git][revParse] Unable to read file: ENOENT: no such file or directory, open '/home/as4454508/experiment/experiment-2-abhay15032008/.git/refs/remotes/origin/main'
2025-10-04 23:31:36.457 [info] > git rev-parse refs/remotes/origin/main [4ms]
2025-10-04 23:31:36.494 [info] > git status -z -uall [20ms]
2025-10-04 23:31:36.497 [info] > git for-each-ref --sort -committerdate --format %(refname)%00%(objectname)%00%(*objectname) [5ms]
2025-10-04 23:31:54.186 [info] > git show -s --decorate=full --shortstat --format=%H%n%aN%n%aE%n%at%n%ct%n%P%n%D%n%B -z 7a415387453b21540b194adaa9c0eaa7db23d5ff -- [18ms]
2025-10-04 23:31:54.214 [info] > git rev-list origin/main..main [4ms]
2025-10-04 23:32:25.289 [info] > git config --get commit.template [19ms]
2025-10-04 23:32:25.295 [info] > git for-each-ref --format=%(refname)%00%(upstream:short)%00%(objectname)%00%(upstream:track)%00%(upstream:remotename)%00%(upstream:remoteref) refs/heads/main refs/remotes/main [7ms]
2025-10-04 23:32:25.312 [warning] [Git][revParse] Unable to read file: ENOENT: no such file or directory, open '/home/as4454508/experiment/experiment-2-abhay15032008/.git/refs/remotes/origin/main'
2025-10-04 23:32:25.324 [info] > git rev-parse refs/remotes/origin/main [12ms]
2025-10-04 23:32:25.384 [info] > git status -z -uall [34ms]
2025-10-04 23:32:25.391 [info] > git for-each-ref --sort -committerdate --format %(refname)%00%(objectname)%00%(*objectname) [12ms]
2025-10-04 23:32:25.453 [info] > git ls-files --stage -- index.html [10ms]
2025-10-04 23:32:25.488 [info] > git cat-file -s 7e240914726792126dfcc5eb11a589d0b1b47fae [5ms]
2025-10-04 23:32:25.708 [info] > git show --textconv :index.html [10ms]
2025-10-04 23:32:42.277 [info] > git rev-list origin/main..main [3ms]
2025-10-04 23:34:18.726 [info] > git config --get commit.template [13ms]
2025-10-04 23:34:18.764 [info] > git for-each-ref --format=%(refname)%00%(upstream:short)%00%(objectname)%00%(upstream:track)%00%(upstream:remotename)%00%(upstream:remoteref) refs/heads/main refs/remotes/main [12ms]
2025-10-04 23:34:18.785 [warning] [Git][revParse] Unable to read file: ENOENT: no such file or directory, open '/home/as4454508/experiment/experiment-2-abhay15032008/.git/refs/remotes/origin/main'
2025-10-04 23:34:18.790 [info] > git rev-parse refs/remotes/origin/main [5ms]
2025-10-04 23:34:18.829 [info] > git status -z -uall [21ms]
2025-10-04 23:34:18.831 [info] > git for-each-ref --sort -committerdate --format %(refname)%00%(objectname)%00%(*objectname) [4ms]
2025-10-04 23:36:46.026 [info] > git log --oneline --cherry main...main@{upstream} -- [26ms]
2025-10-04 23:36:47.441 [info] > git ls-files --stage -- index.html [25ms]
2025-10-04 23:36:47.522 [info] > git cat-file -s 7e240914726792126dfcc5eb11a589d0b1b47fae [1ms]
2025-10-04 23:36:47.653 [info] > git show --textconv :index.html [6ms]
2025-10-04 23:36:55.715 [info] > git pull --tags origin main [9636ms]
2025-10-04 23:36:55.716 [info] remote: Repository not found.
fatal: Authentication failed for 'https://github.com/ABES-Engineering-college1/experiment-2-abhay15032008.git/'
2025-10-04 23:36:55.777 [info] > git config --get commit.template [35ms]
2025-10-04 23:36:55.787 [info] > git for-each-ref --format=%(refname)%00%(upstream:short)%00%(objectname)%00%(upstream:track)%00%(upstream:remotename)%00%(upstream:remoteref) refs/heads/main refs/remotes/main [12ms]
2025-10-04 23:36:55.814 [warning] [Git][revParse] Unable to read file: ENOENT: no such file or directory, open '/home/as4454508/experiment/experiment-2-abhay15032008/.git/refs/remotes/origin/main'
2025-10-04 23:36:55.818 [info] > git rev-parse refs/remotes/origin/main [4ms]
2025-10-04 23:36:55.901 [info] > git status -z -uall [61ms]
2025-10-04 23:36:55.908 [info] > git for-each-ref --sort -committerdate --format %(refname)%00%(objectname)%00%(*objectname) [24ms]
2025-10-04 23:37:42.807 [info] > git show --textconv :index.html [99ms]
2025-10-04 23:37:42.817 [info] > git ls-files --stage -- index.html [55ms]
2025-10-04 23:37:42.896 [info] > git cat-file -s 7e240914726792126dfcc5eb11a589d0b1b47fae [18ms]
2025-10-04 23:38:34.739 [info] > git log --oneline --cherry main...main@{upstream} -- [33ms]
2025-10-04 23:38:35.991 [info] > git ls-files --stage -- index.html [3ms]
2025-10-04 23:38:36.011 [info] > git cat-file -s 7e240914726792126dfcc5eb11a589d0b1b47fae [4ms]
2025-10-04 23:38:36.044 [info] > git show --textconv :index.html [4ms]
