2025-09-20 16:50:48.243 [info] [main] Log level: Info
2025-09-20 16:50:48.243 [info] [main] Validating found git in: "git"
2025-09-20 16:50:48.243 [info] [main] Using git "2.39.5" from "git"
2025-09-20 16:50:48.243 [info] [Model][doInitialScan] Initial repository scan started
2025-09-20 16:50:48.243 [info] > git rev-parse --show-toplevel [45ms]
2025-09-20 16:50:48.243 [info] fatal: not a git repository (or any of the parent directories): .git
2025-09-20 16:50:48.243 [info] > git rev-parse --show-toplevel [16ms]
2025-09-20 16:50:48.243 [info] fatal: not a git repository (or any of the parent directories): .git
2025-09-20 16:50:48.243 [info] > git rev-parse --show-toplevel [60ms]
2025-09-20 16:50:48.243 [info] fatal: not a git repository (or any of the parent directories): .git
2025-09-20 16:50:48.243 [info] > git rev-parse --show-toplevel [319ms]
2025-09-20 16:50:48.374 [info] > git rev-parse --git-dir --git-common-dir --show-superproject-working-tree [149ms]
2025-09-20 16:50:48.421 [info] [Model][openRepository] Opened repository (path): /home/as4454508/HTML-CSE11/HTML-CSE11
2025-09-20 16:50:48.421 [info] [Model][openRepository] Opened repository (real path): /home/as4454508/HTML-CSE11/HTML-CSE11
2025-09-20 16:50:48.421 [info] [Model][openRepository] Opened repository (kind): repository
2025-09-20 16:50:56.857 [info] > git rev-parse --show-toplevel [8401ms]
2025-09-20 16:50:56.857 [info] fatal: not a git repository (or any of the parent directories): .git
2025-09-20 16:50:56.859 [info] > git config --get commit.template [8416ms]
2025-09-20 16:50:58.347 [info] > git rev-parse --show-toplevel [751ms]
2025-09-20 16:50:58.347 [info] fatal: not a git repository (or any of the parent directories): .git
2025-09-20 16:50:58.353 [info] [Model][doInitialScan] Initial repository scan completed - repositories (1), closed repositories (0), parent repositories (0), unsafe repositories (0)
2025-09-20 16:50:58.459 [info] > git for-each-ref --format=%(refname)%00%(upstream:short)%00%(objectname)%00%(upstream:track)%00%(upstream:remotename)%00%(upstream:remoteref) refs/heads/main refs/remotes/main [323ms]
2025-09-20 16:50:59.468 [warning] [Git][revParse] Unable to read file: ENOENT: no such file or directory, open '/home/as4454508/HTML-CSE11/HTML-CSE11/.git/refs/remotes/origin/main'
2025-09-20 16:50:59.471 [info] > git check-ignore -v -z --stdin [1055ms]
2025-09-20 16:50:59.480 [info] > git rev-parse --show-toplevel [1025ms]
2025-09-20 16:50:59.481 [info] fatal: not a git repository (or any of the parent directories): .git
2025-09-20 16:50:59.512 [info] > git rev-parse refs/remotes/origin/main [45ms]
2025-09-20 16:50:59.671 [info] > git status -z -uall [143ms]
2025-09-20 16:50:59.675 [info] > git for-each-ref --sort -committerdate --format %(refname)%00%(objectname)%00%(*objectname) [116ms]
2025-09-20 16:50:59.788 [info] > git rev-parse --show-toplevel [282ms]
2025-09-20 16:50:59.788 [info] fatal: not a git repository (or any of the parent directories): .git
2025-09-20 16:51:00.846 [info] > git for-each-ref --format=%(refname)%00%(upstream:short)%00%(objectname)%00%(upstream:track)%00%(upstream:remotename)%00%(upstream:remoteref) refs/heads/main refs/remotes/main [1068ms]
2025-09-20 16:51:00.908 [info] > git config --get --local branch.main.vscode-merge-base [44ms]
2025-09-20 16:51:00.929 [info] > git config --get commit.template [87ms]
2025-09-20 16:51:00.937 [info] > git for-each-ref --format=%(refname)%00%(upstream:short)%00%(objectname)%00%(upstream:track)%00%(upstream:remotename)%00%(upstream:remoteref) refs/heads/origin/main refs/remotes/origin/main [12ms]
2025-09-20 16:51:00.992 [info] > git for-each-ref --format=%(refname)%00%(upstream:short)%00%(objectname)%00%(upstream:track)%00%(upstream:remotename)%00%(upstream:remoteref) refs/heads/main refs/remotes/main [8ms]
2025-09-20 16:51:00.993 [info] > git merge-base refs/heads/main refs/remotes/origin/main [39ms]
2025-09-20 16:51:01.110 [warning] [Git][revParse] Unable to read file: ENOENT: no such file or directory, open '/home/as4454508/HTML-CSE11/HTML-CSE11/.git/refs/remotes/origin/main'
2025-09-20 16:51:01.217 [info] > git diff --name-status -z --diff-filter=ADMR 5a445222c7dd981ab66a0231b5e86bb5eba578bd...refs/remotes/origin/main [194ms]
2025-09-20 16:51:01.492 [info] > git rev-parse refs/remotes/origin/main [384ms]
2025-09-20 16:51:01.688 [info] > git status -z -uall [111ms]
2025-09-20 16:51:01.714 [info] > git for-each-ref --sort -committerdate --format %(refname)%00%(objectname)%00%(*objectname) [39ms]
