2025-09-20 16:50:30.576 [info] Reading sessions from keychain...
2025-09-20 16:50:30.576 [info] Getting sessions for all scopes...
2025-09-20 16:50:30.576 [info] Got 0 sessions for ...
2025-09-20 16:50:30.576 [info] Getting sessions for all scopes...
2025-09-20 16:50:30.576 [info] Got 0 sessions for ...
2025-09-20 16:50:30.576 [info] Getting sessions for all scopes...
2025-09-20 16:50:30.576 [info] Got 0 sessions for ...
2025-09-20 16:50:30.576 [info] Getting sessions for all scopes...
2025-09-20 16:50:30.576 [info] Got 0 sessions for ...
2025-09-20 16:50:30.576 [info] Getting sessions for all scopes...
2025-09-20 16:50:30.576 [info] Got 0 sessions for ...
2025-09-20 16:50:30.576 [info] Getting sessions for all scopes...
2025-09-20 16:50:30.576 [info] Got 0 sessions for ...
2025-09-20 16:50:30.576 [info] Getting sessions for all scopes...
2025-09-20 16:50:30.576 [info] Got 0 sessions for ...
2025-09-20 16:50:30.576 [info] Getting sessions for all scopes...
2025-09-20 16:50:30.576 [info] Got 0 sessions for ...
2025-09-20 16:50:30.649 [info] Getting sessions for all scopes...
2025-09-20 16:50:30.652 [info] Got 0 sessions for ...
2025-09-20 16:50:30.660 [info] Getting sessions for all scopes...
2025-09-20 16:50:30.660 [info] Got 0 sessions for ...
2025-09-20 16:50:30.660 [info] Getting sessions for all scopes...
2025-09-20 16:50:30.660 [info] Got 0 sessions for ...
2025-09-20 16:50:30.672 [info] Getting sessions for all scopes...
2025-09-20 16:50:30.672 [info] Got 0 sessions for ...
2025-09-20 16:50:30.675 [info] Getting sessions for all scopes...
2025-09-20 16:50:30.676 [info] Got 0 sessions for ...
2025-09-20 16:50:30.682 [info] Getting sessions for all scopes...
2025-09-20 16:50:30.682 [info] Got 0 sessions for ...
2025-09-20 16:50:46.610 [info] Reading sessions from keychain...
2025-09-20 16:50:46.610 [info] Getting sessions for all scopes...
2025-09-20 16:50:46.610 [info] Got 0 sessions for ...
2025-09-20 16:50:46.610 [info] Getting sessions for all scopes...
2025-09-20 16:50:46.610 [info] Got 0 sessions for ...
2025-09-20 16:50:46.610 [info] Getting sessions for all scopes...
2025-09-20 16:50:46.610 [info] Got 0 sessions for ...
2025-09-20 16:50:46.610 [info] Getting sessions for all scopes...
2025-09-20 16:50:46.610 [info] Got 0 sessions for ...
2025-09-20 16:50:46.610 [info] Getting sessions for all scopes...
2025-09-20 16:50:46.610 [info] Got 0 sessions for ...
2025-09-20 16:50:46.610 [info] Getting sessions for all scopes...
2025-09-20 16:50:46.610 [info] Got 0 sessions for ...
2025-09-20 16:50:46.610 [info] Getting sessions for all scopes...
2025-09-20 16:50:46.610 [info] Got 0 sessions for ...
2025-09-20 16:50:46.610 [info] Getting sessions for all scopes...
2025-09-20 16:50:46.610 [info] Got 0 sessions for ...
2025-09-20 16:50:46.610 [info] Getting sessions for all scopes...
2025-09-20 16:50:46.610 [info] Got 0 sessions for ...
2025-09-20 16:50:46.610 [info] Getting sessions for all scopes...
2025-09-20 16:50:46.610 [info] Got 0 sessions for ...
2025-09-20 16:50:46.610 [info] Getting sessions for all scopes...
2025-09-20 16:50:46.610 [info] Got 0 sessions for ...
2025-09-20 16:50:46.610 [info] Getting sessions for all scopes...
2025-09-20 16:50:46.615 [info] Got 0 sessions for ...
2025-09-20 16:50:46.615 [info] Getting sessions for all scopes...
2025-09-20 16:50:46.615 [info] Got 0 sessions for ...
2025-09-20 16:50:46.615 [info] Getting sessions for all scopes...
2025-09-20 16:50:46.615 [info] Got 0 sessions for ...
2025-09-20 16:50:46.615 [info] Getting sessions for all scopes...
2025-09-20 16:50:46.615 [info] Got 0 sessions for ...
2025-09-20 16:50:46.615 [info] Getting sessions for all scopes...
2025-09-20 16:50:46.615 [info] Got 0 sessions for ...
2025-09-20 16:50:46.615 [info] Getting sessions for all scopes...
2025-09-20 16:50:46.615 [info] Got 0 sessions for ...
2025-09-20 16:50:46.615 [info] Getting sessions for user:email...
2025-09-20 16:50:46.615 [info] Got 0 sessions for user:email...
2025-09-20 16:50:46.615 [info] Getting sessions for read:user,repo,user:email,workflow...
2025-09-20 16:50:46.615 [info] Got 0 sessions for read:user,repo,user:email,workflow...
2025-09-20 16:50:48.269 [info] Getting sessions for all scopes...
2025-09-20 16:50:48.269 [info] Got 0 sessions for ...
2025-09-20 16:50:57.429 [info] Getting sessions for all scopes...
2025-09-20 16:50:57.429 [info] Got 0 sessions for ...
2025-09-20 16:50:57.507 [info] Getting sessions for all scopes...
2025-09-20 16:50:57.507 [info] Got 0 sessions for ...
2025-09-20 16:50:57.512 [info] Getting sessions for all scopes...
2025-09-20 16:50:57.512 [info] Got 0 sessions for ...
2025-09-20 16:50:57.513 [info] Getting sessions for all scopes...
2025-09-20 16:50:57.513 [info] Got 0 sessions for ...
2025-09-20 16:50:57.657 [info] Getting sessions for all scopes...
2025-09-20 16:50:57.657 [info] Got 0 sessions for ...
2025-09-20 16:50:58.109 [info] Getting sessions for user:email...
2025-09-20 16:50:58.109 [info] Got 0 sessions for user:email...
2025-09-20 16:50:59.568 [info] Getting sessions for all scopes...
2025-09-20 16:50:59.568 [info] Got 0 sessions for ...
2025-09-20 16:50:59.569 [info] Getting sessions for all scopes...
2025-09-20 16:50:59.569 [info] Got 0 sessions for ...
2025-09-20 16:51:00.905 [info] Getting sessions for read:user,repo,user:email,workflow...
2025-09-20 16:51:00.905 [info] Got 0 sessions for read:user,repo,user:email,workflow...
2025-09-20 16:51:00.931 [info] Getting sessions for all scopes...
2025-09-20 16:51:00.931 [info] Got 0 sessions for ...
2025-09-20 16:51:00.934 [info] Getting sessions for read:user,repo,user:email,workflow...
2025-09-20 16:51:00.934 [info] Got 0 sessions for read:user,repo,user:email,workflow...
2025-09-20 16:51:00.958 [info] Getting sessions for user:email...
2025-09-20 16:51:00.958 [info] Got 0 sessions for user:email...
2025-09-20 16:51:00.989 [info] Getting sessions for all scopes...
2025-09-20 16:51:00.989 [info] Got 0 sessions for ...
2025-09-20 16:51:01.282 [info] Getting sessions for read:user...
2025-09-20 16:51:01.282 [info] Got 0 sessions for read:user...
2025-09-20 16:51:01.678 [info] Getting sessions for all scopes...
2025-09-20 16:51:01.678 [info] Got 0 sessions for ...
2025-09-20 16:51:01.990 [info] Getting sessions for user:email...
2025-09-20 16:51:01.990 [info] Got 0 sessions for user:email...
2025-09-20 16:51:01.992 [info] Getting sessions for user:email...
2025-09-20 16:51:01.992 [info] Got 0 sessions for user:email...
2025-09-20 16:51:02.019 [info] Getting sessions for all scopes...
2025-09-20 16:51:02.020 [info] Got 0 sessions for ...
2025-09-20 16:51:02.577 [info] Getting sessions for user:email...
2025-09-20 16:51:02.577 [info] Got 0 sessions for user:email...
2025-09-20 16:51:02.655 [info] Getting sessions for all scopes...
2025-09-20 16:51:02.655 [info] Got 0 sessions for ...
2025-09-20 16:51:02.732 [info] Getting sessions for user:email...
2025-09-20 16:51:02.732 [info] Got 0 sessions for user:email...
2025-09-20 16:51:02.785 [info] Getting sessions for all scopes...
2025-09-20 16:51:02.785 [info] Got 0 sessions for ...
2025-09-20 16:51:02.817 [info] Getting sessions for user:email...
2025-09-20 16:51:02.818 [info] Got 0 sessions for user:email...
2025-09-20 16:51:02.830 [info] Getting sessions for all scopes...
2025-09-20 16:51:02.830 [info] Got 0 sessions for ...
2025-09-20 16:51:02.864 [info] Getting sessions for user:email...
2025-09-20 16:51:02.864 [info] Got 0 sessions for user:email...
2025-09-20 16:51:02.912 [info] Getting sessions for all scopes...
2025-09-20 16:51:02.912 [info] Got 0 sessions for ...
2025-09-20 16:51:02.923 [info] Getting sessions for all scopes...
2025-09-20 16:51:02.923 [info] Got 0 sessions for ...
