2025-10-04 23:00:14.691 [info] Reading sessions from keychain...
2025-10-04 23:00:14.691 [info] Getting sessions for all scopes...
2025-10-04 23:00:14.691 [info] Got 0 sessions for ...
2025-10-04 23:00:14.691 [info] Getting sessions for all scopes...
2025-10-04 23:00:14.691 [info] Got 0 sessions for ...
2025-10-04 23:00:14.691 [info] Getting sessions for all scopes...
2025-10-04 23:00:14.691 [info] Got 0 sessions for ...
2025-10-04 23:00:14.691 [info] Getting sessions for all scopes...
2025-10-04 23:00:14.691 [info] Got 0 sessions for ...
2025-10-04 23:00:14.691 [info] Getting sessions for all scopes...
2025-10-04 23:00:14.691 [info] Got 0 sessions for ...
2025-10-04 23:00:14.691 [info] Getting sessions for all scopes...
2025-10-04 23:00:14.691 [info] Got 0 sessions for ...
2025-10-04 23:00:14.691 [info] Getting sessions for all scopes...
2025-10-04 23:00:14.691 [info] Got 0 sessions for ...
2025-10-04 23:00:14.691 [info] Getting sessions for all scopes...
2025-10-04 23:00:14.691 [info] Got 0 sessions for ...
2025-10-04 23:00:14.691 [info] Getting sessions for all scopes...
2025-10-04 23:00:14.691 [info] Got 0 sessions for ...
2025-10-04 23:00:14.691 [info] Getting sessions for all scopes...
2025-10-04 23:00:14.691 [info] Got 0 sessions for ...
2025-10-04 23:00:14.691 [info] Getting sessions for all scopes...
2025-10-04 23:00:14.691 [info] Got 0 sessions for ...
2025-10-04 23:00:14.691 [info] Getting sessions for all scopes...
2025-10-04 23:00:14.691 [info] Got 0 sessions for ...
2025-10-04 23:00:14.691 [info] Getting sessions for all scopes...
2025-10-04 23:00:14.691 [info] Got 0 sessions for ...
2025-10-04 23:00:14.691 [info] Getting sessions for all scopes...
2025-10-04 23:00:14.691 [info] Got 0 sessions for ...
2025-10-04 23:00:14.691 [info] Getting sessions for all scopes...
2025-10-04 23:00:14.691 [info] Got 0 sessions for ...
2025-10-04 23:00:14.691 [info] Getting sessions for all scopes...
2025-10-04 23:00:14.691 [info] Got 0 sessions for ...
2025-10-04 23:00:14.691 [info] Getting sessions for all scopes...
2025-10-04 23:00:14.691 [info] Got 0 sessions for ...
2025-10-04 23:00:14.691 [info] Getting sessions for all scopes...
2025-10-04 23:00:14.691 [info] Got 0 sessions for ...
2025-10-04 23:00:14.691 [info] Getting sessions for all scopes...
2025-10-04 23:00:14.691 [info] Got 0 sessions for ...
2025-10-04 23:00:14.691 [info] Getting sessions for all scopes...
2025-10-04 23:00:14.691 [info] Got 0 sessions for ...
2025-10-04 23:00:14.691 [info] Getting sessions for all scopes...
2025-10-04 23:00:14.691 [info] Got 0 sessions for ...
2025-10-04 23:00:14.691 [info] Getting sessions for user:email...
2025-10-04 23:00:14.691 [info] Got 0 sessions for user:email...
2025-10-04 23:00:14.691 [info] Getting sessions for read:user,repo,user:email,workflow...
2025-10-04 23:00:14.691 [info] Got 0 sessions for read:user,repo,user:email,workflow...
2025-10-04 23:00:21.277 [info] Getting sessions for all scopes...
2025-10-04 23:00:21.277 [info] Got 0 sessions for ...
2025-10-04 23:00:21.399 [info] Getting sessions for read:user,repo,user:email,workflow...
2025-10-04 23:00:21.399 [info] Got 0 sessions for read:user,repo,user:email,workflow...
2025-10-04 23:00:22.070 [info] Getting sessions for all scopes...
2025-10-04 23:00:22.070 [info] Got 0 sessions for ...
2025-10-04 23:00:22.150 [info] Getting sessions for all scopes...
2025-10-04 23:00:22.156 [info] Got 0 sessions for ...
2025-10-04 23:00:22.157 [info] Getting sessions for all scopes...
2025-10-04 23:00:22.157 [info] Got 0 sessions for ...
2025-10-04 23:00:22.217 [info] Getting sessions for read:user...
2025-10-04 23:00:22.217 [info] Got 0 sessions for read:user...
2025-10-04 23:00:22.399 [info] Getting sessions for user:email...
2025-10-04 23:00:22.399 [info] Got 0 sessions for user:email...
2025-10-04 23:00:23.223 [info] Getting sessions for user:email...
2025-10-04 23:00:23.224 [info] Got 0 sessions for user:email...
2025-10-04 23:00:23.616 [info] Getting sessions for all scopes...
2025-10-04 23:00:23.616 [info] Got 0 sessions for ...
2025-10-04 23:00:23.618 [info] Getting sessions for all scopes...
2025-10-04 23:00:23.618 [info] Got 0 sessions for ...
2025-10-04 23:00:25.115 [info] Getting sessions for read:user,repo,user:email,workflow...
2025-10-04 23:00:25.115 [info] Got 0 sessions for read:user,repo,user:email,workflow...
2025-10-04 23:00:25.662 [info] Getting sessions for user:email...
2025-10-04 23:00:25.670 [info] Got 0 sessions for user:email...
2025-10-04 23:00:27.437 [info] Getting sessions for all scopes...
2025-10-04 23:00:27.437 [info] Got 0 sessions for ...
2025-10-04 23:00:27.684 [info] Getting sessions for user:email...
2025-10-04 23:00:27.684 [info] Got 0 sessions for user:email...
2025-10-04 23:00:28.944 [info] Getting sessions for read:user,repo,user:email,workflow...
2025-10-04 23:00:28.944 [info] Got 0 sessions for read:user,repo,user:email,workflow...
2025-10-04 23:00:28.945 [info] Getting sessions for all scopes...
2025-10-04 23:00:28.945 [info] Got 0 sessions for ...
2025-10-04 23:00:29.256 [info] Getting sessions for read:user...
2025-10-04 23:00:29.256 [info] Got 0 sessions for read:user...
2025-10-04 23:00:29.257 [info] Getting sessions for user:email...
2025-10-04 23:00:29.257 [info] Got 0 sessions for user:email...
2025-10-04 23:00:29.291 [info] Getting sessions for user:email...
2025-10-04 23:00:29.291 [info] Got 0 sessions for user:email...
2025-10-04 23:00:29.304 [info] Getting sessions for all scopes...
2025-10-04 23:00:29.304 [info] Got 0 sessions for ...
2025-10-04 23:00:29.456 [info] Getting sessions for user:email...
2025-10-04 23:00:29.456 [info] Got 0 sessions for user:email...
2025-10-04 23:00:29.575 [info] Getting sessions for all scopes...
2025-10-04 23:00:29.575 [info] Got 0 sessions for ...
2025-10-04 23:00:29.724 [info] Getting sessions for user:email...
2025-10-04 23:00:29.724 [info] Got 0 sessions for user:email...
2025-10-04 23:00:29.890 [info] Getting sessions for all scopes...
2025-10-04 23:00:29.890 [info] Got 0 sessions for ...
2025-10-04 23:00:30.001 [info] Getting sessions for all scopes...
2025-10-04 23:00:30.001 [info] Got 0 sessions for ...
2025-10-04 23:00:31.176 [info] Getting sessions for read:user,repo,user:email,workflow...
2025-10-04 23:00:31.176 [info] Got 0 sessions for read:user,repo,user:email,workflow...
2025-10-04 23:00:31.203 [info] Getting sessions for read:user...
2025-10-04 23:00:31.203 [info] Got 0 sessions for read:user...
2025-10-04 23:00:31.209 [info] Getting sessions for user:email...
2025-10-04 23:00:31.209 [info] Got 0 sessions for user:email...
2025-10-04 23:00:36.085 [info] Getting sessions for read:user,repo,user:email,workflow...
2025-10-04 23:00:36.085 [info] Got 0 sessions for read:user,repo,user:email,workflow...
2025-10-04 23:00:36.131 [info] Getting sessions for read:user...
2025-10-04 23:00:36.131 [info] Got 0 sessions for read:user...
2025-10-04 23:00:36.155 [info] Getting sessions for user:email...
2025-10-04 23:00:36.155 [info] Got 0 sessions for user:email...
2025-10-04 23:02:52.479 [info] Getting sessions for read:user,repo,user:email,workflow...
2025-10-04 23:02:52.479 [info] Got 0 sessions for read:user,repo,user:email,workflow...
2025-10-04 23:02:52.483 [info] Getting sessions for read:user...
2025-10-04 23:02:52.483 [info] Got 0 sessions for read:user...
2025-10-04 23:02:52.489 [info] Getting sessions for user:email...
2025-10-04 23:02:52.489 [info] Got 0 sessions for user:email...
2025-10-04 23:03:04.555 [info] Getting sessions for read:user,repo,user:email,workflow...
2025-10-04 23:03:04.555 [info] Got 0 sessions for read:user,repo,user:email,workflow...
2025-10-04 23:03:04.586 [info] Getting sessions for read:user...
2025-10-04 23:03:04.586 [info] Got 0 sessions for read:user...
2025-10-04 23:03:04.594 [info] Getting sessions for user:email...
2025-10-04 23:03:04.594 [info] Got 0 sessions for user:email...
2025-10-04 23:03:47.452 [info] Getting sessions for read:user,repo,user:email,workflow...
2025-10-04 23:03:47.452 [info] Got 0 sessions for read:user,repo,user:email,workflow...
2025-10-04 23:03:47.465 [info] Getting sessions for read:user...
2025-10-04 23:03:47.465 [info] Got 0 sessions for read:user...
2025-10-04 23:03:47.473 [info] Getting sessions for user:email...
2025-10-04 23:03:47.473 [info] Got 0 sessions for user:email...
2025-10-04 23:03:49.484 [info] Getting sessions for read:user,repo,user:email,workflow...
2025-10-04 23:03:49.484 [info] Got 0 sessions for read:user,repo,user:email,workflow...
2025-10-04 23:03:49.523 [info] Getting sessions for read:user...
2025-10-04 23:03:49.523 [info] Got 0 sessions for read:user...
2025-10-04 23:03:49.532 [info] Getting sessions for user:email...
2025-10-04 23:03:49.533 [info] Got 0 sessions for user:email...
2025-10-04 23:06:55.897 [info] Getting sessions for read:user,repo,user:email,workflow...
2025-10-04 23:06:55.899 [info] Got 0 sessions for read:user,repo,user:email,workflow...
2025-10-04 23:06:55.909 [info] Getting sessions for read:user...
2025-10-04 23:06:55.909 [info] Got 0 sessions for read:user...
2025-10-04 23:06:55.912 [info] Getting sessions for user:email...
2025-10-04 23:06:55.912 [info] Got 0 sessions for user:email...
2025-10-04 23:08:43.201 [info] Getting sessions for read:user,repo,user:email,workflow...
2025-10-04 23:08:43.201 [info] Got 0 sessions for read:user,repo,user:email,workflow...
2025-10-04 23:08:43.208 [info] Getting sessions for read:user...
2025-10-04 23:08:43.208 [info] Got 0 sessions for read:user...
2025-10-04 23:08:43.213 [info] Getting sessions for user:email...
2025-10-04 23:08:43.214 [info] Got 0 sessions for user:email...
2025-10-04 23:13:58.252 [info] Getting sessions for read:user,repo,user:email,workflow...
2025-10-04 23:13:58.252 [info] Got 0 sessions for read:user,repo,user:email,workflow...
2025-10-04 23:13:58.298 [info] Getting sessions for read:user...
2025-10-04 23:13:58.298 [info] Got 0 sessions for read:user...
2025-10-04 23:13:58.406 [info] Getting sessions for user:email...
2025-10-04 23:13:58.406 [info] Got 0 sessions for user:email...
2025-10-04 23:14:00.243 [info] Getting sessions for read:user,repo,user:email,workflow...
2025-10-04 23:14:00.243 [info] Got 0 sessions for read:user,repo,user:email,workflow...
2025-10-04 23:14:00.249 [info] Getting sessions for read:user...
2025-10-04 23:14:00.249 [info] Got 0 sessions for read:user...
2025-10-04 23:14:00.253 [info] Getting sessions for user:email...
2025-10-04 23:14:00.253 [info] Got 0 sessions for user:email...
2025-10-04 23:14:04.926 [info] Getting sessions for read:user,repo,user:email,workflow...
2025-10-04 23:14:04.926 [info] Got 0 sessions for read:user,repo,user:email,workflow...
2025-10-04 23:14:04.932 [info] Getting sessions for read:user...
2025-10-04 23:14:04.932 [info] Got 0 sessions for read:user...
2025-10-04 23:14:04.944 [info] Getting sessions for user:email...
2025-10-04 23:14:04.944 [info] Got 0 sessions for user:email...
2025-10-04 23:14:06.475 [info] Getting sessions for read:user,repo,user:email,workflow...
2025-10-04 23:14:06.476 [info] Got 0 sessions for read:user,repo,user:email,workflow...
2025-10-04 23:14:06.492 [info] Getting sessions for read:user...
2025-10-04 23:14:06.492 [info] Got 0 sessions for read:user...
2025-10-04 23:14:06.495 [info] Getting sessions for user:email...
2025-10-04 23:14:06.495 [info] Got 0 sessions for user:email...
2025-10-04 23:14:09.741 [info] Getting sessions for read:user,repo,user:email,workflow...
2025-10-04 23:14:09.741 [info] Got 0 sessions for read:user,repo,user:email,workflow...
2025-10-04 23:14:09.743 [info] Getting sessions for read:user...
2025-10-04 23:14:09.743 [info] Got 0 sessions for read:user...
2025-10-04 23:14:09.749 [info] Getting sessions for user:email...
2025-10-04 23:14:09.749 [info] Got 0 sessions for user:email...
2025-10-04 23:14:13.547 [info] Getting sessions for read:user,repo,user:email,workflow...
2025-10-04 23:14:13.547 [info] Got 0 sessions for read:user,repo,user:email,workflow...
2025-10-04 23:14:13.564 [info] Getting sessions for read:user...
2025-10-04 23:14:13.565 [info] Got 0 sessions for read:user...
2025-10-04 23:14:13.571 [info] Getting sessions for user:email...
2025-10-04 23:14:13.572 [info] Got 0 sessions for user:email...
2025-10-04 23:15:04.453 [info] Getting sessions for read:user,repo,user:email,workflow...
2025-10-04 23:15:04.453 [info] Got 0 sessions for read:user,repo,user:email,workflow...
2025-10-04 23:15:04.461 [info] Getting sessions for read:user...
2025-10-04 23:15:04.462 [info] Got 0 sessions for read:user...
2025-10-04 23:15:04.492 [info] Getting sessions for user:email...
2025-10-04 23:15:04.492 [info] Got 0 sessions for user:email...
2025-10-04 23:15:06.463 [info] Getting sessions for read:user,repo,user:email,workflow...
2025-10-04 23:15:06.463 [info] Got 0 sessions for read:user,repo,user:email,workflow...
2025-10-04 23:15:06.473 [info] Getting sessions for read:user...
2025-10-04 23:15:06.473 [info] Got 0 sessions for read:user...
2025-10-04 23:15:06.479 [info] Getting sessions for user:email...
2025-10-04 23:15:06.479 [info] Got 0 sessions for user:email...
2025-10-04 23:15:38.504 [info] Getting sessions for read:user,repo,user:email,workflow...
2025-10-04 23:15:38.504 [info] Got 0 sessions for read:user,repo,user:email,workflow...
2025-10-04 23:15:38.510 [info] Getting sessions for read:user...
2025-10-04 23:15:38.510 [info] Got 0 sessions for read:user...
2025-10-04 23:15:38.513 [info] Getting sessions for user:email...
2025-10-04 23:15:38.513 [info] Got 0 sessions for user:email...
2025-10-04 23:15:41.301 [info] Getting sessions for read:user,repo,user:email,workflow...
2025-10-04 23:15:41.301 [info] Got 0 sessions for read:user,repo,user:email,workflow...
2025-10-04 23:15:41.325 [info] Getting sessions for read:user...
2025-10-04 23:15:41.325 [info] Got 0 sessions for read:user...
2025-10-04 23:15:41.329 [info] Getting sessions for user:email...
2025-10-04 23:15:41.329 [info] Got 0 sessions for user:email...
2025-10-04 23:20:27.558 [info] Getting sessions for read:user,repo,user:email,workflow...
2025-10-04 23:20:27.559 [info] Got 0 sessions for read:user,repo,user:email,workflow...
2025-10-04 23:20:27.566 [info] Getting sessions for read:user...
2025-10-04 23:20:27.566 [info] Got 0 sessions for read:user...
2025-10-04 23:20:27.568 [info] Getting sessions for user:email...
2025-10-04 23:20:27.570 [info] Got 0 sessions for user:email...
2025-10-04 23:20:29.839 [info] Getting sessions for read:user,repo,user:email,workflow...
2025-10-04 23:20:29.839 [info] Got 0 sessions for read:user,repo,user:email,workflow...
2025-10-04 23:20:29.846 [info] Getting sessions for read:user...
2025-10-04 23:20:29.846 [info] Got 0 sessions for read:user...
2025-10-04 23:20:29.853 [info] Getting sessions for user:email...
2025-10-04 23:20:29.854 [info] Got 0 sessions for user:email...
2025-10-04 23:20:30.400 [info] Getting sessions for read:user,repo,user:email,workflow...
2025-10-04 23:20:30.400 [info] Got 0 sessions for read:user,repo,user:email,workflow...
2025-10-04 23:20:30.430 [info] Getting sessions for read:user...
2025-10-04 23:20:30.430 [info] Got 0 sessions for read:user...
2025-10-04 23:20:30.483 [info] Getting sessions for user:email...
2025-10-04 23:20:30.484 [info] Got 0 sessions for user:email...
2025-10-04 23:20:33.730 [info] Getting sessions for read:user,repo,user:email,workflow...
2025-10-04 23:20:33.730 [info] Got 0 sessions for read:user,repo,user:email,workflow...
2025-10-04 23:20:33.732 [info] Getting sessions for read:user...
2025-10-04 23:20:33.733 [info] Got 0 sessions for read:user...
2025-10-04 23:20:33.734 [info] Getting sessions for user:email...
2025-10-04 23:20:33.734 [info] Got 0 sessions for user:email...
2025-10-04 23:21:51.120 [info] Getting sessions for read:user,repo,user:email,workflow...
2025-10-04 23:21:51.120 [info] Got 0 sessions for read:user,repo,user:email,workflow...
2025-10-04 23:21:51.132 [info] Getting sessions for read:user...
2025-10-04 23:21:51.132 [info] Got 0 sessions for read:user...
2025-10-04 23:21:51.146 [info] Getting sessions for user:email...
2025-10-04 23:21:51.146 [info] Got 0 sessions for user:email...
2025-10-04 23:22:48.448 [info] Getting sessions for read:user,repo,user:email,workflow...
2025-10-04 23:22:48.448 [info] Got 0 sessions for read:user,repo,user:email,workflow...
2025-10-04 23:22:58.548 [info] Logging in with 'any' account...
2025-10-04 23:22:58.551 [info] Logging in for the following scopes: read:user repo user:email workflow
2025-10-04 23:22:58.898 [info] Trying with local server... (read:user repo user:email workflow)
