2025-10-01 19:39:29.035 [info] [getSessions] [all] starting
2025-10-01 19:39:29.035 [info] [getSessions] [all] returned 0 session(s)
2025-10-01 19:39:29.035 [info] [getSessions] [all] starting
2025-10-01 19:39:29.036 [info] [getSessions] [all] returned 0 session(s)
2025-10-01 19:39:29.036 [info] [getSessions] [all] starting
2025-10-01 19:39:29.036 [info] [getSessions] [all] returned 0 session(s)
2025-10-01 19:39:29.036 [info] [getSessions] [all] starting
2025-10-01 19:39:29.036 [info] [getSessions] [all] returned 0 session(s)
2025-10-01 19:39:29.116 [info] [getSessions] [499b84ac-1321-427f-aa17-267ca6975798/.default offline_access] starting
2025-10-01 19:39:29.116 [info] [aebc6443-996d-45c2-90f0-388ff96faa56] Native Broker is only available on Windows
2025-10-01 19:40:03.305 [info] [getSessions] [all] starting
2025-10-01 19:40:03.305 [info] [getSessions] [all] returned 0 session(s)
2025-10-01 19:40:03.305 [info] [getSessions] [all] starting
2025-10-01 19:40:03.305 [info] [getSessions] [all] returned 0 session(s)
2025-10-01 19:40:03.306 [info] [getSessions] [all] starting
2025-10-01 19:40:03.306 [info] [getSessions] [all] returned 0 session(s)
2025-10-01 19:40:03.306 [info] [getSessions] [all] starting
2025-10-01 19:40:03.306 [info] [getSessions] [all] returned 0 session(s)
2025-10-01 19:40:03.310 [info] [getSessions] [499b84ac-1321-427f-aa17-267ca6975798/.default offline_access] starting
2025-10-01 19:40:03.310 [info] [aebc6443-996d-45c2-90f0-388ff96faa56] Native Broker is only available on Windows
2025-10-01 19:40:08.509 [info] [getSessions] [499b84ac-1321-427f-aa17-267ca6975798/.default offline_access] returned 0 session(s)
2025-10-01 19:41:17.471 [info] [getSessions] [all] starting
2025-10-01 19:41:17.471 [info] [getSessions] [all] returned 0 session(s)
2025-10-01 19:41:17.478 [info] [getSessions] [all] starting
2025-10-01 19:41:17.478 [info] [getSessions] [all] returned 0 session(s)
2025-10-01 19:41:17.479 [info] [getSessions] [all] starting
2025-10-01 19:41:17.479 [info] [getSessions] [all] returned 0 session(s)
2025-10-01 19:41:17.481 [info] [getSessions] [all] starting
2025-10-01 19:41:17.481 [info] [getSessions] [all] returned 0 session(s)
2025-10-01 19:41:17.493 [info] [getSessions] [499b84ac-1321-427f-aa17-267ca6975798/.default offline_access] starting
2025-10-01 19:41:17.493 [info] [aebc6443-996d-45c2-90f0-388ff96faa56] Native Broker is only available on Windows
2025-10-01 19:41:23.900 [info] [getSessions] [499b84ac-1321-427f-aa17-267ca6975798/.default offline_access] returned 0 session(s)
2025-10-01 19:44:39.362 [info] [getSessions] [499b84ac-1321-427f-aa17-267ca6975798/.default offline_access] starting
2025-10-01 19:44:39.362 [info] [getSessions] [499b84ac-1321-427f-aa17-267ca6975798/.default offline_access] returned 0 session(s)
2025-10-01 19:44:41.917 [info] [getSessions] [499b84ac-1321-427f-aa17-267ca6975798/.default offline_access] starting
2025-10-01 19:44:41.917 [info] [getSessions] [499b84ac-1321-427f-aa17-267ca6975798/.default offline_access] returned 0 session(s)
